[2024-05-18T18:57:19.579+0000] {local_task_job_runner.py:120} INFO - ::group::Pre task execution logs
[2024-05-18T18:57:19.608+0000] {taskinstance.py:2076} INFO - Dependencies all met for dep_context=non-requeueable deps ti=<TaskInstance: data_loader.hello_task scheduled__2022-08-14T01:00:00+00:00 [queued]>
[2024-05-18T18:57:19.614+0000] {taskinstance.py:2076} INFO - Dependencies all met for dep_context=requeueable deps ti=<TaskInstance: data_loader.hello_task scheduled__2022-08-14T01:00:00+00:00 [queued]>
[2024-05-18T18:57:19.615+0000] {taskinstance.py:2306} INFO - Starting attempt 1 of 2
[2024-05-18T18:57:19.625+0000] {taskinstance.py:2330} INFO - Executing <Task(PythonOperator): hello_task> on 2022-08-14 01:00:00+00:00
[2024-05-18T18:57:19.630+0000] {warnings.py:110} WARNING - /home/***/.local/lib/python3.12/site-packages/***/task/task_runner/standard_task_runner.py:61: DeprecationWarning: This process (pid=150) is multi-threaded, use of fork() may lead to deadlocks in the child.
  pid = os.fork()

[2024-05-18T18:57:19.632+0000] {standard_task_runner.py:63} INFO - Started process 152 to run task
[2024-05-18T18:57:19.632+0000] {standard_task_runner.py:90} INFO - Running: ['***', 'tasks', 'run', 'data_loader', 'hello_task', 'scheduled__2022-08-14T01:00:00+00:00', '--job-id', '15', '--raw', '--subdir', 'DAGS_FOLDER/data_loader.py', '--cfg-path', '/tmp/tmp105naz2p']
[2024-05-18T18:57:19.634+0000] {standard_task_runner.py:91} INFO - Job 15: Subtask hello_task
[2024-05-18T18:57:19.667+0000] {task_command.py:426} INFO - Running <TaskInstance: data_loader.hello_task scheduled__2022-08-14T01:00:00+00:00 [running]> on host b5cbc22da81e
[2024-05-18T18:57:19.730+0000] {taskinstance.py:2648} INFO - Exporting env vars: AIRFLOW_CTX_DAG_OWNER='***' AIRFLOW_CTX_DAG_ID='data_loader' AIRFLOW_CTX_TASK_ID='hello_task' AIRFLOW_CTX_EXECUTION_DATE='2022-08-14T01:00:00+00:00' AIRFLOW_CTX_TRY_NUMBER='1' AIRFLOW_CTX_DAG_RUN_ID='scheduled__2022-08-14T01:00:00+00:00'
[2024-05-18T18:57:19.732+0000] {taskinstance.py:430} INFO - ::endgroup::
[2024-05-18T18:57:19.733+0000] {logging_mixin.py:188} INFO - 2022-08-14
[2024-05-18T18:57:19.733+0000] {python.py:237} INFO - Done. Returned value was: None
[2024-05-18T18:57:19.734+0000] {taskinstance.py:441} INFO - ::group::Post task execution logs
[2024-05-18T18:57:19.740+0000] {taskinstance.py:1206} INFO - Marking task as SUCCESS. dag_id=data_loader, task_id=hello_task, run_id=scheduled__2022-08-14T01:00:00+00:00, execution_date=20220814T010000, start_date=20240518T185719, end_date=20240518T185719
[2024-05-18T18:57:19.765+0000] {local_task_job_runner.py:240} INFO - Task exited with return code 0
[2024-05-18T18:57:19.779+0000] {taskinstance.py:3498} INFO - 0 downstream tasks scheduled from follow-on schedule check
[2024-05-18T18:57:19.781+0000] {local_task_job_runner.py:222} INFO - ::endgroup::
