[2024-05-18T19:08:00.869+0000] {local_task_job_runner.py:120} INFO - ::group::Pre task execution logs
[2024-05-18T19:08:00.885+0000] {taskinstance.py:2076} INFO - Dependencies all met for dep_context=non-requeueable deps ti=<TaskInstance: data_loader.hello_task scheduled__2022-12-13T01:00:00+00:00 [queued]>
[2024-05-18T19:08:00.891+0000] {taskinstance.py:2076} INFO - Dependencies all met for dep_context=requeueable deps ti=<TaskInstance: data_loader.hello_task scheduled__2022-12-13T01:00:00+00:00 [queued]>
[2024-05-18T19:08:00.892+0000] {taskinstance.py:2306} INFO - Starting attempt 1 of 2
[2024-05-18T19:08:00.902+0000] {taskinstance.py:2330} INFO - Executing <Task(PythonOperator): hello_task> on 2022-12-13 01:00:00+00:00
[2024-05-18T19:08:00.908+0000] {warnings.py:110} WARNING - /home/***/.local/lib/python3.12/site-packages/***/task/task_runner/standard_task_runner.py:61: DeprecationWarning: This process (pid=667) is multi-threaded, use of fork() may lead to deadlocks in the child.
  pid = os.fork()

[2024-05-18T19:08:00.909+0000] {standard_task_runner.py:63} INFO - Started process 669 to run task
[2024-05-18T19:08:00.909+0000] {standard_task_runner.py:90} INFO - Running: ['***', 'tasks', 'run', 'data_loader', 'hello_task', 'scheduled__2022-12-13T01:00:00+00:00', '--job-id', '140', '--raw', '--subdir', 'DAGS_FOLDER/data_loader.py', '--cfg-path', '/tmp/tmprv6mn46v']
[2024-05-18T19:08:00.911+0000] {standard_task_runner.py:91} INFO - Job 140: Subtask hello_task
[2024-05-18T19:08:00.951+0000] {task_command.py:426} INFO - Running <TaskInstance: data_loader.hello_task scheduled__2022-12-13T01:00:00+00:00 [running]> on host b5cbc22da81e
[2024-05-18T19:08:01.018+0000] {taskinstance.py:2648} INFO - Exporting env vars: AIRFLOW_CTX_DAG_OWNER='***' AIRFLOW_CTX_DAG_ID='data_loader' AIRFLOW_CTX_TASK_ID='hello_task' AIRFLOW_CTX_EXECUTION_DATE='2022-12-13T01:00:00+00:00' AIRFLOW_CTX_TRY_NUMBER='1' AIRFLOW_CTX_DAG_RUN_ID='scheduled__2022-12-13T01:00:00+00:00'
[2024-05-18T19:08:01.020+0000] {taskinstance.py:430} INFO - ::endgroup::
[2024-05-18T19:08:01.021+0000] {logging_mixin.py:188} INFO - 2022-12-13/
[2024-05-18T19:08:01.021+0000] {python.py:237} INFO - Done. Returned value was: None
[2024-05-18T19:08:01.022+0000] {taskinstance.py:441} INFO - ::group::Post task execution logs
[2024-05-18T19:08:01.029+0000] {taskinstance.py:1206} INFO - Marking task as SUCCESS. dag_id=data_loader, task_id=hello_task, run_id=scheduled__2022-12-13T01:00:00+00:00, execution_date=20221213T010000, start_date=20240518T190800, end_date=20240518T190801
[2024-05-18T19:08:01.043+0000] {local_task_job_runner.py:240} INFO - Task exited with return code 0
[2024-05-18T19:08:01.057+0000] {taskinstance.py:3498} INFO - 0 downstream tasks scheduled from follow-on schedule check
[2024-05-18T19:08:01.059+0000] {local_task_job_runner.py:222} INFO - ::endgroup::
