[2024-05-19T11:49:36.320+0000] {local_task_job_runner.py:120} INFO - ::group::Pre task execution logs
[2024-05-19T11:49:36.334+0000] {taskinstance.py:2076} INFO - Dependencies all met for dep_context=non-requeueable deps ti=<TaskInstance: data_loader.upload_file manual__2024-05-19T11:49:34.424585+00:00 [queued]>
[2024-05-19T11:49:36.342+0000] {taskinstance.py:2076} INFO - Dependencies all met for dep_context=requeueable deps ti=<TaskInstance: data_loader.upload_file manual__2024-05-19T11:49:34.424585+00:00 [queued]>
[2024-05-19T11:49:36.343+0000] {taskinstance.py:2306} INFO - Starting attempt 1 of 2
[2024-05-19T11:49:36.354+0000] {taskinstance.py:2330} INFO - Executing <Task(LocalFilesystemToGCSOperator): upload_file> on 2024-05-19 11:49:34.424585+00:00
[2024-05-19T11:49:36.360+0000] {warnings.py:110} WARNING - /home/***/.local/lib/python3.12/site-packages/***/task/task_runner/standard_task_runner.py:61: DeprecationWarning: This process (pid=772) is multi-threaded, use of fork() may lead to deadlocks in the child.
  pid = os.fork()

[2024-05-19T11:49:36.361+0000] {standard_task_runner.py:63} INFO - Started process 774 to run task
[2024-05-19T11:49:36.361+0000] {standard_task_runner.py:90} INFO - Running: ['***', 'tasks', 'run', 'data_loader', 'upload_file', 'manual__2024-05-19T11:49:34.424585+00:00', '--job-id', '378', '--raw', '--subdir', 'DAGS_FOLDER/data_loader.py', '--cfg-path', '/tmp/tmpz5ihcxh_']
[2024-05-19T11:49:36.364+0000] {standard_task_runner.py:91} INFO - Job 378: Subtask upload_file
[2024-05-19T11:49:36.402+0000] {task_command.py:426} INFO - Running <TaskInstance: data_loader.upload_file manual__2024-05-19T11:49:34.424585+00:00 [running]> on host a464b827924a
[2024-05-19T11:49:36.471+0000] {taskinstance.py:2648} INFO - Exporting env vars: AIRFLOW_CTX_DAG_OWNER='***' AIRFLOW_CTX_DAG_ID='data_loader' AIRFLOW_CTX_TASK_ID='upload_file' AIRFLOW_CTX_EXECUTION_DATE='2024-05-19T11:49:34.424585+00:00' AIRFLOW_CTX_TRY_NUMBER='1' AIRFLOW_CTX_DAG_RUN_ID='manual__2024-05-19T11:49:34.424585+00:00'
[2024-05-19T11:49:36.473+0000] {taskinstance.py:430} INFO - ::endgroup::
[2024-05-19T11:49:36.480+0000] {connection.py:274} WARNING - Connection schemes (type: google_cloud_platform) shall not contain '_' according to RFC3986.
[2024-05-19T11:49:36.480+0000] {base.py:84} INFO - Using connection ID 'googlecloud' for task execution.
[2024-05-19T11:49:37.478+0000] {gcs.py:556} INFO - File /opt/***/raw/sales/2022-08-09/file.json uploaded to data2.json in bucket_de_hw_10_viktor_ostapenko bucket
[2024-05-19T11:49:37.479+0000] {taskinstance.py:441} INFO - ::group::Post task execution logs
[2024-05-19T11:49:37.489+0000] {taskinstance.py:1206} INFO - Marking task as SUCCESS. dag_id=data_loader, task_id=upload_file, run_id=manual__2024-05-19T11:49:34.424585+00:00, execution_date=20240519T114934, start_date=20240519T114936, end_date=20240519T114937
[2024-05-19T11:49:37.542+0000] {local_task_job_runner.py:240} INFO - Task exited with return code 0
[2024-05-19T11:49:37.557+0000] {taskinstance.py:3498} INFO - 0 downstream tasks scheduled from follow-on schedule check
[2024-05-19T11:49:37.560+0000] {local_task_job_runner.py:222} INFO - ::endgroup::
