[2024-05-19T12:24:41.700+0000] {local_task_job_runner.py:120} INFO - ::group::Pre task execution logs
[2024-05-19T12:24:41.716+0000] {taskinstance.py:2076} INFO - Dependencies all met for dep_context=non-requeueable deps ti=<TaskInstance: data_loader.hello_task manual__2024-05-19T12:24:39.670452+00:00 [queued]>
[2024-05-19T12:24:41.722+0000] {taskinstance.py:2076} INFO - Dependencies all met for dep_context=requeueable deps ti=<TaskInstance: data_loader.hello_task manual__2024-05-19T12:24:39.670452+00:00 [queued]>
[2024-05-19T12:24:41.724+0000] {taskinstance.py:2306} INFO - Starting attempt 1 of 2
[2024-05-19T12:24:41.735+0000] {taskinstance.py:2330} INFO - Executing <Task(PythonOperator): hello_task> on 2024-05-19 12:24:39.670452+00:00
[2024-05-19T12:24:41.742+0000] {warnings.py:110} WARNING - /home/***/.local/lib/python3.12/site-packages/***/task/task_runner/standard_task_runner.py:61: DeprecationWarning: This process (pid=1231) is multi-threaded, use of fork() may lead to deadlocks in the child.
  pid = os.fork()

[2024-05-19T12:24:41.744+0000] {standard_task_runner.py:63} INFO - Started process 1235 to run task
[2024-05-19T12:24:41.744+0000] {standard_task_runner.py:90} INFO - Running: ['***', 'tasks', 'run', 'data_loader', 'hello_task', 'manual__2024-05-19T12:24:39.670452+00:00', '--job-id', '387', '--raw', '--subdir', 'DAGS_FOLDER/data_loader.py', '--cfg-path', '/tmp/tmpzpqzlvg2']
[2024-05-19T12:24:41.746+0000] {standard_task_runner.py:91} INFO - Job 387: Subtask hello_task
[2024-05-19T12:24:41.783+0000] {task_command.py:426} INFO - Running <TaskInstance: data_loader.hello_task manual__2024-05-19T12:24:39.670452+00:00 [running]> on host a464b827924a
[2024-05-19T12:24:41.825+0000] {warnings.py:110} WARNING - /home/***/.local/lib/python3.12/site-packages/***/utils/context.py:212: AirflowContextDeprecationWarning: Accessing 'execution_date' from the template is deprecated and will be removed in a future version. Please use 'data_interval_start' or 'logical_date' instead.
  warnings.warn(_create_deprecation_warning(key, self._deprecation_replacements[key]))

[2024-05-19T12:24:41.849+0000] {taskinstance.py:2648} INFO - Exporting env vars: AIRFLOW_CTX_DAG_OWNER='***' AIRFLOW_CTX_DAG_ID='data_loader' AIRFLOW_CTX_TASK_ID='hello_task' AIRFLOW_CTX_EXECUTION_DATE='2024-05-19T12:24:39.670452+00:00' AIRFLOW_CTX_TRY_NUMBER='1' AIRFLOW_CTX_DAG_RUN_ID='manual__2024-05-19T12:24:39.670452+00:00'
[2024-05-19T12:24:41.851+0000] {taskinstance.py:430} INFO - ::endgroup::
[2024-05-19T12:24:41.852+0000] {logging_mixin.py:188} INFO - bucket_de_hw_10_viktor_ostapenko ,   /opt/***/stg/sales/2024-05-19/file.avro ,   src/sales/v1/2024/05/19/file.avro
[2024-05-19T12:24:41.853+0000] {python.py:237} INFO - Done. Returned value was: None
[2024-05-19T12:24:41.854+0000] {taskinstance.py:441} INFO - ::group::Post task execution logs
[2024-05-19T12:24:41.860+0000] {taskinstance.py:1206} INFO - Marking task as SUCCESS. dag_id=data_loader, task_id=hello_task, run_id=manual__2024-05-19T12:24:39.670452+00:00, execution_date=20240519T122439, start_date=20240519T122441, end_date=20240519T122441
[2024-05-19T12:24:41.879+0000] {local_task_job_runner.py:240} INFO - Task exited with return code 0
[2024-05-19T12:24:41.891+0000] {taskinstance.py:3498} INFO - 0 downstream tasks scheduled from follow-on schedule check
[2024-05-19T12:24:41.893+0000] {local_task_job_runner.py:222} INFO - ::endgroup::
