[2024-05-18T18:52:18.297+0000] {local_task_job_runner.py:120} INFO - ::group::Pre task execution logs
[2024-05-18T18:52:18.326+0000] {taskinstance.py:2076} INFO - Dependencies all met for dep_context=non-requeueable deps ti=<TaskInstance: data_loader.hello_task scheduled__2022-08-09T01:00:00+00:00 [queued]>
[2024-05-18T18:52:18.334+0000] {taskinstance.py:2076} INFO - Dependencies all met for dep_context=requeueable deps ti=<TaskInstance: data_loader.hello_task scheduled__2022-08-09T01:00:00+00:00 [queued]>
[2024-05-18T18:52:18.335+0000] {taskinstance.py:2306} INFO - Starting attempt 1 of 2
[2024-05-18T18:52:18.349+0000] {taskinstance.py:2330} INFO - Executing <Task(PythonOperator): hello_task> on 2022-08-09 01:00:00+00:00
[2024-05-18T18:52:18.354+0000] {warnings.py:110} WARNING - /home/***/.local/lib/python3.12/site-packages/***/task/task_runner/standard_task_runner.py:61: DeprecationWarning: This process (pid=63) is multi-threaded, use of fork() may lead to deadlocks in the child.
  pid = os.fork()

[2024-05-18T18:52:18.356+0000] {standard_task_runner.py:63} INFO - Started process 65 to run task
[2024-05-18T18:52:18.355+0000] {standard_task_runner.py:90} INFO - Running: ['***', 'tasks', 'run', 'data_loader', 'hello_task', 'scheduled__2022-08-09T01:00:00+00:00', '--job-id', '7', '--raw', '--subdir', 'DAGS_FOLDER/data_loader.py', '--cfg-path', '/tmp/tmp6zsqyz1e']
[2024-05-18T18:52:18.358+0000] {standard_task_runner.py:91} INFO - Job 7: Subtask hello_task
[2024-05-18T18:52:18.403+0000] {task_command.py:426} INFO - Running <TaskInstance: data_loader.hello_task scheduled__2022-08-09T01:00:00+00:00 [running]> on host b5cbc22da81e
[2024-05-18T18:52:18.466+0000] {taskinstance.py:2648} INFO - Exporting env vars: AIRFLOW_CTX_DAG_OWNER='***' AIRFLOW_CTX_DAG_ID='data_loader' AIRFLOW_CTX_TASK_ID='hello_task' AIRFLOW_CTX_EXECUTION_DATE='2022-08-09T01:00:00+00:00' AIRFLOW_CTX_TRY_NUMBER='1' AIRFLOW_CTX_DAG_RUN_ID='scheduled__2022-08-09T01:00:00+00:00'
[2024-05-18T18:52:18.468+0000] {taskinstance.py:430} INFO - ::endgroup::
[2024-05-18T18:52:18.469+0000] {logging_mixin.py:188} INFO - Hello Airflow!
[2024-05-18T18:52:18.470+0000] {python.py:237} INFO - Done. Returned value was: None
[2024-05-18T18:52:18.471+0000] {taskinstance.py:441} INFO - ::group::Post task execution logs
[2024-05-18T18:52:18.478+0000] {taskinstance.py:1206} INFO - Marking task as SUCCESS. dag_id=data_loader, task_id=hello_task, run_id=scheduled__2022-08-09T01:00:00+00:00, execution_date=20220809T010000, start_date=20240518T185218, end_date=20240518T185218
[2024-05-18T18:52:18.491+0000] {local_task_job_runner.py:240} INFO - Task exited with return code 0
[2024-05-18T18:52:18.508+0000] {taskinstance.py:3498} INFO - 0 downstream tasks scheduled from follow-on schedule check
[2024-05-18T18:52:18.509+0000] {local_task_job_runner.py:222} INFO - ::endgroup::
[2024-05-18T18:54:37.184+0000] {local_task_job_runner.py:120} INFO - ::group::Pre task execution logs
[2024-05-18T18:54:37.200+0000] {taskinstance.py:2076} INFO - Dependencies all met for dep_context=non-requeueable deps ti=<TaskInstance: data_loader.hello_task scheduled__2022-08-09T01:00:00+00:00 [queued]>
[2024-05-18T18:54:37.205+0000] {taskinstance.py:2076} INFO - Dependencies all met for dep_context=requeueable deps ti=<TaskInstance: data_loader.hello_task scheduled__2022-08-09T01:00:00+00:00 [queued]>
[2024-05-18T18:54:37.206+0000] {taskinstance.py:2306} INFO - Starting attempt 1 of 2
[2024-05-18T18:54:37.215+0000] {taskinstance.py:2330} INFO - Executing <Task(PythonOperator): hello_task> on 2022-08-09 01:00:00+00:00
[2024-05-18T18:54:37.219+0000] {warnings.py:110} WARNING - /home/***/.local/lib/python3.12/site-packages/***/task/task_runner/standard_task_runner.py:61: DeprecationWarning: This process (pid=100) is multi-threaded, use of fork() may lead to deadlocks in the child.
  pid = os.fork()

[2024-05-18T18:54:37.221+0000] {standard_task_runner.py:63} INFO - Started process 102 to run task
[2024-05-18T18:54:37.221+0000] {standard_task_runner.py:90} INFO - Running: ['***', 'tasks', 'run', 'data_loader', 'hello_task', 'scheduled__2022-08-09T01:00:00+00:00', '--job-id', '10', '--raw', '--subdir', 'DAGS_FOLDER/data_loader.py', '--cfg-path', '/tmp/tmpv5hgb9id']
[2024-05-18T18:54:37.223+0000] {standard_task_runner.py:91} INFO - Job 10: Subtask hello_task
[2024-05-18T18:54:37.263+0000] {task_command.py:426} INFO - Running <TaskInstance: data_loader.hello_task scheduled__2022-08-09T01:00:00+00:00 [running]> on host b5cbc22da81e
[2024-05-18T18:54:37.341+0000] {taskinstance.py:2648} INFO - Exporting env vars: AIRFLOW_CTX_DAG_OWNER='***' AIRFLOW_CTX_DAG_ID='data_loader' AIRFLOW_CTX_TASK_ID='hello_task' AIRFLOW_CTX_EXECUTION_DATE='2022-08-09T01:00:00+00:00' AIRFLOW_CTX_TRY_NUMBER='1' AIRFLOW_CTX_DAG_RUN_ID='scheduled__2022-08-09T01:00:00+00:00'
[2024-05-18T18:54:37.343+0000] {taskinstance.py:430} INFO - ::endgroup::
[2024-05-18T18:54:37.344+0000] {logging_mixin.py:188} INFO - {{ ds }}/
[2024-05-18T18:54:37.344+0000] {python.py:237} INFO - Done. Returned value was: None
[2024-05-18T18:54:37.346+0000] {taskinstance.py:441} INFO - ::group::Post task execution logs
[2024-05-18T18:54:37.353+0000] {taskinstance.py:1206} INFO - Marking task as SUCCESS. dag_id=data_loader, task_id=hello_task, run_id=scheduled__2022-08-09T01:00:00+00:00, execution_date=20220809T010000, start_date=20240518T185437, end_date=20240518T185437
[2024-05-18T18:54:37.396+0000] {local_task_job_runner.py:240} INFO - Task exited with return code 0
[2024-05-18T18:54:37.410+0000] {taskinstance.py:3498} INFO - 0 downstream tasks scheduled from follow-on schedule check
[2024-05-18T18:54:37.413+0000] {local_task_job_runner.py:222} INFO - ::endgroup::
[2024-05-18T19:33:05.608+0000] {local_task_job_runner.py:120} INFO - ::group::Pre task execution logs
[2024-05-18T19:33:05.625+0000] {taskinstance.py:2076} INFO - Dependencies all met for dep_context=non-requeueable deps ti=<TaskInstance: data_loader.hello_task scheduled__2022-08-09T01:00:00+00:00 [queued]>
[2024-05-18T19:33:05.631+0000] {taskinstance.py:2076} INFO - Dependencies all met for dep_context=requeueable deps ti=<TaskInstance: data_loader.hello_task scheduled__2022-08-09T01:00:00+00:00 [queued]>
[2024-05-18T19:33:05.631+0000] {taskinstance.py:2306} INFO - Starting attempt 1 of 2
[2024-05-18T19:33:05.644+0000] {taskinstance.py:2330} INFO - Executing <Task(PythonOperator): hello_task> on 2022-08-09 01:00:00+00:00
[2024-05-18T19:33:05.650+0000] {warnings.py:110} WARNING - /home/***/.local/lib/python3.12/site-packages/***/task/task_runner/standard_task_runner.py:61: DeprecationWarning: This process (pid=1569) is multi-threaded, use of fork() may lead to deadlocks in the child.
  pid = os.fork()

[2024-05-18T19:33:05.651+0000] {standard_task_runner.py:63} INFO - Started process 1571 to run task
[2024-05-18T19:33:05.651+0000] {standard_task_runner.py:90} INFO - Running: ['***', 'tasks', 'run', 'data_loader', 'hello_task', 'scheduled__2022-08-09T01:00:00+00:00', '--job-id', '330', '--raw', '--subdir', 'DAGS_FOLDER/data_loader.py', '--cfg-path', '/tmp/tmpw1gxxcex']
[2024-05-18T19:33:05.653+0000] {standard_task_runner.py:91} INFO - Job 330: Subtask hello_task
[2024-05-18T19:33:05.692+0000] {task_command.py:426} INFO - Running <TaskInstance: data_loader.hello_task scheduled__2022-08-09T01:00:00+00:00 [running]> on host b5cbc22da81e
[2024-05-18T19:33:05.748+0000] {taskinstance.py:2648} INFO - Exporting env vars: AIRFLOW_CTX_DAG_OWNER='***' AIRFLOW_CTX_DAG_ID='data_loader' AIRFLOW_CTX_TASK_ID='hello_task' AIRFLOW_CTX_EXECUTION_DATE='2022-08-09T01:00:00+00:00' AIRFLOW_CTX_TRY_NUMBER='1' AIRFLOW_CTX_DAG_RUN_ID='scheduled__2022-08-09T01:00:00+00:00'
[2024-05-18T19:33:05.750+0000] {taskinstance.py:430} INFO - ::endgroup::
[2024-05-18T19:33:05.751+0000] {logging_mixin.py:188} INFO - 2022-08-09/
[2024-05-18T19:33:05.751+0000] {python.py:237} INFO - Done. Returned value was: None
[2024-05-18T19:33:05.752+0000] {taskinstance.py:441} INFO - ::group::Post task execution logs
[2024-05-18T19:33:05.759+0000] {taskinstance.py:1206} INFO - Marking task as SUCCESS. dag_id=data_loader, task_id=hello_task, run_id=scheduled__2022-08-09T01:00:00+00:00, execution_date=20220809T010000, start_date=20240518T193305, end_date=20240518T193305
[2024-05-18T19:33:05.787+0000] {local_task_job_runner.py:240} INFO - Task exited with return code 0
[2024-05-18T19:33:05.807+0000] {taskinstance.py:3498} INFO - 1 downstream tasks scheduled from follow-on schedule check
[2024-05-18T19:33:05.809+0000] {local_task_job_runner.py:222} INFO - ::endgroup::
[2024-05-19T12:27:22.048+0000] {local_task_job_runner.py:120} INFO - ::group::Pre task execution logs
[2024-05-19T12:27:22.093+0000] {taskinstance.py:2076} INFO - Dependencies all met for dep_context=non-requeueable deps ti=<TaskInstance: data_loader.hello_task scheduled__2022-08-09T01:00:00+00:00 [queued]>
[2024-05-19T12:27:22.116+0000] {taskinstance.py:2076} INFO - Dependencies all met for dep_context=requeueable deps ti=<TaskInstance: data_loader.hello_task scheduled__2022-08-09T01:00:00+00:00 [queued]>
[2024-05-19T12:27:22.138+0000] {taskinstance.py:2306} INFO - Starting attempt 1 of 2
[2024-05-19T12:27:22.171+0000] {taskinstance.py:2330} INFO - Executing <Task(PythonOperator): hello_task> on 2022-08-09 01:00:00+00:00
[2024-05-19T12:27:22.201+0000] {warnings.py:110} WARNING - /home/***/.local/lib/python3.12/site-packages/***/task/task_runner/standard_task_runner.py:61: DeprecationWarning: This process (pid=1278) is multi-threaded, use of fork() may lead to deadlocks in the child.
  pid = os.fork()

[2024-05-19T12:27:22.204+0000] {standard_task_runner.py:90} INFO - Running: ['***', 'tasks', 'run', 'data_loader', 'hello_task', 'scheduled__2022-08-09T01:00:00+00:00', '--job-id', '392', '--raw', '--subdir', 'DAGS_FOLDER/data_loader.py', '--cfg-path', '/tmp/tmpk8o5ex59']
[2024-05-19T12:27:22.219+0000] {standard_task_runner.py:63} INFO - Started process 1283 to run task
[2024-05-19T12:27:22.232+0000] {standard_task_runner.py:91} INFO - Job 392: Subtask hello_task
[2024-05-19T12:27:22.441+0000] {task_command.py:426} INFO - Running <TaskInstance: data_loader.hello_task scheduled__2022-08-09T01:00:00+00:00 [running]> on host a464b827924a
[2024-05-19T12:27:22.505+0000] {warnings.py:110} WARNING - /home/***/.local/lib/python3.12/site-packages/***/utils/context.py:212: AirflowContextDeprecationWarning: Accessing 'execution_date' from the template is deprecated and will be removed in a future version. Please use 'data_interval_start' or 'logical_date' instead.
  warnings.warn(_create_deprecation_warning(key, self._deprecation_replacements[key]))

[2024-05-19T12:27:22.560+0000] {taskinstance.py:2648} INFO - Exporting env vars: AIRFLOW_CTX_DAG_OWNER='***' AIRFLOW_CTX_DAG_ID='data_loader' AIRFLOW_CTX_TASK_ID='hello_task' AIRFLOW_CTX_EXECUTION_DATE='2022-08-09T01:00:00+00:00' AIRFLOW_CTX_TRY_NUMBER='1' AIRFLOW_CTX_DAG_RUN_ID='scheduled__2022-08-09T01:00:00+00:00'
[2024-05-19T12:27:22.609+0000] {taskinstance.py:430} INFO - ::endgroup::
[2024-05-19T12:27:22.643+0000] {logging_mixin.py:188} INFO - bucket_de_hw_10_viktor_ostapenko ,   /opt/***/stg/sales/2022-08-09/file.avro ,   src/sales/v1/2022/08/09/file.avro
[2024-05-19T12:27:22.686+0000] {python.py:237} INFO - Done. Returned value was: None
[2024-05-19T12:27:22.696+0000] {taskinstance.py:441} INFO - ::group::Post task execution logs
[2024-05-19T12:27:22.738+0000] {taskinstance.py:1206} INFO - Marking task as SUCCESS. dag_id=data_loader, task_id=hello_task, run_id=scheduled__2022-08-09T01:00:00+00:00, execution_date=20220809T010000, start_date=20240519T122722, end_date=20240519T122722
[2024-05-19T12:27:22.826+0000] {local_task_job_runner.py:240} INFO - Task exited with return code 0
[2024-05-19T12:27:22.865+0000] {taskinstance.py:3498} INFO - 0 downstream tasks scheduled from follow-on schedule check
[2024-05-19T12:27:22.869+0000] {local_task_job_runner.py:222} INFO - ::endgroup::
