[2024-05-19T12:27:41.609+0000] {local_task_job_runner.py:120} INFO - ::group::Pre task execution logs
[2024-05-19T12:27:41.621+0000] {taskinstance.py:2076} INFO - Dependencies all met for dep_context=non-requeueable deps ti=<TaskInstance: data_loader.upload_file scheduled__2022-08-10T01:00:00+00:00 [queued]>
[2024-05-19T12:27:41.627+0000] {taskinstance.py:2076} INFO - Dependencies all met for dep_context=requeueable deps ti=<TaskInstance: data_loader.upload_file scheduled__2022-08-10T01:00:00+00:00 [queued]>
[2024-05-19T12:27:41.628+0000] {taskinstance.py:2306} INFO - Starting attempt 1 of 2
[2024-05-19T12:27:41.639+0000] {taskinstance.py:2330} INFO - Executing <Task(LocalFilesystemToGCSOperator): upload_file> on 2022-08-10 01:00:00+00:00
[2024-05-19T12:27:41.644+0000] {warnings.py:110} WARNING - /home/***/.local/lib/python3.12/site-packages/***/task/task_runner/standard_task_runner.py:61: DeprecationWarning: This process (pid=1285) is multi-threaded, use of fork() may lead to deadlocks in the child.
  pid = os.fork()

[2024-05-19T12:27:41.646+0000] {standard_task_runner.py:63} INFO - Started process 1289 to run task
[2024-05-19T12:27:41.646+0000] {standard_task_runner.py:90} INFO - Running: ['***', 'tasks', 'run', 'data_loader', 'upload_file', 'scheduled__2022-08-10T01:00:00+00:00', '--job-id', '394', '--raw', '--subdir', 'DAGS_FOLDER/data_loader.py', '--cfg-path', '/tmp/tmpimwnligi']
[2024-05-19T12:27:41.648+0000] {standard_task_runner.py:91} INFO - Job 394: Subtask upload_file
[2024-05-19T12:27:41.687+0000] {task_command.py:426} INFO - Running <TaskInstance: data_loader.upload_file scheduled__2022-08-10T01:00:00+00:00 [running]> on host a464b827924a
[2024-05-19T12:27:41.731+0000] {warnings.py:110} WARNING - /home/***/.local/lib/python3.12/site-packages/***/utils/context.py:212: AirflowContextDeprecationWarning: Accessing 'execution_date' from the template is deprecated and will be removed in a future version. Please use 'data_interval_start' or 'logical_date' instead.
  warnings.warn(_create_deprecation_warning(key, self._deprecation_replacements[key]))

[2024-05-19T12:27:41.757+0000] {taskinstance.py:2648} INFO - Exporting env vars: AIRFLOW_CTX_DAG_OWNER='***' AIRFLOW_CTX_DAG_ID='data_loader' AIRFLOW_CTX_TASK_ID='upload_file' AIRFLOW_CTX_EXECUTION_DATE='2022-08-10T01:00:00+00:00' AIRFLOW_CTX_TRY_NUMBER='1' AIRFLOW_CTX_DAG_RUN_ID='scheduled__2022-08-10T01:00:00+00:00'
[2024-05-19T12:27:41.759+0000] {taskinstance.py:430} INFO - ::endgroup::
[2024-05-19T12:27:41.766+0000] {connection.py:274} WARNING - Connection schemes (type: google_cloud_platform) shall not contain '_' according to RFC3986.
[2024-05-19T12:27:41.768+0000] {base.py:84} INFO - Using connection ID 'googlecloud' for task execution.
[2024-05-19T12:27:42.351+0000] {gcs.py:556} INFO - File /opt/***/stg/sales/2022-08-10/file.avro uploaded to src/sales/v1/2022/08/10/file.avro in bucket_de_hw_10_viktor_ostapenko bucket
[2024-05-19T12:27:42.352+0000] {taskinstance.py:441} INFO - ::group::Post task execution logs
[2024-05-19T12:27:42.361+0000] {taskinstance.py:1206} INFO - Marking task as SUCCESS. dag_id=data_loader, task_id=upload_file, run_id=scheduled__2022-08-10T01:00:00+00:00, execution_date=20220810T010000, start_date=20240519T122741, end_date=20240519T122742
[2024-05-19T12:27:42.384+0000] {local_task_job_runner.py:240} INFO - Task exited with return code 0
[2024-05-19T12:27:42.399+0000] {taskinstance.py:3498} INFO - 0 downstream tasks scheduled from follow-on schedule check
[2024-05-19T12:27:42.402+0000] {local_task_job_runner.py:222} INFO - ::endgroup::
[2024-05-19T12:30:27.399+0000] {local_task_job_runner.py:120} INFO - ::group::Pre task execution logs
[2024-05-19T12:30:27.414+0000] {taskinstance.py:2076} INFO - Dependencies all met for dep_context=non-requeueable deps ti=<TaskInstance: data_loader.upload_file scheduled__2022-08-10T01:00:00+00:00 [queued]>
[2024-05-19T12:30:27.419+0000] {taskinstance.py:2076} INFO - Dependencies all met for dep_context=requeueable deps ti=<TaskInstance: data_loader.upload_file scheduled__2022-08-10T01:00:00+00:00 [queued]>
[2024-05-19T12:30:27.420+0000] {taskinstance.py:2306} INFO - Starting attempt 1 of 2
[2024-05-19T12:30:27.431+0000] {taskinstance.py:2330} INFO - Executing <Task(LocalFilesystemToGCSOperator): upload_file> on 2022-08-10 01:00:00+00:00
[2024-05-19T12:30:27.436+0000] {warnings.py:110} WARNING - /home/***/.local/lib/python3.12/site-packages/***/task/task_runner/standard_task_runner.py:61: DeprecationWarning: This process (pid=1340) is multi-threaded, use of fork() may lead to deadlocks in the child.
  pid = os.fork()

[2024-05-19T12:30:27.437+0000] {standard_task_runner.py:63} INFO - Started process 1342 to run task
[2024-05-19T12:30:27.437+0000] {standard_task_runner.py:90} INFO - Running: ['***', 'tasks', 'run', 'data_loader', 'upload_file', 'scheduled__2022-08-10T01:00:00+00:00', '--job-id', '398', '--raw', '--subdir', 'DAGS_FOLDER/data_loader.py', '--cfg-path', '/tmp/tmpds72rf2e']
[2024-05-19T12:30:27.439+0000] {standard_task_runner.py:91} INFO - Job 398: Subtask upload_file
[2024-05-19T12:30:27.477+0000] {task_command.py:426} INFO - Running <TaskInstance: data_loader.upload_file scheduled__2022-08-10T01:00:00+00:00 [running]> on host a464b827924a
[2024-05-19T12:30:27.519+0000] {warnings.py:110} WARNING - /home/***/.local/lib/python3.12/site-packages/***/utils/context.py:212: AirflowContextDeprecationWarning: Accessing 'execution_date' from the template is deprecated and will be removed in a future version. Please use 'data_interval_start' or 'logical_date' instead.
  warnings.warn(_create_deprecation_warning(key, self._deprecation_replacements[key]))

[2024-05-19T12:30:27.546+0000] {taskinstance.py:2648} INFO - Exporting env vars: AIRFLOW_CTX_DAG_OWNER='***' AIRFLOW_CTX_DAG_ID='data_loader' AIRFLOW_CTX_TASK_ID='upload_file' AIRFLOW_CTX_EXECUTION_DATE='2022-08-10T01:00:00+00:00' AIRFLOW_CTX_TRY_NUMBER='1' AIRFLOW_CTX_DAG_RUN_ID='scheduled__2022-08-10T01:00:00+00:00'
[2024-05-19T12:30:27.548+0000] {taskinstance.py:430} INFO - ::endgroup::
[2024-05-19T12:30:27.554+0000] {connection.py:274} WARNING - Connection schemes (type: google_cloud_platform) shall not contain '_' according to RFC3986.
[2024-05-19T12:30:27.555+0000] {base.py:84} INFO - Using connection ID 'googlecloud' for task execution.
[2024-05-19T12:30:28.135+0000] {gcs.py:556} INFO - File /opt/***/stg/sales/2022-08-10/file.avro uploaded to src/sales/v1/2022/08/10/file.avro in bucket_de_hw_10_viktor_ostapenko bucket
[2024-05-19T12:30:28.135+0000] {taskinstance.py:441} INFO - ::group::Post task execution logs
[2024-05-19T12:30:28.143+0000] {taskinstance.py:1206} INFO - Marking task as SUCCESS. dag_id=data_loader, task_id=upload_file, run_id=scheduled__2022-08-10T01:00:00+00:00, execution_date=20220810T010000, start_date=20240519T123027, end_date=20240519T123028
[2024-05-19T12:30:28.175+0000] {local_task_job_runner.py:240} INFO - Task exited with return code 0
[2024-05-19T12:30:28.190+0000] {taskinstance.py:3498} INFO - 0 downstream tasks scheduled from follow-on schedule check
[2024-05-19T12:30:28.192+0000] {local_task_job_runner.py:222} INFO - ::endgroup::
[2024-05-20T16:01:13.582+0000] {local_task_job_runner.py:120} INFO - ::group::Pre task execution logs
[2024-05-20T16:01:13.595+0000] {taskinstance.py:2076} INFO - Dependencies all met for dep_context=non-requeueable deps ti=<TaskInstance: data_loader.upload_file scheduled__2022-08-10T01:00:00+00:00 [queued]>
[2024-05-20T16:01:13.601+0000] {taskinstance.py:2076} INFO - Dependencies all met for dep_context=requeueable deps ti=<TaskInstance: data_loader.upload_file scheduled__2022-08-10T01:00:00+00:00 [queued]>
[2024-05-20T16:01:13.602+0000] {taskinstance.py:2306} INFO - Starting attempt 1 of 2
[2024-05-20T16:01:13.611+0000] {taskinstance.py:2330} INFO - Executing <Task(LocalFilesystemToGCSOperator): upload_file> on 2022-08-10 01:00:00+00:00
[2024-05-20T16:01:13.617+0000] {warnings.py:110} WARNING - /home/***/.local/lib/python3.12/site-packages/***/task/task_runner/standard_task_runner.py:61: DeprecationWarning: This process (pid=73) is multi-threaded, use of fork() may lead to deadlocks in the child.
  pid = os.fork()

[2024-05-20T16:01:13.618+0000] {standard_task_runner.py:63} INFO - Started process 75 to run task
[2024-05-20T16:01:13.618+0000] {standard_task_runner.py:90} INFO - Running: ['***', 'tasks', 'run', 'data_loader', 'upload_file', 'scheduled__2022-08-10T01:00:00+00:00', '--job-id', '402', '--raw', '--subdir', 'DAGS_FOLDER/data_loader.py', '--cfg-path', '/tmp/tmpi5h0vy4_']
[2024-05-20T16:01:13.620+0000] {standard_task_runner.py:91} INFO - Job 402: Subtask upload_file
[2024-05-20T16:01:13.653+0000] {task_command.py:426} INFO - Running <TaskInstance: data_loader.upload_file scheduled__2022-08-10T01:00:00+00:00 [running]> on host a464b827924a
[2024-05-20T16:01:13.688+0000] {warnings.py:110} WARNING - /home/***/.local/lib/python3.12/site-packages/***/utils/context.py:212: AirflowContextDeprecationWarning: Accessing 'execution_date' from the template is deprecated and will be removed in a future version. Please use 'data_interval_start' or 'logical_date' instead.
  warnings.warn(_create_deprecation_warning(key, self._deprecation_replacements[key]))

[2024-05-20T16:01:13.710+0000] {taskinstance.py:2648} INFO - Exporting env vars: AIRFLOW_CTX_DAG_OWNER='***' AIRFLOW_CTX_DAG_ID='data_loader' AIRFLOW_CTX_TASK_ID='upload_file' AIRFLOW_CTX_EXECUTION_DATE='2022-08-10T01:00:00+00:00' AIRFLOW_CTX_TRY_NUMBER='1' AIRFLOW_CTX_DAG_RUN_ID='scheduled__2022-08-10T01:00:00+00:00'
[2024-05-20T16:01:13.712+0000] {taskinstance.py:430} INFO - ::endgroup::
[2024-05-20T16:01:13.718+0000] {connection.py:274} WARNING - Connection schemes (type: google_cloud_platform) shall not contain '_' according to RFC3986.
[2024-05-20T16:01:13.718+0000] {base.py:84} INFO - Using connection ID 'googlecloud' for task execution.
[2024-05-20T16:01:14.369+0000] {gcs.py:556} INFO - File /opt/***/stg/sales/2022-08-10/file.avro uploaded to src/sales/v1/2022/08/10/file.avro in bucket_de_hw_10_viktor_ostapenko bucket
[2024-05-20T16:01:14.370+0000] {taskinstance.py:441} INFO - ::group::Post task execution logs
[2024-05-20T16:01:14.380+0000] {taskinstance.py:1206} INFO - Marking task as SUCCESS. dag_id=data_loader, task_id=upload_file, run_id=scheduled__2022-08-10T01:00:00+00:00, execution_date=20220810T010000, start_date=20240520T160113, end_date=20240520T160114
[2024-05-20T16:01:14.395+0000] {local_task_job_runner.py:240} INFO - Task exited with return code 0
[2024-05-20T16:01:14.407+0000] {taskinstance.py:3498} INFO - 0 downstream tasks scheduled from follow-on schedule check
[2024-05-20T16:01:14.409+0000] {local_task_job_runner.py:222} INFO - ::endgroup::
[2024-05-20T16:03:43.311+0000] {local_task_job_runner.py:120} INFO - ::group::Pre task execution logs
[2024-05-20T16:03:43.325+0000] {taskinstance.py:2076} INFO - Dependencies all met for dep_context=non-requeueable deps ti=<TaskInstance: data_loader.upload_file scheduled__2022-08-10T01:00:00+00:00 [queued]>
[2024-05-20T16:03:43.331+0000] {taskinstance.py:2076} INFO - Dependencies all met for dep_context=requeueable deps ti=<TaskInstance: data_loader.upload_file scheduled__2022-08-10T01:00:00+00:00 [queued]>
[2024-05-20T16:03:43.331+0000] {taskinstance.py:2306} INFO - Starting attempt 1 of 2
[2024-05-20T16:03:43.341+0000] {taskinstance.py:2330} INFO - Executing <Task(LocalFilesystemToGCSOperator): upload_file> on 2022-08-10 01:00:00+00:00
[2024-05-20T16:03:43.351+0000] {warnings.py:110} WARNING - /home/***/.local/lib/python3.12/site-packages/***/task/task_runner/standard_task_runner.py:61: DeprecationWarning: This process (pid=114) is multi-threaded, use of fork() may lead to deadlocks in the child.
  pid = os.fork()

[2024-05-20T16:03:43.354+0000] {standard_task_runner.py:63} INFO - Started process 116 to run task
[2024-05-20T16:03:43.354+0000] {standard_task_runner.py:90} INFO - Running: ['***', 'tasks', 'run', 'data_loader', 'upload_file', 'scheduled__2022-08-10T01:00:00+00:00', '--job-id', '404', '--raw', '--subdir', 'DAGS_FOLDER/data_loader.py', '--cfg-path', '/tmp/tmptn2afxcm']
[2024-05-20T16:03:43.359+0000] {standard_task_runner.py:91} INFO - Job 404: Subtask upload_file
[2024-05-20T16:03:43.417+0000] {task_command.py:426} INFO - Running <TaskInstance: data_loader.upload_file scheduled__2022-08-10T01:00:00+00:00 [running]> on host a464b827924a
[2024-05-20T16:03:43.456+0000] {warnings.py:110} WARNING - /home/***/.local/lib/python3.12/site-packages/***/utils/context.py:212: AirflowContextDeprecationWarning: Accessing 'execution_date' from the template is deprecated and will be removed in a future version. Please use 'data_interval_start' or 'logical_date' instead.
  warnings.warn(_create_deprecation_warning(key, self._deprecation_replacements[key]))

[2024-05-20T16:03:43.479+0000] {taskinstance.py:2648} INFO - Exporting env vars: AIRFLOW_CTX_DAG_OWNER='***' AIRFLOW_CTX_DAG_ID='data_loader' AIRFLOW_CTX_TASK_ID='upload_file' AIRFLOW_CTX_EXECUTION_DATE='2022-08-10T01:00:00+00:00' AIRFLOW_CTX_TRY_NUMBER='1' AIRFLOW_CTX_DAG_RUN_ID='scheduled__2022-08-10T01:00:00+00:00'
[2024-05-20T16:03:43.481+0000] {taskinstance.py:430} INFO - ::endgroup::
[2024-05-20T16:03:43.486+0000] {connection.py:274} WARNING - Connection schemes (type: google_cloud_platform) shall not contain '_' according to RFC3986.
[2024-05-20T16:03:43.487+0000] {base.py:84} INFO - Using connection ID 'googlecloud' for task execution.
[2024-05-20T16:03:44.242+0000] {gcs.py:556} INFO - File /opt/***/stg/sales/2022-08-10/file.avro uploaded to src/sales/v1/2022/08/10/file.avro in bucket_de_hw_10_viktor_ostapenko bucket
[2024-05-20T16:03:44.243+0000] {taskinstance.py:441} INFO - ::group::Post task execution logs
[2024-05-20T16:03:44.249+0000] {taskinstance.py:1206} INFO - Marking task as SUCCESS. dag_id=data_loader, task_id=upload_file, run_id=scheduled__2022-08-10T01:00:00+00:00, execution_date=20220810T010000, start_date=20240520T160343, end_date=20240520T160344
[2024-05-20T16:03:44.292+0000] {local_task_job_runner.py:240} INFO - Task exited with return code 0
[2024-05-20T16:03:44.327+0000] {taskinstance.py:3498} INFO - 0 downstream tasks scheduled from follow-on schedule check
[2024-05-20T16:03:44.332+0000] {local_task_job_runner.py:222} INFO - ::endgroup::
