[2024-05-18T18:58:25.251+0000] {local_task_job_runner.py:120} INFO - ::group::Pre task execution logs
[2024-05-18T18:58:25.267+0000] {taskinstance.py:2076} INFO - Dependencies all met for dep_context=non-requeueable deps ti=<TaskInstance: data_loader.hello_task scheduled__2022-08-16T01:00:00+00:00 [queued]>
[2024-05-18T18:58:25.274+0000] {taskinstance.py:2076} INFO - Dependencies all met for dep_context=requeueable deps ti=<TaskInstance: data_loader.hello_task scheduled__2022-08-16T01:00:00+00:00 [queued]>
[2024-05-18T18:58:25.275+0000] {taskinstance.py:2306} INFO - Starting attempt 2 of 3
[2024-05-18T18:58:25.286+0000] {taskinstance.py:2330} INFO - Executing <Task(PythonOperator): hello_task> on 2022-08-16 01:00:00+00:00
[2024-05-18T18:58:25.291+0000] {warnings.py:110} WARNING - /home/***/.local/lib/python3.12/site-packages/***/task/task_runner/standard_task_runner.py:61: DeprecationWarning: This process (pid=175) is multi-threaded, use of fork() may lead to deadlocks in the child.
  pid = os.fork()

[2024-05-18T18:58:25.293+0000] {standard_task_runner.py:63} INFO - Started process 177 to run task
[2024-05-18T18:58:25.292+0000] {standard_task_runner.py:90} INFO - Running: ['***', 'tasks', 'run', 'data_loader', 'hello_task', 'scheduled__2022-08-16T01:00:00+00:00', '--job-id', '18', '--raw', '--subdir', 'DAGS_FOLDER/data_loader.py', '--cfg-path', '/tmp/tmpeft5xrt_']
[2024-05-18T18:58:25.295+0000] {standard_task_runner.py:91} INFO - Job 18: Subtask hello_task
[2024-05-18T18:58:25.329+0000] {task_command.py:426} INFO - Running <TaskInstance: data_loader.hello_task scheduled__2022-08-16T01:00:00+00:00 [running]> on host b5cbc22da81e
[2024-05-18T18:58:25.393+0000] {taskinstance.py:2648} INFO - Exporting env vars: AIRFLOW_CTX_DAG_OWNER='***' AIRFLOW_CTX_DAG_ID='data_loader' AIRFLOW_CTX_TASK_ID='hello_task' AIRFLOW_CTX_EXECUTION_DATE='2022-08-16T01:00:00+00:00' AIRFLOW_CTX_TRY_NUMBER='2' AIRFLOW_CTX_DAG_RUN_ID='scheduled__2022-08-16T01:00:00+00:00'
[2024-05-18T18:58:25.395+0000] {taskinstance.py:430} INFO - ::endgroup::
[2024-05-18T18:58:25.396+0000] {logging_mixin.py:188} INFO - {{ ds }}
[2024-05-18T18:58:25.396+0000] {python.py:237} INFO - Done. Returned value was: None
[2024-05-18T18:58:25.397+0000] {taskinstance.py:441} INFO - ::group::Post task execution logs
[2024-05-18T18:58:25.405+0000] {taskinstance.py:1206} INFO - Marking task as SUCCESS. dag_id=data_loader, task_id=hello_task, run_id=scheduled__2022-08-16T01:00:00+00:00, execution_date=20220816T010000, start_date=20240518T185825, end_date=20240518T185825
[2024-05-18T18:58:25.427+0000] {local_task_job_runner.py:240} INFO - Task exited with return code 0
[2024-05-18T18:58:25.440+0000] {taskinstance.py:3498} INFO - 0 downstream tasks scheduled from follow-on schedule check
[2024-05-18T18:58:25.442+0000] {local_task_job_runner.py:222} INFO - ::endgroup::
