[2024-05-18T20:00:02.677+0000] {local_task_job_runner.py:120} INFO - ::group::Pre task execution logs
[2024-05-18T20:00:02.691+0000] {taskinstance.py:2076} INFO - Dependencies all met for dep_context=non-requeueable deps ti=<TaskInstance: data_loader.hello_task manual__2024-05-18T19:59:59.547851+00:00 [queued]>
[2024-05-18T20:00:02.699+0000] {taskinstance.py:2076} INFO - Dependencies all met for dep_context=requeueable deps ti=<TaskInstance: data_loader.hello_task manual__2024-05-18T19:59:59.547851+00:00 [queued]>
[2024-05-18T20:00:02.700+0000] {taskinstance.py:2306} INFO - Starting attempt 1 of 2
[2024-05-18T20:00:02.713+0000] {taskinstance.py:2330} INFO - Executing <Task(PythonOperator): hello_task> on 2024-05-18 19:59:59.547851+00:00
[2024-05-18T20:00:02.721+0000] {warnings.py:110} WARNING - /home/***/.local/lib/python3.12/site-packages/***/task/task_runner/standard_task_runner.py:61: DeprecationWarning: This process (pid=1984) is multi-threaded, use of fork() may lead to deadlocks in the child.
  pid = os.fork()

[2024-05-18T20:00:02.722+0000] {standard_task_runner.py:63} INFO - Started process 1986 to run task
[2024-05-18T20:00:02.722+0000] {standard_task_runner.py:90} INFO - Running: ['***', 'tasks', 'run', 'data_loader', 'hello_task', 'manual__2024-05-18T19:59:59.547851+00:00', '--job-id', '351', '--raw', '--subdir', 'DAGS_FOLDER/data_loader.py', '--cfg-path', '/tmp/tmppj7jxral']
[2024-05-18T20:00:02.725+0000] {standard_task_runner.py:91} INFO - Job 351: Subtask hello_task
[2024-05-18T20:00:02.763+0000] {task_command.py:426} INFO - Running <TaskInstance: data_loader.hello_task manual__2024-05-18T19:59:59.547851+00:00 [running]> on host b5cbc22da81e
[2024-05-18T20:00:02.826+0000] {taskinstance.py:2648} INFO - Exporting env vars: AIRFLOW_CTX_DAG_OWNER='***' AIRFLOW_CTX_DAG_ID='data_loader' AIRFLOW_CTX_TASK_ID='hello_task' AIRFLOW_CTX_EXECUTION_DATE='2024-05-18T19:59:59.547851+00:00' AIRFLOW_CTX_TRY_NUMBER='1' AIRFLOW_CTX_DAG_RUN_ID='manual__2024-05-18T19:59:59.547851+00:00'
[2024-05-18T20:00:02.828+0000] {taskinstance.py:430} INFO - ::endgroup::
[2024-05-18T20:00:02.829+0000] {logging_mixin.py:188} INFO - bucket_de_hw_10_viktor_ostapenko ,   data.txt ,   /data/data_example.txt
[2024-05-18T20:00:02.829+0000] {python.py:237} INFO - Done. Returned value was: None
[2024-05-18T20:00:02.830+0000] {taskinstance.py:441} INFO - ::group::Post task execution logs
[2024-05-18T20:00:02.837+0000] {taskinstance.py:1206} INFO - Marking task as SUCCESS. dag_id=data_loader, task_id=hello_task, run_id=manual__2024-05-18T19:59:59.547851+00:00, execution_date=20240518T195959, start_date=20240518T200002, end_date=20240518T200002
[2024-05-18T20:00:02.857+0000] {local_task_job_runner.py:240} INFO - Task exited with return code 0
[2024-05-18T20:00:02.879+0000] {taskinstance.py:3498} INFO - 1 downstream tasks scheduled from follow-on schedule check
[2024-05-18T20:00:02.881+0000] {local_task_job_runner.py:222} INFO - ::endgroup::
