[2024-05-18T20:48:29.555+0000] {local_task_job_runner.py:120} INFO - ::group::Pre task execution logs
[2024-05-18T20:48:29.566+0000] {taskinstance.py:2076} INFO - Dependencies all met for dep_context=non-requeueable deps ti=<TaskInstance: data_loader.hello_task manual__2024-05-18T20:48:27.231721+00:00 [queued]>
[2024-05-18T20:48:29.572+0000] {taskinstance.py:2076} INFO - Dependencies all met for dep_context=requeueable deps ti=<TaskInstance: data_loader.hello_task manual__2024-05-18T20:48:27.231721+00:00 [queued]>
[2024-05-18T20:48:29.573+0000] {taskinstance.py:2306} INFO - Starting attempt 1 of 2
[2024-05-18T20:48:29.586+0000] {taskinstance.py:2330} INFO - Executing <Task(PythonOperator): hello_task> on 2024-05-18 20:48:27.231721+00:00
[2024-05-18T20:48:29.591+0000] {warnings.py:110} WARNING - /home/***/.local/lib/python3.12/site-packages/***/task/task_runner/standard_task_runner.py:61: DeprecationWarning: This process (pid=2654) is multi-threaded, use of fork() may lead to deadlocks in the child.
  pid = os.fork()

[2024-05-18T20:48:29.593+0000] {standard_task_runner.py:63} INFO - Started process 2656 to run task
[2024-05-18T20:48:29.592+0000] {standard_task_runner.py:90} INFO - Running: ['***', 'tasks', 'run', 'data_loader', 'hello_task', 'manual__2024-05-18T20:48:27.231721+00:00', '--job-id', '363', '--raw', '--subdir', 'DAGS_FOLDER/data_loader.py', '--cfg-path', '/tmp/tmpyv_6ub55']
[2024-05-18T20:48:29.595+0000] {standard_task_runner.py:91} INFO - Job 363: Subtask hello_task
[2024-05-18T20:48:29.629+0000] {task_command.py:426} INFO - Running <TaskInstance: data_loader.hello_task manual__2024-05-18T20:48:27.231721+00:00 [running]> on host b5cbc22da81e
[2024-05-18T20:48:29.687+0000] {taskinstance.py:2648} INFO - Exporting env vars: AIRFLOW_CTX_DAG_OWNER='***' AIRFLOW_CTX_DAG_ID='data_loader' AIRFLOW_CTX_TASK_ID='hello_task' AIRFLOW_CTX_EXECUTION_DATE='2024-05-18T20:48:27.231721+00:00' AIRFLOW_CTX_TRY_NUMBER='1' AIRFLOW_CTX_DAG_RUN_ID='manual__2024-05-18T20:48:27.231721+00:00'
[2024-05-18T20:48:29.689+0000] {taskinstance.py:430} INFO - ::endgroup::
[2024-05-18T20:48:29.690+0000] {logging_mixin.py:188} INFO - bucket_de_hw_10_viktor_ostapenko ,   ./data_example.txt ,   data.txt
[2024-05-18T20:48:29.691+0000] {python.py:237} INFO - Done. Returned value was: None
[2024-05-18T20:48:29.691+0000] {taskinstance.py:441} INFO - ::group::Post task execution logs
[2024-05-18T20:48:29.698+0000] {taskinstance.py:1206} INFO - Marking task as SUCCESS. dag_id=data_loader, task_id=hello_task, run_id=manual__2024-05-18T20:48:27.231721+00:00, execution_date=20240518T204827, start_date=20240518T204829, end_date=20240518T204829
[2024-05-18T20:48:29.728+0000] {local_task_job_runner.py:240} INFO - Task exited with return code 0
[2024-05-18T20:48:29.745+0000] {taskinstance.py:3498} INFO - 1 downstream tasks scheduled from follow-on schedule check
[2024-05-18T20:48:29.748+0000] {local_task_job_runner.py:222} INFO - ::endgroup::
