[2024-05-18T18:52:22.301+0000] {local_task_job_runner.py:120} INFO - ::group::Pre task execution logs
[2024-05-18T18:52:22.319+0000] {taskinstance.py:2076} INFO - Dependencies all met for dep_context=non-requeueable deps ti=<TaskInstance: data_loader.hello_task scheduled__2022-08-10T01:00:00+00:00 [queued]>
[2024-05-18T18:52:22.325+0000] {taskinstance.py:2076} INFO - Dependencies all met for dep_context=requeueable deps ti=<TaskInstance: data_loader.hello_task scheduled__2022-08-10T01:00:00+00:00 [queued]>
[2024-05-18T18:52:22.326+0000] {taskinstance.py:2306} INFO - Starting attempt 1 of 2
[2024-05-18T18:52:22.337+0000] {taskinstance.py:2330} INFO - Executing <Task(PythonOperator): hello_task> on 2022-08-10 01:00:00+00:00
[2024-05-18T18:52:22.343+0000] {warnings.py:110} WARNING - /home/***/.local/lib/python3.12/site-packages/***/task/task_runner/standard_task_runner.py:61: DeprecationWarning: This process (pid=66) is multi-threaded, use of fork() may lead to deadlocks in the child.
  pid = os.fork()

[2024-05-18T18:52:22.345+0000] {standard_task_runner.py:63} INFO - Started process 68 to run task
[2024-05-18T18:52:22.345+0000] {standard_task_runner.py:90} INFO - Running: ['***', 'tasks', 'run', 'data_loader', 'hello_task', 'scheduled__2022-08-10T01:00:00+00:00', '--job-id', '8', '--raw', '--subdir', 'DAGS_FOLDER/data_loader.py', '--cfg-path', '/tmp/tmpkp_toml2']
[2024-05-18T18:52:22.348+0000] {standard_task_runner.py:91} INFO - Job 8: Subtask hello_task
[2024-05-18T18:52:22.392+0000] {task_command.py:426} INFO - Running <TaskInstance: data_loader.hello_task scheduled__2022-08-10T01:00:00+00:00 [running]> on host b5cbc22da81e
[2024-05-18T18:52:22.459+0000] {taskinstance.py:2648} INFO - Exporting env vars: AIRFLOW_CTX_DAG_OWNER='***' AIRFLOW_CTX_DAG_ID='data_loader' AIRFLOW_CTX_TASK_ID='hello_task' AIRFLOW_CTX_EXECUTION_DATE='2022-08-10T01:00:00+00:00' AIRFLOW_CTX_TRY_NUMBER='1' AIRFLOW_CTX_DAG_RUN_ID='scheduled__2022-08-10T01:00:00+00:00'
[2024-05-18T18:52:22.461+0000] {taskinstance.py:430} INFO - ::endgroup::
[2024-05-18T18:52:22.462+0000] {logging_mixin.py:188} INFO - Hello Airflow!
[2024-05-18T18:52:22.463+0000] {python.py:237} INFO - Done. Returned value was: None
[2024-05-18T18:52:22.464+0000] {taskinstance.py:441} INFO - ::group::Post task execution logs
[2024-05-18T18:52:22.471+0000] {taskinstance.py:1206} INFO - Marking task as SUCCESS. dag_id=data_loader, task_id=hello_task, run_id=scheduled__2022-08-10T01:00:00+00:00, execution_date=20220810T010000, start_date=20240518T185222, end_date=20240518T185222
[2024-05-18T18:52:22.519+0000] {local_task_job_runner.py:240} INFO - Task exited with return code 0
[2024-05-18T18:52:22.553+0000] {taskinstance.py:3498} INFO - 0 downstream tasks scheduled from follow-on schedule check
[2024-05-18T18:52:22.555+0000] {local_task_job_runner.py:222} INFO - ::endgroup::
[2024-05-18T18:55:01.325+0000] {local_task_job_runner.py:120} INFO - ::group::Pre task execution logs
[2024-05-18T18:55:01.349+0000] {taskinstance.py:2076} INFO - Dependencies all met for dep_context=non-requeueable deps ti=<TaskInstance: data_loader.hello_task scheduled__2022-08-10T01:00:00+00:00 [queued]>
[2024-05-18T18:55:01.355+0000] {taskinstance.py:2076} INFO - Dependencies all met for dep_context=requeueable deps ti=<TaskInstance: data_loader.hello_task scheduled__2022-08-10T01:00:00+00:00 [queued]>
[2024-05-18T18:55:01.356+0000] {taskinstance.py:2306} INFO - Starting attempt 1 of 2
[2024-05-18T18:55:01.366+0000] {taskinstance.py:2330} INFO - Executing <Task(PythonOperator): hello_task> on 2022-08-10 01:00:00+00:00
[2024-05-18T18:55:01.371+0000] {warnings.py:110} WARNING - /home/***/.local/lib/python3.12/site-packages/***/task/task_runner/standard_task_runner.py:61: DeprecationWarning: This process (pid=110) is multi-threaded, use of fork() may lead to deadlocks in the child.
  pid = os.fork()

[2024-05-18T18:55:01.372+0000] {standard_task_runner.py:63} INFO - Started process 112 to run task
[2024-05-18T18:55:01.372+0000] {standard_task_runner.py:90} INFO - Running: ['***', 'tasks', 'run', 'data_loader', 'hello_task', 'scheduled__2022-08-10T01:00:00+00:00', '--job-id', '11', '--raw', '--subdir', 'DAGS_FOLDER/data_loader.py', '--cfg-path', '/tmp/tmpv_1tbbf9']
[2024-05-18T18:55:01.375+0000] {standard_task_runner.py:91} INFO - Job 11: Subtask hello_task
[2024-05-18T18:55:01.412+0000] {task_command.py:426} INFO - Running <TaskInstance: data_loader.hello_task scheduled__2022-08-10T01:00:00+00:00 [running]> on host b5cbc22da81e
[2024-05-18T18:55:01.474+0000] {taskinstance.py:2648} INFO - Exporting env vars: AIRFLOW_CTX_DAG_OWNER='***' AIRFLOW_CTX_DAG_ID='data_loader' AIRFLOW_CTX_TASK_ID='hello_task' AIRFLOW_CTX_EXECUTION_DATE='2022-08-10T01:00:00+00:00' AIRFLOW_CTX_TRY_NUMBER='1' AIRFLOW_CTX_DAG_RUN_ID='scheduled__2022-08-10T01:00:00+00:00'
[2024-05-18T18:55:01.476+0000] {taskinstance.py:430} INFO - ::endgroup::
[2024-05-18T18:55:01.477+0000] {logging_mixin.py:188} INFO - {{ ds }}/
[2024-05-18T18:55:01.477+0000] {python.py:237} INFO - Done. Returned value was: None
[2024-05-18T18:55:01.478+0000] {taskinstance.py:441} INFO - ::group::Post task execution logs
[2024-05-18T18:55:01.483+0000] {taskinstance.py:1206} INFO - Marking task as SUCCESS. dag_id=data_loader, task_id=hello_task, run_id=scheduled__2022-08-10T01:00:00+00:00, execution_date=20220810T010000, start_date=20240518T185501, end_date=20240518T185501
[2024-05-18T18:55:01.507+0000] {local_task_job_runner.py:240} INFO - Task exited with return code 0
[2024-05-18T18:55:01.519+0000] {taskinstance.py:3498} INFO - 0 downstream tasks scheduled from follow-on schedule check
[2024-05-18T18:55:01.521+0000] {local_task_job_runner.py:222} INFO - ::endgroup::
[2024-05-19T12:27:41.595+0000] {local_task_job_runner.py:120} INFO - ::group::Pre task execution logs
[2024-05-19T12:27:41.608+0000] {taskinstance.py:2076} INFO - Dependencies all met for dep_context=non-requeueable deps ti=<TaskInstance: data_loader.hello_task scheduled__2022-08-10T01:00:00+00:00 [queued]>
[2024-05-19T12:27:41.616+0000] {taskinstance.py:2076} INFO - Dependencies all met for dep_context=requeueable deps ti=<TaskInstance: data_loader.hello_task scheduled__2022-08-10T01:00:00+00:00 [queued]>
[2024-05-19T12:27:41.617+0000] {taskinstance.py:2306} INFO - Starting attempt 1 of 2
[2024-05-19T12:27:41.629+0000] {taskinstance.py:2330} INFO - Executing <Task(PythonOperator): hello_task> on 2022-08-10 01:00:00+00:00
[2024-05-19T12:27:41.635+0000] {warnings.py:110} WARNING - /home/***/.local/lib/python3.12/site-packages/***/task/task_runner/standard_task_runner.py:61: DeprecationWarning: This process (pid=1284) is multi-threaded, use of fork() may lead to deadlocks in the child.
  pid = os.fork()

[2024-05-19T12:27:41.637+0000] {standard_task_runner.py:63} INFO - Started process 1288 to run task
[2024-05-19T12:27:41.636+0000] {standard_task_runner.py:90} INFO - Running: ['***', 'tasks', 'run', 'data_loader', 'hello_task', 'scheduled__2022-08-10T01:00:00+00:00', '--job-id', '393', '--raw', '--subdir', 'DAGS_FOLDER/data_loader.py', '--cfg-path', '/tmp/tmpx2wj9rhh']
[2024-05-19T12:27:41.638+0000] {standard_task_runner.py:91} INFO - Job 393: Subtask hello_task
[2024-05-19T12:27:41.679+0000] {task_command.py:426} INFO - Running <TaskInstance: data_loader.hello_task scheduled__2022-08-10T01:00:00+00:00 [running]> on host a464b827924a
[2024-05-19T12:27:41.724+0000] {warnings.py:110} WARNING - /home/***/.local/lib/python3.12/site-packages/***/utils/context.py:212: AirflowContextDeprecationWarning: Accessing 'execution_date' from the template is deprecated and will be removed in a future version. Please use 'data_interval_start' or 'logical_date' instead.
  warnings.warn(_create_deprecation_warning(key, self._deprecation_replacements[key]))

[2024-05-19T12:27:41.752+0000] {taskinstance.py:2648} INFO - Exporting env vars: AIRFLOW_CTX_DAG_OWNER='***' AIRFLOW_CTX_DAG_ID='data_loader' AIRFLOW_CTX_TASK_ID='hello_task' AIRFLOW_CTX_EXECUTION_DATE='2022-08-10T01:00:00+00:00' AIRFLOW_CTX_TRY_NUMBER='1' AIRFLOW_CTX_DAG_RUN_ID='scheduled__2022-08-10T01:00:00+00:00'
[2024-05-19T12:27:41.754+0000] {taskinstance.py:430} INFO - ::endgroup::
[2024-05-19T12:27:41.755+0000] {logging_mixin.py:188} INFO - bucket_de_hw_10_viktor_ostapenko ,   /opt/***/stg/sales/2022-08-10/file.avro ,   src/sales/v1/2022/08/10/file.avro
[2024-05-19T12:27:41.756+0000] {python.py:237} INFO - Done. Returned value was: None
[2024-05-19T12:27:41.757+0000] {taskinstance.py:441} INFO - ::group::Post task execution logs
[2024-05-19T12:27:41.765+0000] {taskinstance.py:1206} INFO - Marking task as SUCCESS. dag_id=data_loader, task_id=hello_task, run_id=scheduled__2022-08-10T01:00:00+00:00, execution_date=20220810T010000, start_date=20240519T122741, end_date=20240519T122741
[2024-05-19T12:27:41.812+0000] {local_task_job_runner.py:240} INFO - Task exited with return code 0
[2024-05-19T12:27:41.825+0000] {taskinstance.py:3498} INFO - 0 downstream tasks scheduled from follow-on schedule check
[2024-05-19T12:27:41.827+0000] {local_task_job_runner.py:222} INFO - ::endgroup::
