[2024-05-18T19:13:46.200+0000] {local_task_job_runner.py:120} INFO - ::group::Pre task execution logs
[2024-05-18T19:13:46.217+0000] {taskinstance.py:2076} INFO - Dependencies all met for dep_context=non-requeueable deps ti=<TaskInstance: data_loader.hello_task scheduled__2023-02-20T01:00:00+00:00 [queued]>
[2024-05-18T19:13:46.224+0000] {taskinstance.py:2076} INFO - Dependencies all met for dep_context=requeueable deps ti=<TaskInstance: data_loader.hello_task scheduled__2023-02-20T01:00:00+00:00 [queued]>
[2024-05-18T19:13:46.225+0000] {taskinstance.py:2306} INFO - Starting attempt 1 of 2
[2024-05-18T19:13:46.236+0000] {taskinstance.py:2330} INFO - Executing <Task(PythonOperator): hello_task> on 2023-02-20 01:00:00+00:00
[2024-05-18T19:13:46.242+0000] {warnings.py:110} WARNING - /home/***/.local/lib/python3.12/site-packages/***/task/task_runner/standard_task_runner.py:61: DeprecationWarning: This process (pid=952) is multi-threaded, use of fork() may lead to deadlocks in the child.
  pid = os.fork()

[2024-05-18T19:13:46.244+0000] {standard_task_runner.py:63} INFO - Started process 954 to run task
[2024-05-18T19:13:46.243+0000] {standard_task_runner.py:90} INFO - Running: ['***', 'tasks', 'run', 'data_loader', 'hello_task', 'scheduled__2023-02-20T01:00:00+00:00', '--job-id', '209', '--raw', '--subdir', 'DAGS_FOLDER/data_loader.py', '--cfg-path', '/tmp/tmpw3uatgmd']
[2024-05-18T19:13:46.245+0000] {standard_task_runner.py:91} INFO - Job 209: Subtask hello_task
[2024-05-18T19:13:46.282+0000] {task_command.py:426} INFO - Running <TaskInstance: data_loader.hello_task scheduled__2023-02-20T01:00:00+00:00 [running]> on host b5cbc22da81e
[2024-05-18T19:13:46.338+0000] {taskinstance.py:2648} INFO - Exporting env vars: AIRFLOW_CTX_DAG_OWNER='***' AIRFLOW_CTX_DAG_ID='data_loader' AIRFLOW_CTX_TASK_ID='hello_task' AIRFLOW_CTX_EXECUTION_DATE='2023-02-20T01:00:00+00:00' AIRFLOW_CTX_TRY_NUMBER='1' AIRFLOW_CTX_DAG_RUN_ID='scheduled__2023-02-20T01:00:00+00:00'
[2024-05-18T19:13:46.340+0000] {taskinstance.py:430} INFO - ::endgroup::
[2024-05-18T19:13:46.341+0000] {logging_mixin.py:188} INFO - 2023-02-20/
[2024-05-18T19:13:46.342+0000] {python.py:237} INFO - Done. Returned value was: None
[2024-05-18T19:13:46.342+0000] {taskinstance.py:441} INFO - ::group::Post task execution logs
[2024-05-18T19:13:46.348+0000] {taskinstance.py:1206} INFO - Marking task as SUCCESS. dag_id=data_loader, task_id=hello_task, run_id=scheduled__2023-02-20T01:00:00+00:00, execution_date=20230220T010000, start_date=20240518T191346, end_date=20240518T191346
[2024-05-18T19:13:46.378+0000] {local_task_job_runner.py:240} INFO - Task exited with return code 0
[2024-05-18T19:13:46.397+0000] {taskinstance.py:3498} INFO - 0 downstream tasks scheduled from follow-on schedule check
[2024-05-18T19:13:46.400+0000] {local_task_job_runner.py:222} INFO - ::endgroup::
