[2024-05-18T20:10:37.212+0000] {local_task_job_runner.py:120} INFO - ::group::Pre task execution logs
[2024-05-18T20:10:37.225+0000] {taskinstance.py:2076} INFO - Dependencies all met for dep_context=non-requeueable deps ti=<TaskInstance: data_loader.upload_file manual__2024-05-18T20:10:32.985341+00:00 [queued]>
[2024-05-18T20:10:37.234+0000] {taskinstance.py:2076} INFO - Dependencies all met for dep_context=requeueable deps ti=<TaskInstance: data_loader.upload_file manual__2024-05-18T20:10:32.985341+00:00 [queued]>
[2024-05-18T20:10:37.235+0000] {taskinstance.py:2306} INFO - Starting attempt 1 of 2
[2024-05-18T20:10:37.248+0000] {taskinstance.py:2330} INFO - Executing <Task(LocalFilesystemToGCSOperator): upload_file> on 2024-05-18 20:10:32.985341+00:00
[2024-05-18T20:10:37.253+0000] {warnings.py:110} WARNING - /home/***/.local/lib/python3.12/site-packages/***/task/task_runner/standard_task_runner.py:61: DeprecationWarning: This process (pid=2134) is multi-threaded, use of fork() may lead to deadlocks in the child.
  pid = os.fork()

[2024-05-18T20:10:37.255+0000] {standard_task_runner.py:63} INFO - Started process 2136 to run task
[2024-05-18T20:10:37.255+0000] {standard_task_runner.py:90} INFO - Running: ['***', 'tasks', 'run', 'data_loader', 'upload_file', 'manual__2024-05-18T20:10:32.985341+00:00', '--job-id', '354', '--raw', '--subdir', 'DAGS_FOLDER/data_loader.py', '--cfg-path', '/tmp/tmpt67_9des']
[2024-05-18T20:10:37.257+0000] {standard_task_runner.py:91} INFO - Job 354: Subtask upload_file
[2024-05-18T20:10:37.299+0000] {task_command.py:426} INFO - Running <TaskInstance: data_loader.upload_file manual__2024-05-18T20:10:32.985341+00:00 [running]> on host b5cbc22da81e
[2024-05-18T20:10:37.354+0000] {taskinstance.py:2648} INFO - Exporting env vars: AIRFLOW_CTX_DAG_OWNER='***' AIRFLOW_CTX_DAG_ID='data_loader' AIRFLOW_CTX_TASK_ID='upload_file' AIRFLOW_CTX_EXECUTION_DATE='2024-05-18T20:10:32.985341+00:00' AIRFLOW_CTX_TRY_NUMBER='1' AIRFLOW_CTX_DAG_RUN_ID='manual__2024-05-18T20:10:32.985341+00:00'
[2024-05-18T20:10:37.356+0000] {taskinstance.py:430} INFO - ::endgroup::
[2024-05-18T20:10:37.361+0000] {connection.py:274} WARNING - Connection schemes (type: google_cloud_platform) shall not contain '_' according to RFC3986.
[2024-05-18T20:10:37.363+0000] {base.py:84} INFO - Using connection ID 'googlecloud' for task execution.
[2024-05-18T20:10:37.367+0000] {taskinstance.py:441} INFO - ::group::Post task execution logs
[2024-05-18T20:10:37.367+0000] {taskinstance.py:2905} ERROR - Task failed with exception
Traceback (most recent call last):
  File "/home/airflow/.local/lib/python3.12/site-packages/airflow/models/taskinstance.py", line 465, in _execute_task
    result = _execute_callable(context=context, **execute_callable_kwargs)
             ^^^^^^^^^^^^^^^^^^^^^^^^^^^^^^^^^^^^^^^^^^^^^^^^^^^^^^^^^^^^^
  File "/home/airflow/.local/lib/python3.12/site-packages/airflow/models/taskinstance.py", line 432, in _execute_callable
    return execute_callable(context=context, **execute_callable_kwargs)
           ^^^^^^^^^^^^^^^^^^^^^^^^^^^^^^^^^^^^^^^^^^^^^^^^^^^^^^^^^^^^
  File "/home/airflow/.local/lib/python3.12/site-packages/airflow/models/baseoperator.py", line 400, in wrapper
    return func(self, *args, **kwargs)
           ^^^^^^^^^^^^^^^^^^^^^^^^^^^
  File "/home/airflow/.local/lib/python3.12/site-packages/airflow/providers/google/cloud/transfers/local_to_gcs.py", line 98, in execute
    raise FileNotFoundError(self.src)
FileNotFoundError: /data/data_example.txt
[2024-05-18T20:10:37.373+0000] {taskinstance.py:1206} INFO - Marking task as UP_FOR_RETRY. dag_id=data_loader, task_id=upload_file, run_id=manual__2024-05-18T20:10:32.985341+00:00, execution_date=20240518T201032, start_date=20240518T201037, end_date=20240518T201037
[2024-05-18T20:10:37.381+0000] {standard_task_runner.py:110} ERROR - Failed to execute job 354 for task upload_file (/data/data_example.txt; 2136)
[2024-05-18T20:10:37.389+0000] {local_task_job_runner.py:240} INFO - Task exited with return code 1
[2024-05-18T20:10:37.405+0000] {taskinstance.py:3498} INFO - 0 downstream tasks scheduled from follow-on schedule check
[2024-05-18T20:10:37.407+0000] {local_task_job_runner.py:222} INFO - ::endgroup::
