[2024-05-19T12:27:45.109+0000] {local_task_job_runner.py:120} INFO - ::group::Pre task execution logs
[2024-05-19T12:27:45.124+0000] {taskinstance.py:2076} INFO - Dependencies all met for dep_context=non-requeueable deps ti=<TaskInstance: data_loader.upload_file scheduled__2022-08-11T01:00:00+00:00 [queued]>
[2024-05-19T12:27:45.131+0000] {taskinstance.py:2076} INFO - Dependencies all met for dep_context=requeueable deps ti=<TaskInstance: data_loader.upload_file scheduled__2022-08-11T01:00:00+00:00 [queued]>
[2024-05-19T12:27:45.132+0000] {taskinstance.py:2306} INFO - Starting attempt 1 of 2
[2024-05-19T12:27:45.141+0000] {taskinstance.py:2330} INFO - Executing <Task(LocalFilesystemToGCSOperator): upload_file> on 2022-08-11 01:00:00+00:00
[2024-05-19T12:27:45.148+0000] {warnings.py:110} WARNING - /home/***/.local/lib/python3.12/site-packages/***/task/task_runner/standard_task_runner.py:61: DeprecationWarning: This process (pid=1297) is multi-threaded, use of fork() may lead to deadlocks in the child.
  pid = os.fork()

[2024-05-19T12:27:45.149+0000] {standard_task_runner.py:63} INFO - Started process 1301 to run task
[2024-05-19T12:27:45.149+0000] {standard_task_runner.py:90} INFO - Running: ['***', 'tasks', 'run', 'data_loader', 'upload_file', 'scheduled__2022-08-11T01:00:00+00:00', '--job-id', '396', '--raw', '--subdir', 'DAGS_FOLDER/data_loader.py', '--cfg-path', '/tmp/tmpt2sr72_n']
[2024-05-19T12:27:45.151+0000] {standard_task_runner.py:91} INFO - Job 396: Subtask upload_file
[2024-05-19T12:27:45.189+0000] {task_command.py:426} INFO - Running <TaskInstance: data_loader.upload_file scheduled__2022-08-11T01:00:00+00:00 [running]> on host a464b827924a
[2024-05-19T12:27:45.231+0000] {warnings.py:110} WARNING - /home/***/.local/lib/python3.12/site-packages/***/utils/context.py:212: AirflowContextDeprecationWarning: Accessing 'execution_date' from the template is deprecated and will be removed in a future version. Please use 'data_interval_start' or 'logical_date' instead.
  warnings.warn(_create_deprecation_warning(key, self._deprecation_replacements[key]))

[2024-05-19T12:27:45.256+0000] {taskinstance.py:2648} INFO - Exporting env vars: AIRFLOW_CTX_DAG_OWNER='***' AIRFLOW_CTX_DAG_ID='data_loader' AIRFLOW_CTX_TASK_ID='upload_file' AIRFLOW_CTX_EXECUTION_DATE='2022-08-11T01:00:00+00:00' AIRFLOW_CTX_TRY_NUMBER='1' AIRFLOW_CTX_DAG_RUN_ID='scheduled__2022-08-11T01:00:00+00:00'
[2024-05-19T12:27:45.258+0000] {taskinstance.py:430} INFO - ::endgroup::
[2024-05-19T12:27:45.265+0000] {connection.py:274} WARNING - Connection schemes (type: google_cloud_platform) shall not contain '_' according to RFC3986.
[2024-05-19T12:27:45.266+0000] {base.py:84} INFO - Using connection ID 'googlecloud' for task execution.
[2024-05-19T12:27:45.941+0000] {gcs.py:556} INFO - File /opt/***/stg/sales/2022-08-11/file.avro uploaded to src/sales/v1/2022/08/11/file.avro in bucket_de_hw_10_viktor_ostapenko bucket
[2024-05-19T12:27:45.943+0000] {taskinstance.py:441} INFO - ::group::Post task execution logs
[2024-05-19T12:27:45.954+0000] {taskinstance.py:1206} INFO - Marking task as SUCCESS. dag_id=data_loader, task_id=upload_file, run_id=scheduled__2022-08-11T01:00:00+00:00, execution_date=20220811T010000, start_date=20240519T122745, end_date=20240519T122745
[2024-05-19T12:27:46.009+0000] {local_task_job_runner.py:240} INFO - Task exited with return code 0
[2024-05-19T12:27:46.018+0000] {local_task_job_runner.py:222} INFO - ::endgroup::
