[2024-05-18T18:52:43.283+0000] {local_task_job_runner.py:120} INFO - ::group::Pre task execution logs
[2024-05-18T18:52:43.304+0000] {taskinstance.py:2076} INFO - Dependencies all met for dep_context=non-requeueable deps ti=<TaskInstance: data_loader.hello_task scheduled__2022-08-11T01:00:00+00:00 [queued]>
[2024-05-18T18:52:43.310+0000] {taskinstance.py:2076} INFO - Dependencies all met for dep_context=requeueable deps ti=<TaskInstance: data_loader.hello_task scheduled__2022-08-11T01:00:00+00:00 [queued]>
[2024-05-18T18:52:43.311+0000] {taskinstance.py:2306} INFO - Starting attempt 1 of 2
[2024-05-18T18:52:43.323+0000] {taskinstance.py:2330} INFO - Executing <Task(PythonOperator): hello_task> on 2022-08-11 01:00:00+00:00
[2024-05-18T18:52:43.329+0000] {warnings.py:110} WARNING - /home/***/.local/lib/python3.12/site-packages/***/task/task_runner/standard_task_runner.py:61: DeprecationWarning: This process (pid=76) is multi-threaded, use of fork() may lead to deadlocks in the child.
  pid = os.fork()

[2024-05-18T18:52:43.330+0000] {standard_task_runner.py:63} INFO - Started process 78 to run task
[2024-05-18T18:52:43.330+0000] {standard_task_runner.py:90} INFO - Running: ['***', 'tasks', 'run', 'data_loader', 'hello_task', 'scheduled__2022-08-11T01:00:00+00:00', '--job-id', '9', '--raw', '--subdir', 'DAGS_FOLDER/data_loader.py', '--cfg-path', '/tmp/tmpar_dx0sf']
[2024-05-18T18:52:43.332+0000] {standard_task_runner.py:91} INFO - Job 9: Subtask hello_task
[2024-05-18T18:52:43.370+0000] {task_command.py:426} INFO - Running <TaskInstance: data_loader.hello_task scheduled__2022-08-11T01:00:00+00:00 [running]> on host b5cbc22da81e
[2024-05-18T18:52:43.443+0000] {taskinstance.py:2648} INFO - Exporting env vars: AIRFLOW_CTX_DAG_OWNER='***' AIRFLOW_CTX_DAG_ID='data_loader' AIRFLOW_CTX_TASK_ID='hello_task' AIRFLOW_CTX_EXECUTION_DATE='2022-08-11T01:00:00+00:00' AIRFLOW_CTX_TRY_NUMBER='1' AIRFLOW_CTX_DAG_RUN_ID='scheduled__2022-08-11T01:00:00+00:00'
[2024-05-18T18:52:43.445+0000] {taskinstance.py:430} INFO - ::endgroup::
[2024-05-18T18:52:43.446+0000] {logging_mixin.py:188} INFO - Hello Airflow!
[2024-05-18T18:52:43.447+0000] {python.py:237} INFO - Done. Returned value was: None
[2024-05-18T18:52:43.448+0000] {taskinstance.py:441} INFO - ::group::Post task execution logs
[2024-05-18T18:52:43.456+0000] {taskinstance.py:1206} INFO - Marking task as SUCCESS. dag_id=data_loader, task_id=hello_task, run_id=scheduled__2022-08-11T01:00:00+00:00, execution_date=20220811T010000, start_date=20240518T185243, end_date=20240518T185243
[2024-05-18T18:52:43.505+0000] {local_task_job_runner.py:240} INFO - Task exited with return code 0
[2024-05-18T18:52:43.518+0000] {taskinstance.py:3498} INFO - 0 downstream tasks scheduled from follow-on schedule check
[2024-05-18T18:52:43.520+0000] {local_task_job_runner.py:222} INFO - ::endgroup::
[2024-05-18T18:55:05.206+0000] {local_task_job_runner.py:120} INFO - ::group::Pre task execution logs
[2024-05-18T18:55:05.223+0000] {taskinstance.py:2076} INFO - Dependencies all met for dep_context=non-requeueable deps ti=<TaskInstance: data_loader.hello_task scheduled__2022-08-11T01:00:00+00:00 [queued]>
[2024-05-18T18:55:05.229+0000] {taskinstance.py:2076} INFO - Dependencies all met for dep_context=requeueable deps ti=<TaskInstance: data_loader.hello_task scheduled__2022-08-11T01:00:00+00:00 [queued]>
[2024-05-18T18:55:05.230+0000] {taskinstance.py:2306} INFO - Starting attempt 1 of 2
[2024-05-18T18:55:05.240+0000] {taskinstance.py:2330} INFO - Executing <Task(PythonOperator): hello_task> on 2022-08-11 01:00:00+00:00
[2024-05-18T18:55:05.247+0000] {warnings.py:110} WARNING - /home/***/.local/lib/python3.12/site-packages/***/task/task_runner/standard_task_runner.py:61: DeprecationWarning: This process (pid=113) is multi-threaded, use of fork() may lead to deadlocks in the child.
  pid = os.fork()

[2024-05-18T18:55:05.249+0000] {standard_task_runner.py:63} INFO - Started process 115 to run task
[2024-05-18T18:55:05.248+0000] {standard_task_runner.py:90} INFO - Running: ['***', 'tasks', 'run', 'data_loader', 'hello_task', 'scheduled__2022-08-11T01:00:00+00:00', '--job-id', '12', '--raw', '--subdir', 'DAGS_FOLDER/data_loader.py', '--cfg-path', '/tmp/tmpm20l5rvc']
[2024-05-18T18:55:05.251+0000] {standard_task_runner.py:91} INFO - Job 12: Subtask hello_task
[2024-05-18T18:55:05.293+0000] {task_command.py:426} INFO - Running <TaskInstance: data_loader.hello_task scheduled__2022-08-11T01:00:00+00:00 [running]> on host b5cbc22da81e
[2024-05-18T18:55:05.368+0000] {taskinstance.py:2648} INFO - Exporting env vars: AIRFLOW_CTX_DAG_OWNER='***' AIRFLOW_CTX_DAG_ID='data_loader' AIRFLOW_CTX_TASK_ID='hello_task' AIRFLOW_CTX_EXECUTION_DATE='2022-08-11T01:00:00+00:00' AIRFLOW_CTX_TRY_NUMBER='1' AIRFLOW_CTX_DAG_RUN_ID='scheduled__2022-08-11T01:00:00+00:00'
[2024-05-18T18:55:05.370+0000] {taskinstance.py:430} INFO - ::endgroup::
[2024-05-18T18:55:05.371+0000] {logging_mixin.py:188} INFO - {{ ds }}/
[2024-05-18T18:55:05.372+0000] {python.py:237} INFO - Done. Returned value was: None
[2024-05-18T18:55:05.372+0000] {taskinstance.py:441} INFO - ::group::Post task execution logs
[2024-05-18T18:55:05.379+0000] {taskinstance.py:1206} INFO - Marking task as SUCCESS. dag_id=data_loader, task_id=hello_task, run_id=scheduled__2022-08-11T01:00:00+00:00, execution_date=20220811T010000, start_date=20240518T185505, end_date=20240518T185505
[2024-05-18T18:55:05.424+0000] {local_task_job_runner.py:240} INFO - Task exited with return code 0
[2024-05-18T18:55:05.438+0000] {taskinstance.py:3498} INFO - 0 downstream tasks scheduled from follow-on schedule check
[2024-05-18T18:55:05.441+0000] {local_task_job_runner.py:222} INFO - ::endgroup::
[2024-05-19T12:27:45.003+0000] {local_task_job_runner.py:120} INFO - ::group::Pre task execution logs
[2024-05-19T12:27:45.016+0000] {taskinstance.py:2076} INFO - Dependencies all met for dep_context=non-requeueable deps ti=<TaskInstance: data_loader.hello_task scheduled__2022-08-11T01:00:00+00:00 [queued]>
[2024-05-19T12:27:45.023+0000] {taskinstance.py:2076} INFO - Dependencies all met for dep_context=requeueable deps ti=<TaskInstance: data_loader.hello_task scheduled__2022-08-11T01:00:00+00:00 [queued]>
[2024-05-19T12:27:45.024+0000] {taskinstance.py:2306} INFO - Starting attempt 1 of 2
[2024-05-19T12:27:45.036+0000] {taskinstance.py:2330} INFO - Executing <Task(PythonOperator): hello_task> on 2022-08-11 01:00:00+00:00
[2024-05-19T12:27:45.043+0000] {warnings.py:110} WARNING - /home/***/.local/lib/python3.12/site-packages/***/task/task_runner/standard_task_runner.py:61: DeprecationWarning: This process (pid=1296) is multi-threaded, use of fork() may lead to deadlocks in the child.
  pid = os.fork()

[2024-05-19T12:27:45.044+0000] {standard_task_runner.py:63} INFO - Started process 1300 to run task
[2024-05-19T12:27:45.044+0000] {standard_task_runner.py:90} INFO - Running: ['***', 'tasks', 'run', 'data_loader', 'hello_task', 'scheduled__2022-08-11T01:00:00+00:00', '--job-id', '395', '--raw', '--subdir', 'DAGS_FOLDER/data_loader.py', '--cfg-path', '/tmp/tmpjmjuec_4']
[2024-05-19T12:27:45.047+0000] {standard_task_runner.py:91} INFO - Job 395: Subtask hello_task
[2024-05-19T12:27:45.086+0000] {task_command.py:426} INFO - Running <TaskInstance: data_loader.hello_task scheduled__2022-08-11T01:00:00+00:00 [running]> on host a464b827924a
[2024-05-19T12:27:45.133+0000] {warnings.py:110} WARNING - /home/***/.local/lib/python3.12/site-packages/***/utils/context.py:212: AirflowContextDeprecationWarning: Accessing 'execution_date' from the template is deprecated and will be removed in a future version. Please use 'data_interval_start' or 'logical_date' instead.
  warnings.warn(_create_deprecation_warning(key, self._deprecation_replacements[key]))

[2024-05-19T12:27:45.158+0000] {taskinstance.py:2648} INFO - Exporting env vars: AIRFLOW_CTX_DAG_OWNER='***' AIRFLOW_CTX_DAG_ID='data_loader' AIRFLOW_CTX_TASK_ID='hello_task' AIRFLOW_CTX_EXECUTION_DATE='2022-08-11T01:00:00+00:00' AIRFLOW_CTX_TRY_NUMBER='1' AIRFLOW_CTX_DAG_RUN_ID='scheduled__2022-08-11T01:00:00+00:00'
[2024-05-19T12:27:45.160+0000] {taskinstance.py:430} INFO - ::endgroup::
[2024-05-19T12:27:45.161+0000] {logging_mixin.py:188} INFO - bucket_de_hw_10_viktor_ostapenko ,   /opt/***/stg/sales/2022-08-11/file.avro ,   src/sales/v1/2022/08/11/file.avro
[2024-05-19T12:27:45.161+0000] {python.py:237} INFO - Done. Returned value was: None
[2024-05-19T12:27:45.162+0000] {taskinstance.py:441} INFO - ::group::Post task execution logs
[2024-05-19T12:27:45.169+0000] {taskinstance.py:1206} INFO - Marking task as SUCCESS. dag_id=data_loader, task_id=hello_task, run_id=scheduled__2022-08-11T01:00:00+00:00, execution_date=20220811T010000, start_date=20240519T122745, end_date=20240519T122745
[2024-05-19T12:27:45.219+0000] {local_task_job_runner.py:240} INFO - Task exited with return code 0
[2024-05-19T12:27:45.230+0000] {taskinstance.py:3498} INFO - 0 downstream tasks scheduled from follow-on schedule check
[2024-05-19T12:27:45.232+0000] {local_task_job_runner.py:222} INFO - ::endgroup::
