[2024-05-20T15:59:54.670+0000] {processor.py:161} INFO - Started process (PID=61) to work on /home/airflow/.local/lib/python3.12/site-packages/airflow/example_dags/example_short_circuit_decorator.py
[2024-05-20T15:59:54.671+0000] {processor.py:830} INFO - Processing file /home/airflow/.local/lib/python3.12/site-packages/airflow/example_dags/example_short_circuit_decorator.py for tasks to queue
[2024-05-20T15:59:54.673+0000] {logging_mixin.py:188} INFO - [2024-05-20T15:59:54.673+0000] {dagbag.py:545} INFO - Filling up the DagBag from /home/airflow/.local/lib/python3.12/site-packages/airflow/example_dags/example_short_circuit_decorator.py
[2024-05-20T15:59:54.682+0000] {processor.py:840} INFO - DAG(s) 'example_short_circuit_decorator' retrieved from /home/airflow/.local/lib/python3.12/site-packages/airflow/example_dags/example_short_circuit_decorator.py
[2024-05-20T15:59:54.696+0000] {logging_mixin.py:188} INFO - [2024-05-20T15:59:54.694+0000] {dag.py:3096} INFO - Sync 1 DAGs
[2024-05-20T15:59:54.718+0000] {logging_mixin.py:188} INFO - [2024-05-20T15:59:54.718+0000] {dag.py:3954} INFO - Setting next_dagrun for example_short_circuit_decorator to 2024-05-19 00:00:00+00:00, run_after=2024-05-20 00:00:00+00:00
[2024-05-20T15:59:54.741+0000] {processor.py:183} INFO - Processing /home/airflow/.local/lib/python3.12/site-packages/airflow/example_dags/example_short_circuit_decorator.py took 0.079 seconds
[2024-05-20T16:00:25.132+0000] {processor.py:161} INFO - Started process (PID=120) to work on /home/airflow/.local/lib/python3.12/site-packages/airflow/example_dags/example_short_circuit_decorator.py
[2024-05-20T16:00:25.133+0000] {processor.py:830} INFO - Processing file /home/airflow/.local/lib/python3.12/site-packages/airflow/example_dags/example_short_circuit_decorator.py for tasks to queue
[2024-05-20T16:00:25.135+0000] {logging_mixin.py:188} INFO - [2024-05-20T16:00:25.134+0000] {dagbag.py:545} INFO - Filling up the DagBag from /home/airflow/.local/lib/python3.12/site-packages/airflow/example_dags/example_short_circuit_decorator.py
[2024-05-20T16:00:25.141+0000] {processor.py:840} INFO - DAG(s) 'example_short_circuit_decorator' retrieved from /home/airflow/.local/lib/python3.12/site-packages/airflow/example_dags/example_short_circuit_decorator.py
[2024-05-20T16:00:25.209+0000] {logging_mixin.py:188} INFO - [2024-05-20T16:00:25.209+0000] {dag.py:3096} INFO - Sync 1 DAGs
[2024-05-20T16:00:25.225+0000] {logging_mixin.py:188} INFO - [2024-05-20T16:00:25.225+0000] {dag.py:3954} INFO - Setting next_dagrun for example_short_circuit_decorator to 2024-05-19 00:00:00+00:00, run_after=2024-05-20 00:00:00+00:00
[2024-05-20T16:00:25.249+0000] {processor.py:183} INFO - Processing /home/airflow/.local/lib/python3.12/site-packages/airflow/example_dags/example_short_circuit_decorator.py took 0.121 seconds
[2024-05-20T16:00:55.318+0000] {processor.py:161} INFO - Started process (PID=178) to work on /home/airflow/.local/lib/python3.12/site-packages/airflow/example_dags/example_short_circuit_decorator.py
[2024-05-20T16:00:55.319+0000] {processor.py:830} INFO - Processing file /home/airflow/.local/lib/python3.12/site-packages/airflow/example_dags/example_short_circuit_decorator.py for tasks to queue
[2024-05-20T16:00:55.321+0000] {logging_mixin.py:188} INFO - [2024-05-20T16:00:55.321+0000] {dagbag.py:545} INFO - Filling up the DagBag from /home/airflow/.local/lib/python3.12/site-packages/airflow/example_dags/example_short_circuit_decorator.py
[2024-05-20T16:00:55.330+0000] {processor.py:840} INFO - DAG(s) 'example_short_circuit_decorator' retrieved from /home/airflow/.local/lib/python3.12/site-packages/airflow/example_dags/example_short_circuit_decorator.py
[2024-05-20T16:00:55.350+0000] {logging_mixin.py:188} INFO - [2024-05-20T16:00:55.349+0000] {dag.py:3096} INFO - Sync 1 DAGs
[2024-05-20T16:00:55.367+0000] {logging_mixin.py:188} INFO - [2024-05-20T16:00:55.367+0000] {dag.py:3954} INFO - Setting next_dagrun for example_short_circuit_decorator to 2024-05-19 00:00:00+00:00, run_after=2024-05-20 00:00:00+00:00
[2024-05-20T16:00:55.383+0000] {processor.py:183} INFO - Processing /home/airflow/.local/lib/python3.12/site-packages/airflow/example_dags/example_short_circuit_decorator.py took 0.072 seconds
[2024-05-20T16:01:25.482+0000] {processor.py:161} INFO - Started process (PID=237) to work on /home/airflow/.local/lib/python3.12/site-packages/airflow/example_dags/example_short_circuit_decorator.py
[2024-05-20T16:01:25.485+0000] {processor.py:830} INFO - Processing file /home/airflow/.local/lib/python3.12/site-packages/airflow/example_dags/example_short_circuit_decorator.py for tasks to queue
[2024-05-20T16:01:25.490+0000] {logging_mixin.py:188} INFO - [2024-05-20T16:01:25.490+0000] {dagbag.py:545} INFO - Filling up the DagBag from /home/airflow/.local/lib/python3.12/site-packages/airflow/example_dags/example_short_circuit_decorator.py
[2024-05-20T16:01:25.503+0000] {processor.py:840} INFO - DAG(s) 'example_short_circuit_decorator' retrieved from /home/airflow/.local/lib/python3.12/site-packages/airflow/example_dags/example_short_circuit_decorator.py
[2024-05-20T16:01:25.521+0000] {logging_mixin.py:188} INFO - [2024-05-20T16:01:25.521+0000] {dag.py:3096} INFO - Sync 1 DAGs
[2024-05-20T16:01:25.536+0000] {logging_mixin.py:188} INFO - [2024-05-20T16:01:25.536+0000] {dag.py:3954} INFO - Setting next_dagrun for example_short_circuit_decorator to 2024-05-19 00:00:00+00:00, run_after=2024-05-20 00:00:00+00:00
[2024-05-20T16:01:25.550+0000] {processor.py:183} INFO - Processing /home/airflow/.local/lib/python3.12/site-packages/airflow/example_dags/example_short_circuit_decorator.py took 0.087 seconds
[2024-05-20T16:01:55.984+0000] {processor.py:161} INFO - Started process (PID=300) to work on /home/airflow/.local/lib/python3.12/site-packages/airflow/example_dags/example_short_circuit_decorator.py
[2024-05-20T16:01:55.985+0000] {processor.py:830} INFO - Processing file /home/airflow/.local/lib/python3.12/site-packages/airflow/example_dags/example_short_circuit_decorator.py for tasks to queue
[2024-05-20T16:01:55.986+0000] {logging_mixin.py:188} INFO - [2024-05-20T16:01:55.986+0000] {dagbag.py:545} INFO - Filling up the DagBag from /home/airflow/.local/lib/python3.12/site-packages/airflow/example_dags/example_short_circuit_decorator.py
[2024-05-20T16:01:55.993+0000] {processor.py:840} INFO - DAG(s) 'example_short_circuit_decorator' retrieved from /home/airflow/.local/lib/python3.12/site-packages/airflow/example_dags/example_short_circuit_decorator.py
[2024-05-20T16:01:56.011+0000] {logging_mixin.py:188} INFO - [2024-05-20T16:01:56.010+0000] {dag.py:3096} INFO - Sync 1 DAGs
[2024-05-20T16:01:56.025+0000] {logging_mixin.py:188} INFO - [2024-05-20T16:01:56.025+0000] {dag.py:3954} INFO - Setting next_dagrun for example_short_circuit_decorator to 2024-05-19 00:00:00+00:00, run_after=2024-05-20 00:00:00+00:00
[2024-05-20T16:01:56.038+0000] {processor.py:183} INFO - Processing /home/airflow/.local/lib/python3.12/site-packages/airflow/example_dags/example_short_circuit_decorator.py took 0.059 seconds
[2024-05-20T16:02:26.755+0000] {processor.py:161} INFO - Started process (PID=359) to work on /home/airflow/.local/lib/python3.12/site-packages/airflow/example_dags/example_short_circuit_decorator.py
[2024-05-20T16:02:26.756+0000] {processor.py:830} INFO - Processing file /home/airflow/.local/lib/python3.12/site-packages/airflow/example_dags/example_short_circuit_decorator.py for tasks to queue
[2024-05-20T16:02:26.758+0000] {logging_mixin.py:188} INFO - [2024-05-20T16:02:26.758+0000] {dagbag.py:545} INFO - Filling up the DagBag from /home/airflow/.local/lib/python3.12/site-packages/airflow/example_dags/example_short_circuit_decorator.py
[2024-05-20T16:02:26.765+0000] {processor.py:840} INFO - DAG(s) 'example_short_circuit_decorator' retrieved from /home/airflow/.local/lib/python3.12/site-packages/airflow/example_dags/example_short_circuit_decorator.py
[2024-05-20T16:02:26.782+0000] {logging_mixin.py:188} INFO - [2024-05-20T16:02:26.782+0000] {dag.py:3096} INFO - Sync 1 DAGs
[2024-05-20T16:02:26.804+0000] {logging_mixin.py:188} INFO - [2024-05-20T16:02:26.803+0000] {dag.py:3954} INFO - Setting next_dagrun for example_short_circuit_decorator to 2024-05-19 00:00:00+00:00, run_after=2024-05-20 00:00:00+00:00
[2024-05-20T16:02:26.819+0000] {processor.py:183} INFO - Processing /home/airflow/.local/lib/python3.12/site-packages/airflow/example_dags/example_short_circuit_decorator.py took 0.068 seconds
[2024-05-20T16:02:56.985+0000] {processor.py:161} INFO - Started process (PID=419) to work on /home/airflow/.local/lib/python3.12/site-packages/airflow/example_dags/example_short_circuit_decorator.py
[2024-05-20T16:02:56.987+0000] {processor.py:830} INFO - Processing file /home/airflow/.local/lib/python3.12/site-packages/airflow/example_dags/example_short_circuit_decorator.py for tasks to queue
[2024-05-20T16:02:56.989+0000] {logging_mixin.py:188} INFO - [2024-05-20T16:02:56.988+0000] {dagbag.py:545} INFO - Filling up the DagBag from /home/airflow/.local/lib/python3.12/site-packages/airflow/example_dags/example_short_circuit_decorator.py
[2024-05-20T16:02:56.996+0000] {processor.py:840} INFO - DAG(s) 'example_short_circuit_decorator' retrieved from /home/airflow/.local/lib/python3.12/site-packages/airflow/example_dags/example_short_circuit_decorator.py
[2024-05-20T16:02:57.017+0000] {logging_mixin.py:188} INFO - [2024-05-20T16:02:57.016+0000] {dag.py:3096} INFO - Sync 1 DAGs
[2024-05-20T16:02:57.035+0000] {logging_mixin.py:188} INFO - [2024-05-20T16:02:57.035+0000] {dag.py:3954} INFO - Setting next_dagrun for example_short_circuit_decorator to 2024-05-19 00:00:00+00:00, run_after=2024-05-20 00:00:00+00:00
[2024-05-20T16:02:57.052+0000] {processor.py:183} INFO - Processing /home/airflow/.local/lib/python3.12/site-packages/airflow/example_dags/example_short_circuit_decorator.py took 0.073 seconds
[2024-05-20T16:03:27.505+0000] {processor.py:161} INFO - Started process (PID=481) to work on /home/airflow/.local/lib/python3.12/site-packages/airflow/example_dags/example_short_circuit_decorator.py
[2024-05-20T16:03:27.507+0000] {processor.py:830} INFO - Processing file /home/airflow/.local/lib/python3.12/site-packages/airflow/example_dags/example_short_circuit_decorator.py for tasks to queue
[2024-05-20T16:03:27.509+0000] {logging_mixin.py:188} INFO - [2024-05-20T16:03:27.508+0000] {dagbag.py:545} INFO - Filling up the DagBag from /home/airflow/.local/lib/python3.12/site-packages/airflow/example_dags/example_short_circuit_decorator.py
[2024-05-20T16:03:27.515+0000] {processor.py:840} INFO - DAG(s) 'example_short_circuit_decorator' retrieved from /home/airflow/.local/lib/python3.12/site-packages/airflow/example_dags/example_short_circuit_decorator.py
[2024-05-20T16:03:27.533+0000] {logging_mixin.py:188} INFO - [2024-05-20T16:03:27.532+0000] {dag.py:3096} INFO - Sync 1 DAGs
[2024-05-20T16:03:27.559+0000] {logging_mixin.py:188} INFO - [2024-05-20T16:03:27.559+0000] {dag.py:3954} INFO - Setting next_dagrun for example_short_circuit_decorator to 2024-05-19 00:00:00+00:00, run_after=2024-05-20 00:00:00+00:00
[2024-05-20T16:03:27.588+0000] {processor.py:183} INFO - Processing /home/airflow/.local/lib/python3.12/site-packages/airflow/example_dags/example_short_circuit_decorator.py took 0.087 seconds
