[2024-05-20T15:59:54.787+0000] {processor.py:161} INFO - Started process (PID=63) to work on /home/airflow/.local/lib/python3.12/site-packages/airflow/example_dags/example_branch_python_dop_operator_3.py
[2024-05-20T15:59:54.789+0000] {processor.py:830} INFO - Processing file /home/airflow/.local/lib/python3.12/site-packages/airflow/example_dags/example_branch_python_dop_operator_3.py for tasks to queue
[2024-05-20T15:59:54.793+0000] {logging_mixin.py:188} INFO - [2024-05-20T15:59:54.793+0000] {dagbag.py:545} INFO - Filling up the DagBag from /home/airflow/.local/lib/python3.12/site-packages/airflow/example_dags/example_branch_python_dop_operator_3.py
[2024-05-20T15:59:54.811+0000] {processor.py:840} INFO - DAG(s) 'example_branch_dop_operator_v3' retrieved from /home/airflow/.local/lib/python3.12/site-packages/airflow/example_dags/example_branch_python_dop_operator_3.py
[2024-05-20T15:59:54.828+0000] {logging_mixin.py:188} INFO - [2024-05-20T15:59:54.827+0000] {dag.py:3096} INFO - Sync 1 DAGs
[2024-05-20T15:59:54.861+0000] {logging_mixin.py:188} INFO - [2024-05-20T15:59:54.861+0000] {dag.py:3954} INFO - Setting next_dagrun for example_branch_dop_operator_v3 to 2024-05-20 15:58:00+00:00, run_after=2024-05-20 15:59:00+00:00
[2024-05-20T15:59:54.883+0000] {processor.py:183} INFO - Processing /home/airflow/.local/lib/python3.12/site-packages/airflow/example_dags/example_branch_python_dop_operator_3.py took 0.106 seconds
[2024-05-20T16:00:25.317+0000] {processor.py:161} INFO - Started process (PID=122) to work on /home/airflow/.local/lib/python3.12/site-packages/airflow/example_dags/example_branch_python_dop_operator_3.py
[2024-05-20T16:00:25.318+0000] {processor.py:830} INFO - Processing file /home/airflow/.local/lib/python3.12/site-packages/airflow/example_dags/example_branch_python_dop_operator_3.py for tasks to queue
[2024-05-20T16:00:25.320+0000] {logging_mixin.py:188} INFO - [2024-05-20T16:00:25.320+0000] {dagbag.py:545} INFO - Filling up the DagBag from /home/airflow/.local/lib/python3.12/site-packages/airflow/example_dags/example_branch_python_dop_operator_3.py
[2024-05-20T16:00:25.328+0000] {processor.py:840} INFO - DAG(s) 'example_branch_dop_operator_v3' retrieved from /home/airflow/.local/lib/python3.12/site-packages/airflow/example_dags/example_branch_python_dop_operator_3.py
[2024-05-20T16:00:25.409+0000] {logging_mixin.py:188} INFO - [2024-05-20T16:00:25.408+0000] {dag.py:3096} INFO - Sync 1 DAGs
[2024-05-20T16:00:25.427+0000] {logging_mixin.py:188} INFO - [2024-05-20T16:00:25.426+0000] {dag.py:3954} INFO - Setting next_dagrun for example_branch_dop_operator_v3 to 2024-05-20 15:59:00+00:00, run_after=2024-05-20 16:00:00+00:00
[2024-05-20T16:00:25.443+0000] {processor.py:183} INFO - Processing /home/airflow/.local/lib/python3.12/site-packages/airflow/example_dags/example_branch_python_dop_operator_3.py took 0.131 seconds
[2024-05-20T16:00:55.548+0000] {processor.py:161} INFO - Started process (PID=181) to work on /home/airflow/.local/lib/python3.12/site-packages/airflow/example_dags/example_branch_python_dop_operator_3.py
[2024-05-20T16:00:55.549+0000] {processor.py:830} INFO - Processing file /home/airflow/.local/lib/python3.12/site-packages/airflow/example_dags/example_branch_python_dop_operator_3.py for tasks to queue
[2024-05-20T16:00:55.550+0000] {logging_mixin.py:188} INFO - [2024-05-20T16:00:55.550+0000] {dagbag.py:545} INFO - Filling up the DagBag from /home/airflow/.local/lib/python3.12/site-packages/airflow/example_dags/example_branch_python_dop_operator_3.py
[2024-05-20T16:00:55.556+0000] {processor.py:840} INFO - DAG(s) 'example_branch_dop_operator_v3' retrieved from /home/airflow/.local/lib/python3.12/site-packages/airflow/example_dags/example_branch_python_dop_operator_3.py
[2024-05-20T16:00:55.573+0000] {logging_mixin.py:188} INFO - [2024-05-20T16:00:55.573+0000] {dag.py:3096} INFO - Sync 1 DAGs
[2024-05-20T16:00:55.590+0000] {logging_mixin.py:188} INFO - [2024-05-20T16:00:55.590+0000] {dag.py:3954} INFO - Setting next_dagrun for example_branch_dop_operator_v3 to 2024-05-20 15:59:00+00:00, run_after=2024-05-20 16:00:00+00:00
[2024-05-20T16:00:55.604+0000] {processor.py:183} INFO - Processing /home/airflow/.local/lib/python3.12/site-packages/airflow/example_dags/example_branch_python_dop_operator_3.py took 0.060 seconds
[2024-05-20T16:01:25.691+0000] {processor.py:161} INFO - Started process (PID=240) to work on /home/airflow/.local/lib/python3.12/site-packages/airflow/example_dags/example_branch_python_dop_operator_3.py
[2024-05-20T16:01:25.692+0000] {processor.py:830} INFO - Processing file /home/airflow/.local/lib/python3.12/site-packages/airflow/example_dags/example_branch_python_dop_operator_3.py for tasks to queue
[2024-05-20T16:01:25.694+0000] {logging_mixin.py:188} INFO - [2024-05-20T16:01:25.694+0000] {dagbag.py:545} INFO - Filling up the DagBag from /home/airflow/.local/lib/python3.12/site-packages/airflow/example_dags/example_branch_python_dop_operator_3.py
[2024-05-20T16:01:25.700+0000] {processor.py:840} INFO - DAG(s) 'example_branch_dop_operator_v3' retrieved from /home/airflow/.local/lib/python3.12/site-packages/airflow/example_dags/example_branch_python_dop_operator_3.py
[2024-05-20T16:01:25.715+0000] {logging_mixin.py:188} INFO - [2024-05-20T16:01:25.714+0000] {dag.py:3096} INFO - Sync 1 DAGs
[2024-05-20T16:01:25.731+0000] {logging_mixin.py:188} INFO - [2024-05-20T16:01:25.731+0000] {dag.py:3954} INFO - Setting next_dagrun for example_branch_dop_operator_v3 to 2024-05-20 16:00:00+00:00, run_after=2024-05-20 16:01:00+00:00
[2024-05-20T16:01:25.744+0000] {processor.py:183} INFO - Processing /home/airflow/.local/lib/python3.12/site-packages/airflow/example_dags/example_branch_python_dop_operator_3.py took 0.056 seconds
[2024-05-20T16:01:56.078+0000] {processor.py:161} INFO - Started process (PID=302) to work on /home/airflow/.local/lib/python3.12/site-packages/airflow/example_dags/example_branch_python_dop_operator_3.py
[2024-05-20T16:01:56.079+0000] {processor.py:830} INFO - Processing file /home/airflow/.local/lib/python3.12/site-packages/airflow/example_dags/example_branch_python_dop_operator_3.py for tasks to queue
[2024-05-20T16:01:56.081+0000] {logging_mixin.py:188} INFO - [2024-05-20T16:01:56.081+0000] {dagbag.py:545} INFO - Filling up the DagBag from /home/airflow/.local/lib/python3.12/site-packages/airflow/example_dags/example_branch_python_dop_operator_3.py
[2024-05-20T16:01:56.087+0000] {processor.py:840} INFO - DAG(s) 'example_branch_dop_operator_v3' retrieved from /home/airflow/.local/lib/python3.12/site-packages/airflow/example_dags/example_branch_python_dop_operator_3.py
[2024-05-20T16:01:56.102+0000] {logging_mixin.py:188} INFO - [2024-05-20T16:01:56.102+0000] {dag.py:3096} INFO - Sync 1 DAGs
[2024-05-20T16:01:56.119+0000] {logging_mixin.py:188} INFO - [2024-05-20T16:01:56.119+0000] {dag.py:3954} INFO - Setting next_dagrun for example_branch_dop_operator_v3 to 2024-05-20 16:00:00+00:00, run_after=2024-05-20 16:01:00+00:00
[2024-05-20T16:01:56.131+0000] {processor.py:183} INFO - Processing /home/airflow/.local/lib/python3.12/site-packages/airflow/example_dags/example_branch_python_dop_operator_3.py took 0.057 seconds
[2024-05-20T16:02:26.848+0000] {processor.py:161} INFO - Started process (PID=361) to work on /home/airflow/.local/lib/python3.12/site-packages/airflow/example_dags/example_branch_python_dop_operator_3.py
[2024-05-20T16:02:26.849+0000] {processor.py:830} INFO - Processing file /home/airflow/.local/lib/python3.12/site-packages/airflow/example_dags/example_branch_python_dop_operator_3.py for tasks to queue
[2024-05-20T16:02:26.851+0000] {logging_mixin.py:188} INFO - [2024-05-20T16:02:26.850+0000] {dagbag.py:545} INFO - Filling up the DagBag from /home/airflow/.local/lib/python3.12/site-packages/airflow/example_dags/example_branch_python_dop_operator_3.py
[2024-05-20T16:02:26.858+0000] {processor.py:840} INFO - DAG(s) 'example_branch_dop_operator_v3' retrieved from /home/airflow/.local/lib/python3.12/site-packages/airflow/example_dags/example_branch_python_dop_operator_3.py
[2024-05-20T16:02:26.874+0000] {logging_mixin.py:188} INFO - [2024-05-20T16:02:26.874+0000] {dag.py:3096} INFO - Sync 1 DAGs
[2024-05-20T16:02:26.896+0000] {logging_mixin.py:188} INFO - [2024-05-20T16:02:26.896+0000] {dag.py:3954} INFO - Setting next_dagrun for example_branch_dop_operator_v3 to 2024-05-20 16:01:00+00:00, run_after=2024-05-20 16:02:00+00:00
[2024-05-20T16:02:26.914+0000] {processor.py:183} INFO - Processing /home/airflow/.local/lib/python3.12/site-packages/airflow/example_dags/example_branch_python_dop_operator_3.py took 0.071 seconds
[2024-05-20T16:02:57.120+0000] {processor.py:161} INFO - Started process (PID=421) to work on /home/airflow/.local/lib/python3.12/site-packages/airflow/example_dags/example_branch_python_dop_operator_3.py
[2024-05-20T16:02:57.121+0000] {processor.py:830} INFO - Processing file /home/airflow/.local/lib/python3.12/site-packages/airflow/example_dags/example_branch_python_dop_operator_3.py for tasks to queue
[2024-05-20T16:02:57.123+0000] {logging_mixin.py:188} INFO - [2024-05-20T16:02:57.123+0000] {dagbag.py:545} INFO - Filling up the DagBag from /home/airflow/.local/lib/python3.12/site-packages/airflow/example_dags/example_branch_python_dop_operator_3.py
[2024-05-20T16:02:57.131+0000] {processor.py:840} INFO - DAG(s) 'example_branch_dop_operator_v3' retrieved from /home/airflow/.local/lib/python3.12/site-packages/airflow/example_dags/example_branch_python_dop_operator_3.py
[2024-05-20T16:02:57.147+0000] {logging_mixin.py:188} INFO - [2024-05-20T16:02:57.146+0000] {dag.py:3096} INFO - Sync 1 DAGs
[2024-05-20T16:02:57.164+0000] {logging_mixin.py:188} INFO - [2024-05-20T16:02:57.164+0000] {dag.py:3954} INFO - Setting next_dagrun for example_branch_dop_operator_v3 to 2024-05-20 16:01:00+00:00, run_after=2024-05-20 16:02:00+00:00
[2024-05-20T16:02:57.178+0000] {processor.py:183} INFO - Processing /home/airflow/.local/lib/python3.12/site-packages/airflow/example_dags/example_branch_python_dop_operator_3.py took 0.062 seconds
[2024-05-20T16:03:27.658+0000] {processor.py:161} INFO - Started process (PID=483) to work on /home/airflow/.local/lib/python3.12/site-packages/airflow/example_dags/example_branch_python_dop_operator_3.py
[2024-05-20T16:03:27.658+0000] {processor.py:830} INFO - Processing file /home/airflow/.local/lib/python3.12/site-packages/airflow/example_dags/example_branch_python_dop_operator_3.py for tasks to queue
[2024-05-20T16:03:27.660+0000] {logging_mixin.py:188} INFO - [2024-05-20T16:03:27.660+0000] {dagbag.py:545} INFO - Filling up the DagBag from /home/airflow/.local/lib/python3.12/site-packages/airflow/example_dags/example_branch_python_dop_operator_3.py
[2024-05-20T16:03:27.667+0000] {processor.py:840} INFO - DAG(s) 'example_branch_dop_operator_v3' retrieved from /home/airflow/.local/lib/python3.12/site-packages/airflow/example_dags/example_branch_python_dop_operator_3.py
[2024-05-20T16:03:27.682+0000] {logging_mixin.py:188} INFO - [2024-05-20T16:03:27.681+0000] {dag.py:3096} INFO - Sync 1 DAGs
[2024-05-20T16:03:27.700+0000] {logging_mixin.py:188} INFO - [2024-05-20T16:03:27.700+0000] {dag.py:3954} INFO - Setting next_dagrun for example_branch_dop_operator_v3 to 2024-05-20 16:02:00+00:00, run_after=2024-05-20 16:03:00+00:00
[2024-05-20T16:03:27.716+0000] {processor.py:183} INFO - Processing /home/airflow/.local/lib/python3.12/site-packages/airflow/example_dags/example_branch_python_dop_operator_3.py took 0.063 seconds
