[2024-05-20T15:59:54.393+0000] {processor.py:161} INFO - Started process (PID=56) to work on /home/airflow/.local/lib/python3.12/site-packages/airflow/example_dags/example_xcom.py
[2024-05-20T15:59:54.394+0000] {processor.py:830} INFO - Processing file /home/airflow/.local/lib/python3.12/site-packages/airflow/example_dags/example_xcom.py for tasks to queue
[2024-05-20T15:59:54.397+0000] {logging_mixin.py:188} INFO - [2024-05-20T15:59:54.396+0000] {dagbag.py:545} INFO - Filling up the DagBag from /home/airflow/.local/lib/python3.12/site-packages/airflow/example_dags/example_xcom.py
[2024-05-20T15:59:54.405+0000] {processor.py:840} INFO - DAG(s) 'example_xcom' retrieved from /home/airflow/.local/lib/python3.12/site-packages/airflow/example_dags/example_xcom.py
[2024-05-20T15:59:54.418+0000] {logging_mixin.py:188} INFO - [2024-05-20T15:59:54.418+0000] {dag.py:3096} INFO - Sync 1 DAGs
[2024-05-20T15:59:54.442+0000] {logging_mixin.py:188} INFO - [2024-05-20T15:59:54.442+0000] {dag.py:3954} INFO - Setting next_dagrun for example_xcom to 2021-01-01 00:00:00+00:00, run_after=2021-01-01 00:00:00+00:00
[2024-05-20T15:59:54.461+0000] {processor.py:183} INFO - Processing /home/airflow/.local/lib/python3.12/site-packages/airflow/example_dags/example_xcom.py took 0.073 seconds
[2024-05-20T16:00:24.747+0000] {processor.py:161} INFO - Started process (PID=115) to work on /home/airflow/.local/lib/python3.12/site-packages/airflow/example_dags/example_xcom.py
[2024-05-20T16:00:24.748+0000] {processor.py:830} INFO - Processing file /home/airflow/.local/lib/python3.12/site-packages/airflow/example_dags/example_xcom.py for tasks to queue
[2024-05-20T16:00:24.750+0000] {logging_mixin.py:188} INFO - [2024-05-20T16:00:24.750+0000] {dagbag.py:545} INFO - Filling up the DagBag from /home/airflow/.local/lib/python3.12/site-packages/airflow/example_dags/example_xcom.py
[2024-05-20T16:00:24.756+0000] {processor.py:840} INFO - DAG(s) 'example_xcom' retrieved from /home/airflow/.local/lib/python3.12/site-packages/airflow/example_dags/example_xcom.py
[2024-05-20T16:00:24.839+0000] {logging_mixin.py:188} INFO - [2024-05-20T16:00:24.839+0000] {dag.py:3096} INFO - Sync 1 DAGs
[2024-05-20T16:00:24.858+0000] {logging_mixin.py:188} INFO - [2024-05-20T16:00:24.858+0000] {dag.py:3954} INFO - Setting next_dagrun for example_xcom to 2021-01-01 00:00:00+00:00, run_after=2021-01-01 00:00:00+00:00
[2024-05-20T16:00:24.876+0000] {processor.py:183} INFO - Processing /home/airflow/.local/lib/python3.12/site-packages/airflow/example_dags/example_xcom.py took 0.133 seconds
[2024-05-20T16:00:54.914+0000] {processor.py:161} INFO - Started process (PID=174) to work on /home/airflow/.local/lib/python3.12/site-packages/airflow/example_dags/example_xcom.py
[2024-05-20T16:00:54.915+0000] {processor.py:830} INFO - Processing file /home/airflow/.local/lib/python3.12/site-packages/airflow/example_dags/example_xcom.py for tasks to queue
[2024-05-20T16:00:54.917+0000] {logging_mixin.py:188} INFO - [2024-05-20T16:00:54.917+0000] {dagbag.py:545} INFO - Filling up the DagBag from /home/airflow/.local/lib/python3.12/site-packages/airflow/example_dags/example_xcom.py
[2024-05-20T16:00:54.922+0000] {processor.py:840} INFO - DAG(s) 'example_xcom' retrieved from /home/airflow/.local/lib/python3.12/site-packages/airflow/example_dags/example_xcom.py
[2024-05-20T16:00:54.939+0000] {logging_mixin.py:188} INFO - [2024-05-20T16:00:54.939+0000] {dag.py:3096} INFO - Sync 1 DAGs
[2024-05-20T16:00:54.956+0000] {logging_mixin.py:188} INFO - [2024-05-20T16:00:54.955+0000] {dag.py:3954} INFO - Setting next_dagrun for example_xcom to 2021-01-01 00:00:00+00:00, run_after=2021-01-01 00:00:00+00:00
[2024-05-20T16:00:54.970+0000] {processor.py:183} INFO - Processing /home/airflow/.local/lib/python3.12/site-packages/airflow/example_dags/example_xcom.py took 0.060 seconds
[2024-05-20T16:01:25.201+0000] {processor.py:161} INFO - Started process (PID=233) to work on /home/airflow/.local/lib/python3.12/site-packages/airflow/example_dags/example_xcom.py
[2024-05-20T16:01:25.202+0000] {processor.py:830} INFO - Processing file /home/airflow/.local/lib/python3.12/site-packages/airflow/example_dags/example_xcom.py for tasks to queue
[2024-05-20T16:01:25.205+0000] {logging_mixin.py:188} INFO - [2024-05-20T16:01:25.204+0000] {dagbag.py:545} INFO - Filling up the DagBag from /home/airflow/.local/lib/python3.12/site-packages/airflow/example_dags/example_xcom.py
[2024-05-20T16:01:25.221+0000] {processor.py:840} INFO - DAG(s) 'example_xcom' retrieved from /home/airflow/.local/lib/python3.12/site-packages/airflow/example_dags/example_xcom.py
[2024-05-20T16:01:25.258+0000] {logging_mixin.py:188} INFO - [2024-05-20T16:01:25.258+0000] {dag.py:3096} INFO - Sync 1 DAGs
[2024-05-20T16:01:25.292+0000] {logging_mixin.py:188} INFO - [2024-05-20T16:01:25.291+0000] {dag.py:3954} INFO - Setting next_dagrun for example_xcom to 2021-01-01 00:00:00+00:00, run_after=2021-01-01 00:00:00+00:00
[2024-05-20T16:01:25.319+0000] {processor.py:183} INFO - Processing /home/airflow/.local/lib/python3.12/site-packages/airflow/example_dags/example_xcom.py took 0.124 seconds
[2024-05-20T16:01:55.787+0000] {processor.py:161} INFO - Started process (PID=295) to work on /home/airflow/.local/lib/python3.12/site-packages/airflow/example_dags/example_xcom.py
[2024-05-20T16:01:55.787+0000] {processor.py:830} INFO - Processing file /home/airflow/.local/lib/python3.12/site-packages/airflow/example_dags/example_xcom.py for tasks to queue
[2024-05-20T16:01:55.789+0000] {logging_mixin.py:188} INFO - [2024-05-20T16:01:55.789+0000] {dagbag.py:545} INFO - Filling up the DagBag from /home/airflow/.local/lib/python3.12/site-packages/airflow/example_dags/example_xcom.py
[2024-05-20T16:01:55.795+0000] {processor.py:840} INFO - DAG(s) 'example_xcom' retrieved from /home/airflow/.local/lib/python3.12/site-packages/airflow/example_dags/example_xcom.py
[2024-05-20T16:01:55.808+0000] {logging_mixin.py:188} INFO - [2024-05-20T16:01:55.808+0000] {dag.py:3096} INFO - Sync 1 DAGs
[2024-05-20T16:01:55.823+0000] {logging_mixin.py:188} INFO - [2024-05-20T16:01:55.823+0000] {dag.py:3954} INFO - Setting next_dagrun for example_xcom to 2021-01-01 00:00:00+00:00, run_after=2021-01-01 00:00:00+00:00
[2024-05-20T16:01:55.835+0000] {processor.py:183} INFO - Processing /home/airflow/.local/lib/python3.12/site-packages/airflow/example_dags/example_xcom.py took 0.053 seconds
[2024-05-20T16:02:26.435+0000] {processor.py:161} INFO - Started process (PID=354) to work on /home/airflow/.local/lib/python3.12/site-packages/airflow/example_dags/example_xcom.py
[2024-05-20T16:02:26.446+0000] {processor.py:830} INFO - Processing file /home/airflow/.local/lib/python3.12/site-packages/airflow/example_dags/example_xcom.py for tasks to queue
[2024-05-20T16:02:26.452+0000] {logging_mixin.py:188} INFO - [2024-05-20T16:02:26.451+0000] {dagbag.py:545} INFO - Filling up the DagBag from /home/airflow/.local/lib/python3.12/site-packages/airflow/example_dags/example_xcom.py
[2024-05-20T16:02:26.458+0000] {processor.py:840} INFO - DAG(s) 'example_xcom' retrieved from /home/airflow/.local/lib/python3.12/site-packages/airflow/example_dags/example_xcom.py
[2024-05-20T16:02:26.480+0000] {logging_mixin.py:188} INFO - [2024-05-20T16:02:26.479+0000] {dag.py:3096} INFO - Sync 1 DAGs
[2024-05-20T16:02:26.499+0000] {logging_mixin.py:188} INFO - [2024-05-20T16:02:26.499+0000] {dag.py:3954} INFO - Setting next_dagrun for example_xcom to 2021-01-01 00:00:00+00:00, run_after=2021-01-01 00:00:00+00:00
[2024-05-20T16:02:26.515+0000] {processor.py:183} INFO - Processing /home/airflow/.local/lib/python3.12/site-packages/airflow/example_dags/example_xcom.py took 0.084 seconds
[2024-05-20T16:02:56.605+0000] {processor.py:161} INFO - Started process (PID=414) to work on /home/airflow/.local/lib/python3.12/site-packages/airflow/example_dags/example_xcom.py
[2024-05-20T16:02:56.605+0000] {processor.py:830} INFO - Processing file /home/airflow/.local/lib/python3.12/site-packages/airflow/example_dags/example_xcom.py for tasks to queue
[2024-05-20T16:02:56.607+0000] {logging_mixin.py:188} INFO - [2024-05-20T16:02:56.607+0000] {dagbag.py:545} INFO - Filling up the DagBag from /home/airflow/.local/lib/python3.12/site-packages/airflow/example_dags/example_xcom.py
[2024-05-20T16:02:56.613+0000] {processor.py:840} INFO - DAG(s) 'example_xcom' retrieved from /home/airflow/.local/lib/python3.12/site-packages/airflow/example_dags/example_xcom.py
[2024-05-20T16:02:56.632+0000] {logging_mixin.py:188} INFO - [2024-05-20T16:02:56.631+0000] {dag.py:3096} INFO - Sync 1 DAGs
[2024-05-20T16:02:56.651+0000] {logging_mixin.py:188} INFO - [2024-05-20T16:02:56.650+0000] {dag.py:3954} INFO - Setting next_dagrun for example_xcom to 2021-01-01 00:00:00+00:00, run_after=2021-01-01 00:00:00+00:00
[2024-05-20T16:02:56.670+0000] {processor.py:183} INFO - Processing /home/airflow/.local/lib/python3.12/site-packages/airflow/example_dags/example_xcom.py took 0.071 seconds
[2024-05-20T16:03:27.288+0000] {processor.py:161} INFO - Started process (PID=476) to work on /home/airflow/.local/lib/python3.12/site-packages/airflow/example_dags/example_xcom.py
[2024-05-20T16:03:27.289+0000] {processor.py:830} INFO - Processing file /home/airflow/.local/lib/python3.12/site-packages/airflow/example_dags/example_xcom.py for tasks to queue
[2024-05-20T16:03:27.291+0000] {logging_mixin.py:188} INFO - [2024-05-20T16:03:27.290+0000] {dagbag.py:545} INFO - Filling up the DagBag from /home/airflow/.local/lib/python3.12/site-packages/airflow/example_dags/example_xcom.py
[2024-05-20T16:03:27.297+0000] {processor.py:840} INFO - DAG(s) 'example_xcom' retrieved from /home/airflow/.local/lib/python3.12/site-packages/airflow/example_dags/example_xcom.py
[2024-05-20T16:03:27.313+0000] {logging_mixin.py:188} INFO - [2024-05-20T16:03:27.313+0000] {dag.py:3096} INFO - Sync 1 DAGs
[2024-05-20T16:03:27.330+0000] {logging_mixin.py:188} INFO - [2024-05-20T16:03:27.330+0000] {dag.py:3954} INFO - Setting next_dagrun for example_xcom to 2021-01-01 00:00:00+00:00, run_after=2021-01-01 00:00:00+00:00
[2024-05-20T16:03:27.347+0000] {processor.py:183} INFO - Processing /home/airflow/.local/lib/python3.12/site-packages/airflow/example_dags/example_xcom.py took 0.064 seconds
