[2024-05-20T15:59:54.362+0000] {processor.py:161} INFO - Started process (PID=55) to work on /home/airflow/.local/lib/python3.12/site-packages/airflow/example_dags/example_sla_dag.py
[2024-05-20T15:59:54.364+0000] {processor.py:830} INFO - Processing file /home/airflow/.local/lib/python3.12/site-packages/airflow/example_dags/example_sla_dag.py for tasks to queue
[2024-05-20T15:59:54.366+0000] {logging_mixin.py:188} INFO - [2024-05-20T15:59:54.366+0000] {dagbag.py:545} INFO - Filling up the DagBag from /home/airflow/.local/lib/python3.12/site-packages/airflow/example_dags/example_sla_dag.py
[2024-05-20T15:59:54.377+0000] {processor.py:840} INFO - DAG(s) 'example_sla_dag' retrieved from /home/airflow/.local/lib/python3.12/site-packages/airflow/example_dags/example_sla_dag.py
[2024-05-20T15:59:54.388+0000] {logging_mixin.py:188} INFO - [2024-05-20T15:59:54.387+0000] {dag.py:3096} INFO - Sync 1 DAGs
[2024-05-20T15:59:54.414+0000] {logging_mixin.py:188} INFO - [2024-05-20T15:59:54.413+0000] {dag.py:3954} INFO - Setting next_dagrun for example_sla_dag to 2024-05-20 15:56:00+00:00, run_after=2024-05-20 15:58:00+00:00
[2024-05-20T15:59:54.432+0000] {processor.py:183} INFO - Processing /home/airflow/.local/lib/python3.12/site-packages/airflow/example_dags/example_sla_dag.py took 0.075 seconds
[2024-05-20T16:00:24.690+0000] {processor.py:161} INFO - Started process (PID=114) to work on /home/airflow/.local/lib/python3.12/site-packages/airflow/example_dags/example_sla_dag.py
[2024-05-20T16:00:24.692+0000] {processor.py:830} INFO - Processing file /home/airflow/.local/lib/python3.12/site-packages/airflow/example_dags/example_sla_dag.py for tasks to queue
[2024-05-20T16:00:24.694+0000] {logging_mixin.py:188} INFO - [2024-05-20T16:00:24.694+0000] {dagbag.py:545} INFO - Filling up the DagBag from /home/airflow/.local/lib/python3.12/site-packages/airflow/example_dags/example_sla_dag.py
[2024-05-20T16:00:24.701+0000] {processor.py:840} INFO - DAG(s) 'example_sla_dag' retrieved from /home/airflow/.local/lib/python3.12/site-packages/airflow/example_dags/example_sla_dag.py
[2024-05-20T16:00:24.769+0000] {logging_mixin.py:188} INFO - [2024-05-20T16:00:24.769+0000] {dag.py:3096} INFO - Sync 1 DAGs
[2024-05-20T16:00:24.790+0000] {logging_mixin.py:188} INFO - [2024-05-20T16:00:24.790+0000] {dag.py:3954} INFO - Setting next_dagrun for example_sla_dag to 2024-05-20 15:58:00+00:00, run_after=2024-05-20 16:00:00+00:00
[2024-05-20T16:00:24.809+0000] {processor.py:183} INFO - Processing /home/airflow/.local/lib/python3.12/site-packages/airflow/example_dags/example_sla_dag.py took 0.124 seconds
[2024-05-20T16:00:54.889+0000] {processor.py:161} INFO - Started process (PID=173) to work on /home/airflow/.local/lib/python3.12/site-packages/airflow/example_dags/example_sla_dag.py
[2024-05-20T16:00:54.890+0000] {processor.py:830} INFO - Processing file /home/airflow/.local/lib/python3.12/site-packages/airflow/example_dags/example_sla_dag.py for tasks to queue
[2024-05-20T16:00:54.892+0000] {logging_mixin.py:188} INFO - [2024-05-20T16:00:54.892+0000] {dagbag.py:545} INFO - Filling up the DagBag from /home/airflow/.local/lib/python3.12/site-packages/airflow/example_dags/example_sla_dag.py
[2024-05-20T16:00:54.899+0000] {processor.py:840} INFO - DAG(s) 'example_sla_dag' retrieved from /home/airflow/.local/lib/python3.12/site-packages/airflow/example_dags/example_sla_dag.py
[2024-05-20T16:00:54.915+0000] {logging_mixin.py:188} INFO - [2024-05-20T16:00:54.914+0000] {dag.py:3096} INFO - Sync 1 DAGs
[2024-05-20T16:00:54.931+0000] {logging_mixin.py:188} INFO - [2024-05-20T16:00:54.931+0000] {dag.py:3954} INFO - Setting next_dagrun for example_sla_dag to 2024-05-20 15:58:00+00:00, run_after=2024-05-20 16:00:00+00:00
[2024-05-20T16:00:54.945+0000] {processor.py:183} INFO - Processing /home/airflow/.local/lib/python3.12/site-packages/airflow/example_dags/example_sla_dag.py took 0.060 seconds
[2024-05-20T16:01:25.118+0000] {processor.py:161} INFO - Started process (PID=232) to work on /home/airflow/.local/lib/python3.12/site-packages/airflow/example_dags/example_sla_dag.py
[2024-05-20T16:01:25.119+0000] {processor.py:830} INFO - Processing file /home/airflow/.local/lib/python3.12/site-packages/airflow/example_dags/example_sla_dag.py for tasks to queue
[2024-05-20T16:01:25.120+0000] {logging_mixin.py:188} INFO - [2024-05-20T16:01:25.120+0000] {dagbag.py:545} INFO - Filling up the DagBag from /home/airflow/.local/lib/python3.12/site-packages/airflow/example_dags/example_sla_dag.py
[2024-05-20T16:01:25.127+0000] {processor.py:840} INFO - DAG(s) 'example_sla_dag' retrieved from /home/airflow/.local/lib/python3.12/site-packages/airflow/example_dags/example_sla_dag.py
[2024-05-20T16:01:25.140+0000] {logging_mixin.py:188} INFO - [2024-05-20T16:01:25.140+0000] {dag.py:3096} INFO - Sync 1 DAGs
[2024-05-20T16:01:25.156+0000] {logging_mixin.py:188} INFO - [2024-05-20T16:01:25.156+0000] {dag.py:3954} INFO - Setting next_dagrun for example_sla_dag to 2024-05-20 15:58:00+00:00, run_after=2024-05-20 16:00:00+00:00
[2024-05-20T16:01:25.169+0000] {processor.py:183} INFO - Processing /home/airflow/.local/lib/python3.12/site-packages/airflow/example_dags/example_sla_dag.py took 0.056 seconds
[2024-05-20T16:01:55.703+0000] {processor.py:161} INFO - Started process (PID=293) to work on /home/airflow/.local/lib/python3.12/site-packages/airflow/example_dags/example_sla_dag.py
[2024-05-20T16:01:55.704+0000] {processor.py:830} INFO - Processing file /home/airflow/.local/lib/python3.12/site-packages/airflow/example_dags/example_sla_dag.py for tasks to queue
[2024-05-20T16:01:55.706+0000] {logging_mixin.py:188} INFO - [2024-05-20T16:01:55.706+0000] {dagbag.py:545} INFO - Filling up the DagBag from /home/airflow/.local/lib/python3.12/site-packages/airflow/example_dags/example_sla_dag.py
[2024-05-20T16:01:55.712+0000] {processor.py:840} INFO - DAG(s) 'example_sla_dag' retrieved from /home/airflow/.local/lib/python3.12/site-packages/airflow/example_dags/example_sla_dag.py
[2024-05-20T16:01:55.726+0000] {logging_mixin.py:188} INFO - [2024-05-20T16:01:55.726+0000] {dag.py:3096} INFO - Sync 1 DAGs
[2024-05-20T16:01:55.742+0000] {logging_mixin.py:188} INFO - [2024-05-20T16:01:55.742+0000] {dag.py:3954} INFO - Setting next_dagrun for example_sla_dag to 2024-05-20 15:58:00+00:00, run_after=2024-05-20 16:00:00+00:00
[2024-05-20T16:01:55.754+0000] {processor.py:183} INFO - Processing /home/airflow/.local/lib/python3.12/site-packages/airflow/example_dags/example_sla_dag.py took 0.055 seconds
[2024-05-20T16:02:26.310+0000] {processor.py:161} INFO - Started process (PID=353) to work on /home/airflow/.local/lib/python3.12/site-packages/airflow/example_dags/example_sla_dag.py
[2024-05-20T16:02:26.311+0000] {processor.py:830} INFO - Processing file /home/airflow/.local/lib/python3.12/site-packages/airflow/example_dags/example_sla_dag.py for tasks to queue
[2024-05-20T16:02:26.313+0000] {logging_mixin.py:188} INFO - [2024-05-20T16:02:26.313+0000] {dagbag.py:545} INFO - Filling up the DagBag from /home/airflow/.local/lib/python3.12/site-packages/airflow/example_dags/example_sla_dag.py
[2024-05-20T16:02:26.320+0000] {processor.py:840} INFO - DAG(s) 'example_sla_dag' retrieved from /home/airflow/.local/lib/python3.12/site-packages/airflow/example_dags/example_sla_dag.py
[2024-05-20T16:02:26.335+0000] {logging_mixin.py:188} INFO - [2024-05-20T16:02:26.335+0000] {dag.py:3096} INFO - Sync 1 DAGs
[2024-05-20T16:02:26.353+0000] {logging_mixin.py:188} INFO - [2024-05-20T16:02:26.353+0000] {dag.py:3954} INFO - Setting next_dagrun for example_sla_dag to 2024-05-20 16:00:00+00:00, run_after=2024-05-20 16:02:00+00:00
[2024-05-20T16:02:26.368+0000] {processor.py:183} INFO - Processing /home/airflow/.local/lib/python3.12/site-packages/airflow/example_dags/example_sla_dag.py took 0.063 seconds
[2024-05-20T16:02:56.554+0000] {processor.py:161} INFO - Started process (PID=413) to work on /home/airflow/.local/lib/python3.12/site-packages/airflow/example_dags/example_sla_dag.py
[2024-05-20T16:02:56.555+0000] {processor.py:830} INFO - Processing file /home/airflow/.local/lib/python3.12/site-packages/airflow/example_dags/example_sla_dag.py for tasks to queue
[2024-05-20T16:02:56.557+0000] {logging_mixin.py:188} INFO - [2024-05-20T16:02:56.557+0000] {dagbag.py:545} INFO - Filling up the DagBag from /home/airflow/.local/lib/python3.12/site-packages/airflow/example_dags/example_sla_dag.py
[2024-05-20T16:02:56.563+0000] {processor.py:840} INFO - DAG(s) 'example_sla_dag' retrieved from /home/airflow/.local/lib/python3.12/site-packages/airflow/example_dags/example_sla_dag.py
[2024-05-20T16:02:56.578+0000] {logging_mixin.py:188} INFO - [2024-05-20T16:02:56.577+0000] {dag.py:3096} INFO - Sync 1 DAGs
[2024-05-20T16:02:56.597+0000] {logging_mixin.py:188} INFO - [2024-05-20T16:02:56.597+0000] {dag.py:3954} INFO - Setting next_dagrun for example_sla_dag to 2024-05-20 16:00:00+00:00, run_after=2024-05-20 16:02:00+00:00
[2024-05-20T16:02:56.612+0000] {processor.py:183} INFO - Processing /home/airflow/.local/lib/python3.12/site-packages/airflow/example_dags/example_sla_dag.py took 0.063 seconds
[2024-05-20T16:03:27.239+0000] {processor.py:161} INFO - Started process (PID=475) to work on /home/airflow/.local/lib/python3.12/site-packages/airflow/example_dags/example_sla_dag.py
[2024-05-20T16:03:27.241+0000] {processor.py:830} INFO - Processing file /home/airflow/.local/lib/python3.12/site-packages/airflow/example_dags/example_sla_dag.py for tasks to queue
[2024-05-20T16:03:27.243+0000] {logging_mixin.py:188} INFO - [2024-05-20T16:03:27.243+0000] {dagbag.py:545} INFO - Filling up the DagBag from /home/airflow/.local/lib/python3.12/site-packages/airflow/example_dags/example_sla_dag.py
[2024-05-20T16:03:27.250+0000] {processor.py:840} INFO - DAG(s) 'example_sla_dag' retrieved from /home/airflow/.local/lib/python3.12/site-packages/airflow/example_dags/example_sla_dag.py
[2024-05-20T16:03:27.265+0000] {logging_mixin.py:188} INFO - [2024-05-20T16:03:27.264+0000] {dag.py:3096} INFO - Sync 1 DAGs
[2024-05-20T16:03:27.283+0000] {logging_mixin.py:188} INFO - [2024-05-20T16:03:27.283+0000] {dag.py:3954} INFO - Setting next_dagrun for example_sla_dag to 2024-05-20 16:00:00+00:00, run_after=2024-05-20 16:02:00+00:00
[2024-05-20T16:03:27.297+0000] {processor.py:183} INFO - Processing /home/airflow/.local/lib/python3.12/site-packages/airflow/example_dags/example_sla_dag.py took 0.063 seconds
