[2024-05-20T15:59:53.753+0000] {processor.py:161} INFO - Started process (PID=48) to work on /home/airflow/.local/lib/python3.12/site-packages/airflow/example_dags/example_complex.py
[2024-05-20T15:59:53.754+0000] {processor.py:830} INFO - Processing file /home/airflow/.local/lib/python3.12/site-packages/airflow/example_dags/example_complex.py for tasks to queue
[2024-05-20T15:59:53.757+0000] {logging_mixin.py:188} INFO - [2024-05-20T15:59:53.756+0000] {dagbag.py:545} INFO - Filling up the DagBag from /home/airflow/.local/lib/python3.12/site-packages/airflow/example_dags/example_complex.py
[2024-05-20T15:59:53.773+0000] {processor.py:840} INFO - DAG(s) 'example_complex' retrieved from /home/airflow/.local/lib/python3.12/site-packages/airflow/example_dags/example_complex.py
[2024-05-20T15:59:53.791+0000] {logging_mixin.py:188} INFO - [2024-05-20T15:59:53.791+0000] {dag.py:3096} INFO - Sync 1 DAGs
[2024-05-20T15:59:53.807+0000] {logging_mixin.py:188} INFO - [2024-05-20T15:59:53.807+0000] {dag.py:3954} INFO - Setting next_dagrun for example_complex to None, run_after=None
[2024-05-20T15:59:53.828+0000] {processor.py:183} INFO - Processing /home/airflow/.local/lib/python3.12/site-packages/airflow/example_dags/example_complex.py took 0.081 seconds
[2024-05-20T16:00:24.178+0000] {processor.py:161} INFO - Started process (PID=107) to work on /home/airflow/.local/lib/python3.12/site-packages/airflow/example_dags/example_complex.py
[2024-05-20T16:00:24.179+0000] {processor.py:830} INFO - Processing file /home/airflow/.local/lib/python3.12/site-packages/airflow/example_dags/example_complex.py for tasks to queue
[2024-05-20T16:00:24.181+0000] {logging_mixin.py:188} INFO - [2024-05-20T16:00:24.181+0000] {dagbag.py:545} INFO - Filling up the DagBag from /home/airflow/.local/lib/python3.12/site-packages/airflow/example_dags/example_complex.py
[2024-05-20T16:00:24.188+0000] {processor.py:840} INFO - DAG(s) 'example_complex' retrieved from /home/airflow/.local/lib/python3.12/site-packages/airflow/example_dags/example_complex.py
[2024-05-20T16:00:24.265+0000] {logging_mixin.py:188} INFO - [2024-05-20T16:00:24.265+0000] {dag.py:3096} INFO - Sync 1 DAGs
[2024-05-20T16:00:24.274+0000] {logging_mixin.py:188} INFO - [2024-05-20T16:00:24.273+0000] {dag.py:3954} INFO - Setting next_dagrun for example_complex to None, run_after=None
[2024-05-20T16:00:24.290+0000] {processor.py:183} INFO - Processing /home/airflow/.local/lib/python3.12/site-packages/airflow/example_dags/example_complex.py took 0.116 seconds
[2024-05-20T16:00:54.401+0000] {processor.py:161} INFO - Started process (PID=166) to work on /home/airflow/.local/lib/python3.12/site-packages/airflow/example_dags/example_complex.py
[2024-05-20T16:00:54.402+0000] {processor.py:830} INFO - Processing file /home/airflow/.local/lib/python3.12/site-packages/airflow/example_dags/example_complex.py for tasks to queue
[2024-05-20T16:00:54.404+0000] {logging_mixin.py:188} INFO - [2024-05-20T16:00:54.404+0000] {dagbag.py:545} INFO - Filling up the DagBag from /home/airflow/.local/lib/python3.12/site-packages/airflow/example_dags/example_complex.py
[2024-05-20T16:00:54.413+0000] {processor.py:840} INFO - DAG(s) 'example_complex' retrieved from /home/airflow/.local/lib/python3.12/site-packages/airflow/example_dags/example_complex.py
[2024-05-20T16:00:54.446+0000] {logging_mixin.py:188} INFO - [2024-05-20T16:00:54.446+0000] {dag.py:3096} INFO - Sync 1 DAGs
[2024-05-20T16:00:54.457+0000] {logging_mixin.py:188} INFO - [2024-05-20T16:00:54.457+0000] {dag.py:3954} INFO - Setting next_dagrun for example_complex to None, run_after=None
[2024-05-20T16:00:54.472+0000] {processor.py:183} INFO - Processing /home/airflow/.local/lib/python3.12/site-packages/airflow/example_dags/example_complex.py took 0.076 seconds
[2024-05-20T16:01:24.835+0000] {processor.py:161} INFO - Started process (PID=225) to work on /home/airflow/.local/lib/python3.12/site-packages/airflow/example_dags/example_complex.py
[2024-05-20T16:01:24.836+0000] {processor.py:830} INFO - Processing file /home/airflow/.local/lib/python3.12/site-packages/airflow/example_dags/example_complex.py for tasks to queue
[2024-05-20T16:01:24.839+0000] {logging_mixin.py:188} INFO - [2024-05-20T16:01:24.839+0000] {dagbag.py:545} INFO - Filling up the DagBag from /home/airflow/.local/lib/python3.12/site-packages/airflow/example_dags/example_complex.py
[2024-05-20T16:01:24.851+0000] {processor.py:840} INFO - DAG(s) 'example_complex' retrieved from /home/airflow/.local/lib/python3.12/site-packages/airflow/example_dags/example_complex.py
[2024-05-20T16:01:24.874+0000] {logging_mixin.py:188} INFO - [2024-05-20T16:01:24.874+0000] {dag.py:3096} INFO - Sync 1 DAGs
[2024-05-20T16:01:24.883+0000] {logging_mixin.py:188} INFO - [2024-05-20T16:01:24.883+0000] {dag.py:3954} INFO - Setting next_dagrun for example_complex to None, run_after=None
[2024-05-20T16:01:24.896+0000] {processor.py:183} INFO - Processing /home/airflow/.local/lib/python3.12/site-packages/airflow/example_dags/example_complex.py took 0.068 seconds
[2024-05-20T16:01:55.312+0000] {processor.py:161} INFO - Started process (PID=286) to work on /home/airflow/.local/lib/python3.12/site-packages/airflow/example_dags/example_complex.py
[2024-05-20T16:01:55.313+0000] {processor.py:830} INFO - Processing file /home/airflow/.local/lib/python3.12/site-packages/airflow/example_dags/example_complex.py for tasks to queue
[2024-05-20T16:01:55.315+0000] {logging_mixin.py:188} INFO - [2024-05-20T16:01:55.315+0000] {dagbag.py:545} INFO - Filling up the DagBag from /home/airflow/.local/lib/python3.12/site-packages/airflow/example_dags/example_complex.py
[2024-05-20T16:01:55.322+0000] {processor.py:840} INFO - DAG(s) 'example_complex' retrieved from /home/airflow/.local/lib/python3.12/site-packages/airflow/example_dags/example_complex.py
[2024-05-20T16:01:55.346+0000] {logging_mixin.py:188} INFO - [2024-05-20T16:01:55.345+0000] {dag.py:3096} INFO - Sync 1 DAGs
[2024-05-20T16:01:55.355+0000] {logging_mixin.py:188} INFO - [2024-05-20T16:01:55.354+0000] {dag.py:3954} INFO - Setting next_dagrun for example_complex to None, run_after=None
[2024-05-20T16:01:55.369+0000] {processor.py:183} INFO - Processing /home/airflow/.local/lib/python3.12/site-packages/airflow/example_dags/example_complex.py took 0.062 seconds
[2024-05-20T16:02:25.904+0000] {processor.py:161} INFO - Started process (PID=345) to work on /home/airflow/.local/lib/python3.12/site-packages/airflow/example_dags/example_complex.py
[2024-05-20T16:02:25.905+0000] {processor.py:830} INFO - Processing file /home/airflow/.local/lib/python3.12/site-packages/airflow/example_dags/example_complex.py for tasks to queue
[2024-05-20T16:02:25.907+0000] {logging_mixin.py:188} INFO - [2024-05-20T16:02:25.907+0000] {dagbag.py:545} INFO - Filling up the DagBag from /home/airflow/.local/lib/python3.12/site-packages/airflow/example_dags/example_complex.py
[2024-05-20T16:02:25.920+0000] {processor.py:840} INFO - DAG(s) 'example_complex' retrieved from /home/airflow/.local/lib/python3.12/site-packages/airflow/example_dags/example_complex.py
[2024-05-20T16:02:25.944+0000] {logging_mixin.py:188} INFO - [2024-05-20T16:02:25.943+0000] {dag.py:3096} INFO - Sync 1 DAGs
[2024-05-20T16:02:25.955+0000] {logging_mixin.py:188} INFO - [2024-05-20T16:02:25.954+0000] {dag.py:3954} INFO - Setting next_dagrun for example_complex to None, run_after=None
[2024-05-20T16:02:25.973+0000] {processor.py:183} INFO - Processing /home/airflow/.local/lib/python3.12/site-packages/airflow/example_dags/example_complex.py took 0.073 seconds
[2024-05-20T16:02:56.094+0000] {processor.py:161} INFO - Started process (PID=406) to work on /home/airflow/.local/lib/python3.12/site-packages/airflow/example_dags/example_complex.py
[2024-05-20T16:02:56.095+0000] {processor.py:830} INFO - Processing file /home/airflow/.local/lib/python3.12/site-packages/airflow/example_dags/example_complex.py for tasks to queue
[2024-05-20T16:02:56.096+0000] {logging_mixin.py:188} INFO - [2024-05-20T16:02:56.096+0000] {dagbag.py:545} INFO - Filling up the DagBag from /home/airflow/.local/lib/python3.12/site-packages/airflow/example_dags/example_complex.py
[2024-05-20T16:02:56.104+0000] {processor.py:840} INFO - DAG(s) 'example_complex' retrieved from /home/airflow/.local/lib/python3.12/site-packages/airflow/example_dags/example_complex.py
[2024-05-20T16:02:56.126+0000] {logging_mixin.py:188} INFO - [2024-05-20T16:02:56.126+0000] {dag.py:3096} INFO - Sync 1 DAGs
[2024-05-20T16:02:56.135+0000] {logging_mixin.py:188} INFO - [2024-05-20T16:02:56.135+0000] {dag.py:3954} INFO - Setting next_dagrun for example_complex to None, run_after=None
[2024-05-20T16:02:56.150+0000] {processor.py:183} INFO - Processing /home/airflow/.local/lib/python3.12/site-packages/airflow/example_dags/example_complex.py took 0.060 seconds
[2024-05-20T16:03:26.873+0000] {processor.py:161} INFO - Started process (PID=468) to work on /home/airflow/.local/lib/python3.12/site-packages/airflow/example_dags/example_complex.py
[2024-05-20T16:03:26.874+0000] {processor.py:830} INFO - Processing file /home/airflow/.local/lib/python3.12/site-packages/airflow/example_dags/example_complex.py for tasks to queue
[2024-05-20T16:03:26.875+0000] {logging_mixin.py:188} INFO - [2024-05-20T16:03:26.875+0000] {dagbag.py:545} INFO - Filling up the DagBag from /home/airflow/.local/lib/python3.12/site-packages/airflow/example_dags/example_complex.py
[2024-05-20T16:03:26.883+0000] {processor.py:840} INFO - DAG(s) 'example_complex' retrieved from /home/airflow/.local/lib/python3.12/site-packages/airflow/example_dags/example_complex.py
[2024-05-20T16:03:26.908+0000] {logging_mixin.py:188} INFO - [2024-05-20T16:03:26.908+0000] {dag.py:3096} INFO - Sync 1 DAGs
[2024-05-20T16:03:26.918+0000] {logging_mixin.py:188} INFO - [2024-05-20T16:03:26.918+0000] {dag.py:3954} INFO - Setting next_dagrun for example_complex to None, run_after=None
[2024-05-20T16:03:26.931+0000] {processor.py:183} INFO - Processing /home/airflow/.local/lib/python3.12/site-packages/airflow/example_dags/example_complex.py took 0.063 seconds
