[2024-05-20T15:59:54.878+0000] {processor.py:161} INFO - Started process (PID=64) to work on /home/airflow/.local/lib/python3.12/site-packages/airflow/example_dags/example_latest_only_with_trigger.py
[2024-05-20T15:59:54.879+0000] {processor.py:830} INFO - Processing file /home/airflow/.local/lib/python3.12/site-packages/airflow/example_dags/example_latest_only_with_trigger.py for tasks to queue
[2024-05-20T15:59:54.882+0000] {logging_mixin.py:188} INFO - [2024-05-20T15:59:54.881+0000] {dagbag.py:545} INFO - Filling up the DagBag from /home/airflow/.local/lib/python3.12/site-packages/airflow/example_dags/example_latest_only_with_trigger.py
[2024-05-20T15:59:54.888+0000] {processor.py:840} INFO - DAG(s) 'latest_only_with_trigger' retrieved from /home/airflow/.local/lib/python3.12/site-packages/airflow/example_dags/example_latest_only_with_trigger.py
[2024-05-20T15:59:54.900+0000] {logging_mixin.py:188} INFO - [2024-05-20T15:59:54.900+0000] {dag.py:3096} INFO - Sync 1 DAGs
[2024-05-20T15:59:54.925+0000] {logging_mixin.py:188} INFO - [2024-05-20T15:59:54.924+0000] {dag.py:3954} INFO - Setting next_dagrun for latest_only_with_trigger to 2024-05-20 08:00:00+00:00, run_after=2024-05-20 12:00:00+00:00
[2024-05-20T15:59:54.949+0000] {processor.py:183} INFO - Processing /home/airflow/.local/lib/python3.12/site-packages/airflow/example_dags/example_latest_only_with_trigger.py took 0.078 seconds
[2024-05-20T16:00:25.436+0000] {processor.py:161} INFO - Started process (PID=123) to work on /home/airflow/.local/lib/python3.12/site-packages/airflow/example_dags/example_latest_only_with_trigger.py
[2024-05-20T16:00:25.437+0000] {processor.py:830} INFO - Processing file /home/airflow/.local/lib/python3.12/site-packages/airflow/example_dags/example_latest_only_with_trigger.py for tasks to queue
[2024-05-20T16:00:25.439+0000] {logging_mixin.py:188} INFO - [2024-05-20T16:00:25.439+0000] {dagbag.py:545} INFO - Filling up the DagBag from /home/airflow/.local/lib/python3.12/site-packages/airflow/example_dags/example_latest_only_with_trigger.py
[2024-05-20T16:00:25.444+0000] {processor.py:840} INFO - DAG(s) 'latest_only_with_trigger' retrieved from /home/airflow/.local/lib/python3.12/site-packages/airflow/example_dags/example_latest_only_with_trigger.py
[2024-05-20T16:00:25.528+0000] {logging_mixin.py:188} INFO - [2024-05-20T16:00:25.528+0000] {dag.py:3096} INFO - Sync 1 DAGs
[2024-05-20T16:00:25.543+0000] {logging_mixin.py:188} INFO - [2024-05-20T16:00:25.543+0000] {dag.py:3954} INFO - Setting next_dagrun for latest_only_with_trigger to 2024-05-20 12:00:00+00:00, run_after=2024-05-20 16:00:00+00:00
[2024-05-20T16:00:25.560+0000] {processor.py:183} INFO - Processing /home/airflow/.local/lib/python3.12/site-packages/airflow/example_dags/example_latest_only_with_trigger.py took 0.129 seconds
[2024-05-20T16:00:55.633+0000] {processor.py:161} INFO - Started process (PID=182) to work on /home/airflow/.local/lib/python3.12/site-packages/airflow/example_dags/example_latest_only_with_trigger.py
[2024-05-20T16:00:55.634+0000] {processor.py:830} INFO - Processing file /home/airflow/.local/lib/python3.12/site-packages/airflow/example_dags/example_latest_only_with_trigger.py for tasks to queue
[2024-05-20T16:00:55.636+0000] {logging_mixin.py:188} INFO - [2024-05-20T16:00:55.635+0000] {dagbag.py:545} INFO - Filling up the DagBag from /home/airflow/.local/lib/python3.12/site-packages/airflow/example_dags/example_latest_only_with_trigger.py
[2024-05-20T16:00:55.640+0000] {processor.py:840} INFO - DAG(s) 'latest_only_with_trigger' retrieved from /home/airflow/.local/lib/python3.12/site-packages/airflow/example_dags/example_latest_only_with_trigger.py
[2024-05-20T16:00:55.655+0000] {logging_mixin.py:188} INFO - [2024-05-20T16:00:55.654+0000] {dag.py:3096} INFO - Sync 1 DAGs
[2024-05-20T16:00:55.670+0000] {logging_mixin.py:188} INFO - [2024-05-20T16:00:55.670+0000] {dag.py:3954} INFO - Setting next_dagrun for latest_only_with_trigger to 2024-05-20 12:00:00+00:00, run_after=2024-05-20 16:00:00+00:00
[2024-05-20T16:00:55.689+0000] {processor.py:183} INFO - Processing /home/airflow/.local/lib/python3.12/site-packages/airflow/example_dags/example_latest_only_with_trigger.py took 0.060 seconds
[2024-05-20T16:01:25.777+0000] {processor.py:161} INFO - Started process (PID=241) to work on /home/airflow/.local/lib/python3.12/site-packages/airflow/example_dags/example_latest_only_with_trigger.py
[2024-05-20T16:01:25.778+0000] {processor.py:830} INFO - Processing file /home/airflow/.local/lib/python3.12/site-packages/airflow/example_dags/example_latest_only_with_trigger.py for tasks to queue
[2024-05-20T16:01:25.780+0000] {logging_mixin.py:188} INFO - [2024-05-20T16:01:25.780+0000] {dagbag.py:545} INFO - Filling up the DagBag from /home/airflow/.local/lib/python3.12/site-packages/airflow/example_dags/example_latest_only_with_trigger.py
[2024-05-20T16:01:25.784+0000] {processor.py:840} INFO - DAG(s) 'latest_only_with_trigger' retrieved from /home/airflow/.local/lib/python3.12/site-packages/airflow/example_dags/example_latest_only_with_trigger.py
[2024-05-20T16:01:25.799+0000] {logging_mixin.py:188} INFO - [2024-05-20T16:01:25.798+0000] {dag.py:3096} INFO - Sync 1 DAGs
[2024-05-20T16:01:25.814+0000] {logging_mixin.py:188} INFO - [2024-05-20T16:01:25.813+0000] {dag.py:3954} INFO - Setting next_dagrun for latest_only_with_trigger to 2024-05-20 12:00:00+00:00, run_after=2024-05-20 16:00:00+00:00
[2024-05-20T16:01:25.827+0000] {processor.py:183} INFO - Processing /home/airflow/.local/lib/python3.12/site-packages/airflow/example_dags/example_latest_only_with_trigger.py took 0.054 seconds
[2024-05-20T16:01:56.139+0000] {processor.py:161} INFO - Started process (PID=303) to work on /home/airflow/.local/lib/python3.12/site-packages/airflow/example_dags/example_latest_only_with_trigger.py
[2024-05-20T16:01:56.140+0000] {processor.py:830} INFO - Processing file /home/airflow/.local/lib/python3.12/site-packages/airflow/example_dags/example_latest_only_with_trigger.py for tasks to queue
[2024-05-20T16:01:56.142+0000] {logging_mixin.py:188} INFO - [2024-05-20T16:01:56.142+0000] {dagbag.py:545} INFO - Filling up the DagBag from /home/airflow/.local/lib/python3.12/site-packages/airflow/example_dags/example_latest_only_with_trigger.py
[2024-05-20T16:01:56.146+0000] {processor.py:840} INFO - DAG(s) 'latest_only_with_trigger' retrieved from /home/airflow/.local/lib/python3.12/site-packages/airflow/example_dags/example_latest_only_with_trigger.py
[2024-05-20T16:01:56.160+0000] {logging_mixin.py:188} INFO - [2024-05-20T16:01:56.160+0000] {dag.py:3096} INFO - Sync 1 DAGs
[2024-05-20T16:01:56.175+0000] {logging_mixin.py:188} INFO - [2024-05-20T16:01:56.175+0000] {dag.py:3954} INFO - Setting next_dagrun for latest_only_with_trigger to 2024-05-20 12:00:00+00:00, run_after=2024-05-20 16:00:00+00:00
[2024-05-20T16:01:56.187+0000] {processor.py:183} INFO - Processing /home/airflow/.local/lib/python3.12/site-packages/airflow/example_dags/example_latest_only_with_trigger.py took 0.052 seconds
[2024-05-20T16:02:26.898+0000] {processor.py:161} INFO - Started process (PID=362) to work on /home/airflow/.local/lib/python3.12/site-packages/airflow/example_dags/example_latest_only_with_trigger.py
[2024-05-20T16:02:26.899+0000] {processor.py:830} INFO - Processing file /home/airflow/.local/lib/python3.12/site-packages/airflow/example_dags/example_latest_only_with_trigger.py for tasks to queue
[2024-05-20T16:02:26.901+0000] {logging_mixin.py:188} INFO - [2024-05-20T16:02:26.901+0000] {dagbag.py:545} INFO - Filling up the DagBag from /home/airflow/.local/lib/python3.12/site-packages/airflow/example_dags/example_latest_only_with_trigger.py
[2024-05-20T16:02:26.906+0000] {processor.py:840} INFO - DAG(s) 'latest_only_with_trigger' retrieved from /home/airflow/.local/lib/python3.12/site-packages/airflow/example_dags/example_latest_only_with_trigger.py
[2024-05-20T16:02:26.924+0000] {logging_mixin.py:188} INFO - [2024-05-20T16:02:26.924+0000] {dag.py:3096} INFO - Sync 1 DAGs
[2024-05-20T16:02:26.941+0000] {logging_mixin.py:188} INFO - [2024-05-20T16:02:26.941+0000] {dag.py:3954} INFO - Setting next_dagrun for latest_only_with_trigger to 2024-05-20 12:00:00+00:00, run_after=2024-05-20 16:00:00+00:00
[2024-05-20T16:02:26.957+0000] {processor.py:183} INFO - Processing /home/airflow/.local/lib/python3.12/site-packages/airflow/example_dags/example_latest_only_with_trigger.py took 0.064 seconds
[2024-05-20T16:02:57.152+0000] {processor.py:161} INFO - Started process (PID=422) to work on /home/airflow/.local/lib/python3.12/site-packages/airflow/example_dags/example_latest_only_with_trigger.py
[2024-05-20T16:02:57.153+0000] {processor.py:830} INFO - Processing file /home/airflow/.local/lib/python3.12/site-packages/airflow/example_dags/example_latest_only_with_trigger.py for tasks to queue
[2024-05-20T16:02:57.155+0000] {logging_mixin.py:188} INFO - [2024-05-20T16:02:57.154+0000] {dagbag.py:545} INFO - Filling up the DagBag from /home/airflow/.local/lib/python3.12/site-packages/airflow/example_dags/example_latest_only_with_trigger.py
[2024-05-20T16:02:57.159+0000] {processor.py:840} INFO - DAG(s) 'latest_only_with_trigger' retrieved from /home/airflow/.local/lib/python3.12/site-packages/airflow/example_dags/example_latest_only_with_trigger.py
[2024-05-20T16:02:57.173+0000] {logging_mixin.py:188} INFO - [2024-05-20T16:02:57.173+0000] {dag.py:3096} INFO - Sync 1 DAGs
[2024-05-20T16:02:57.189+0000] {logging_mixin.py:188} INFO - [2024-05-20T16:02:57.189+0000] {dag.py:3954} INFO - Setting next_dagrun for latest_only_with_trigger to 2024-05-20 12:00:00+00:00, run_after=2024-05-20 16:00:00+00:00
[2024-05-20T16:02:57.201+0000] {processor.py:183} INFO - Processing /home/airflow/.local/lib/python3.12/site-packages/airflow/example_dags/example_latest_only_with_trigger.py took 0.053 seconds
[2024-05-20T16:03:27.704+0000] {processor.py:161} INFO - Started process (PID=484) to work on /home/airflow/.local/lib/python3.12/site-packages/airflow/example_dags/example_latest_only_with_trigger.py
[2024-05-20T16:03:27.705+0000] {processor.py:830} INFO - Processing file /home/airflow/.local/lib/python3.12/site-packages/airflow/example_dags/example_latest_only_with_trigger.py for tasks to queue
[2024-05-20T16:03:27.707+0000] {logging_mixin.py:188} INFO - [2024-05-20T16:03:27.706+0000] {dagbag.py:545} INFO - Filling up the DagBag from /home/airflow/.local/lib/python3.12/site-packages/airflow/example_dags/example_latest_only_with_trigger.py
[2024-05-20T16:03:27.711+0000] {processor.py:840} INFO - DAG(s) 'latest_only_with_trigger' retrieved from /home/airflow/.local/lib/python3.12/site-packages/airflow/example_dags/example_latest_only_with_trigger.py
[2024-05-20T16:03:27.726+0000] {logging_mixin.py:188} INFO - [2024-05-20T16:03:27.725+0000] {dag.py:3096} INFO - Sync 1 DAGs
[2024-05-20T16:03:27.741+0000] {logging_mixin.py:188} INFO - [2024-05-20T16:03:27.741+0000] {dag.py:3954} INFO - Setting next_dagrun for latest_only_with_trigger to 2024-05-20 12:00:00+00:00, run_after=2024-05-20 16:00:00+00:00
[2024-05-20T16:03:27.755+0000] {processor.py:183} INFO - Processing /home/airflow/.local/lib/python3.12/site-packages/airflow/example_dags/example_latest_only_with_trigger.py took 0.055 seconds
