[2024-05-20T15:59:55.391+0000] {processor.py:161} INFO - Started process (PID=75) to work on /home/airflow/.local/lib/python3.12/site-packages/airflow/example_dags/example_branch_operator.py
[2024-05-20T15:59:55.392+0000] {processor.py:830} INFO - Processing file /home/airflow/.local/lib/python3.12/site-packages/airflow/example_dags/example_branch_operator.py for tasks to queue
[2024-05-20T15:59:55.394+0000] {logging_mixin.py:188} INFO - [2024-05-20T15:59:55.394+0000] {dagbag.py:545} INFO - Filling up the DagBag from /home/airflow/.local/lib/python3.12/site-packages/airflow/example_dags/example_branch_operator.py
[2024-05-20T15:59:55.409+0000] {processor.py:840} INFO - DAG(s) 'example_branch_operator' retrieved from /home/airflow/.local/lib/python3.12/site-packages/airflow/example_dags/example_branch_operator.py
[2024-05-20T15:59:55.423+0000] {logging_mixin.py:188} INFO - [2024-05-20T15:59:55.422+0000] {dag.py:3096} INFO - Sync 1 DAGs
[2024-05-20T15:59:55.443+0000] {logging_mixin.py:188} INFO - [2024-05-20T15:59:55.442+0000] {dag.py:3954} INFO - Setting next_dagrun for example_branch_operator to 2024-05-19 00:00:00+00:00, run_after=2024-05-20 00:00:00+00:00
[2024-05-20T15:59:55.462+0000] {processor.py:183} INFO - Processing /home/airflow/.local/lib/python3.12/site-packages/airflow/example_dags/example_branch_operator.py took 0.077 seconds
[2024-05-20T16:00:26.391+0000] {processor.py:161} INFO - Started process (PID=134) to work on /home/airflow/.local/lib/python3.12/site-packages/airflow/example_dags/example_branch_operator.py
[2024-05-20T16:00:26.398+0000] {processor.py:830} INFO - Processing file /home/airflow/.local/lib/python3.12/site-packages/airflow/example_dags/example_branch_operator.py for tasks to queue
[2024-05-20T16:00:26.402+0000] {logging_mixin.py:188} INFO - [2024-05-20T16:00:26.401+0000] {dagbag.py:545} INFO - Filling up the DagBag from /home/airflow/.local/lib/python3.12/site-packages/airflow/example_dags/example_branch_operator.py
[2024-05-20T16:00:26.417+0000] {processor.py:840} INFO - DAG(s) 'example_branch_operator' retrieved from /home/airflow/.local/lib/python3.12/site-packages/airflow/example_dags/example_branch_operator.py
[2024-05-20T16:00:26.501+0000] {logging_mixin.py:188} INFO - [2024-05-20T16:00:26.500+0000] {dag.py:3096} INFO - Sync 1 DAGs
[2024-05-20T16:00:26.515+0000] {logging_mixin.py:188} INFO - [2024-05-20T16:00:26.515+0000] {dag.py:3954} INFO - Setting next_dagrun for example_branch_operator to 2024-05-19 00:00:00+00:00, run_after=2024-05-20 00:00:00+00:00
[2024-05-20T16:00:26.532+0000] {processor.py:183} INFO - Processing /home/airflow/.local/lib/python3.12/site-packages/airflow/example_dags/example_branch_operator.py took 0.146 seconds
[2024-05-20T16:00:57.322+0000] {processor.py:161} INFO - Started process (PID=193) to work on /home/airflow/.local/lib/python3.12/site-packages/airflow/example_dags/example_branch_operator.py
[2024-05-20T16:00:57.326+0000] {processor.py:830} INFO - Processing file /home/airflow/.local/lib/python3.12/site-packages/airflow/example_dags/example_branch_operator.py for tasks to queue
[2024-05-20T16:00:57.331+0000] {logging_mixin.py:188} INFO - [2024-05-20T16:00:57.329+0000] {dagbag.py:545} INFO - Filling up the DagBag from /home/airflow/.local/lib/python3.12/site-packages/airflow/example_dags/example_branch_operator.py
[2024-05-20T16:00:57.346+0000] {processor.py:840} INFO - DAG(s) 'example_branch_operator' retrieved from /home/airflow/.local/lib/python3.12/site-packages/airflow/example_dags/example_branch_operator.py
[2024-05-20T16:00:57.369+0000] {logging_mixin.py:188} INFO - [2024-05-20T16:00:57.369+0000] {dag.py:3096} INFO - Sync 1 DAGs
[2024-05-20T16:00:57.390+0000] {logging_mixin.py:188} INFO - [2024-05-20T16:00:57.390+0000] {dag.py:3954} INFO - Setting next_dagrun for example_branch_operator to 2024-05-19 00:00:00+00:00, run_after=2024-05-20 00:00:00+00:00
[2024-05-20T16:00:57.407+0000] {processor.py:183} INFO - Processing /home/airflow/.local/lib/python3.12/site-packages/airflow/example_dags/example_branch_operator.py took 0.092 seconds
[2024-05-20T16:01:28.237+0000] {processor.py:161} INFO - Started process (PID=252) to work on /home/airflow/.local/lib/python3.12/site-packages/airflow/example_dags/example_branch_operator.py
[2024-05-20T16:01:28.238+0000] {processor.py:830} INFO - Processing file /home/airflow/.local/lib/python3.12/site-packages/airflow/example_dags/example_branch_operator.py for tasks to queue
[2024-05-20T16:01:28.239+0000] {logging_mixin.py:188} INFO - [2024-05-20T16:01:28.239+0000] {dagbag.py:545} INFO - Filling up the DagBag from /home/airflow/.local/lib/python3.12/site-packages/airflow/example_dags/example_branch_operator.py
[2024-05-20T16:01:28.251+0000] {processor.py:840} INFO - DAG(s) 'example_branch_operator' retrieved from /home/airflow/.local/lib/python3.12/site-packages/airflow/example_dags/example_branch_operator.py
[2024-05-20T16:01:28.272+0000] {logging_mixin.py:188} INFO - [2024-05-20T16:01:28.271+0000] {dag.py:3096} INFO - Sync 1 DAGs
[2024-05-20T16:01:28.288+0000] {logging_mixin.py:188} INFO - [2024-05-20T16:01:28.287+0000] {dag.py:3954} INFO - Setting next_dagrun for example_branch_operator to 2024-05-19 00:00:00+00:00, run_after=2024-05-20 00:00:00+00:00
[2024-05-20T16:01:28.302+0000] {processor.py:183} INFO - Processing /home/airflow/.local/lib/python3.12/site-packages/airflow/example_dags/example_branch_operator.py took 0.069 seconds
[2024-05-20T16:01:58.726+0000] {processor.py:161} INFO - Started process (PID=314) to work on /home/airflow/.local/lib/python3.12/site-packages/airflow/example_dags/example_branch_operator.py
[2024-05-20T16:01:58.727+0000] {processor.py:830} INFO - Processing file /home/airflow/.local/lib/python3.12/site-packages/airflow/example_dags/example_branch_operator.py for tasks to queue
[2024-05-20T16:01:58.730+0000] {logging_mixin.py:188} INFO - [2024-05-20T16:01:58.729+0000] {dagbag.py:545} INFO - Filling up the DagBag from /home/airflow/.local/lib/python3.12/site-packages/airflow/example_dags/example_branch_operator.py
[2024-05-20T16:01:58.748+0000] {processor.py:840} INFO - DAG(s) 'example_branch_operator' retrieved from /home/airflow/.local/lib/python3.12/site-packages/airflow/example_dags/example_branch_operator.py
[2024-05-20T16:01:58.779+0000] {logging_mixin.py:188} INFO - [2024-05-20T16:01:58.779+0000] {dag.py:3096} INFO - Sync 1 DAGs
[2024-05-20T16:01:58.800+0000] {logging_mixin.py:188} INFO - [2024-05-20T16:01:58.800+0000] {dag.py:3954} INFO - Setting next_dagrun for example_branch_operator to 2024-05-19 00:00:00+00:00, run_after=2024-05-20 00:00:00+00:00
[2024-05-20T16:01:58.818+0000] {processor.py:183} INFO - Processing /home/airflow/.local/lib/python3.12/site-packages/airflow/example_dags/example_branch_operator.py took 0.100 seconds
[2024-05-20T16:02:29.362+0000] {processor.py:161} INFO - Started process (PID=373) to work on /home/airflow/.local/lib/python3.12/site-packages/airflow/example_dags/example_branch_operator.py
[2024-05-20T16:02:29.364+0000] {processor.py:830} INFO - Processing file /home/airflow/.local/lib/python3.12/site-packages/airflow/example_dags/example_branch_operator.py for tasks to queue
[2024-05-20T16:02:29.366+0000] {logging_mixin.py:188} INFO - [2024-05-20T16:02:29.366+0000] {dagbag.py:545} INFO - Filling up the DagBag from /home/airflow/.local/lib/python3.12/site-packages/airflow/example_dags/example_branch_operator.py
[2024-05-20T16:02:29.394+0000] {processor.py:840} INFO - DAG(s) 'example_branch_operator' retrieved from /home/airflow/.local/lib/python3.12/site-packages/airflow/example_dags/example_branch_operator.py
[2024-05-20T16:02:29.421+0000] {logging_mixin.py:188} INFO - [2024-05-20T16:02:29.421+0000] {dag.py:3096} INFO - Sync 1 DAGs
[2024-05-20T16:02:29.438+0000] {logging_mixin.py:188} INFO - [2024-05-20T16:02:29.438+0000] {dag.py:3954} INFO - Setting next_dagrun for example_branch_operator to 2024-05-19 00:00:00+00:00, run_after=2024-05-20 00:00:00+00:00
[2024-05-20T16:02:29.454+0000] {processor.py:183} INFO - Processing /home/airflow/.local/lib/python3.12/site-packages/airflow/example_dags/example_branch_operator.py took 0.099 seconds
[2024-05-20T16:02:59.863+0000] {processor.py:161} INFO - Started process (PID=433) to work on /home/airflow/.local/lib/python3.12/site-packages/airflow/example_dags/example_branch_operator.py
[2024-05-20T16:02:59.865+0000] {processor.py:830} INFO - Processing file /home/airflow/.local/lib/python3.12/site-packages/airflow/example_dags/example_branch_operator.py for tasks to queue
[2024-05-20T16:02:59.866+0000] {logging_mixin.py:188} INFO - [2024-05-20T16:02:59.866+0000] {dagbag.py:545} INFO - Filling up the DagBag from /home/airflow/.local/lib/python3.12/site-packages/airflow/example_dags/example_branch_operator.py
[2024-05-20T16:02:59.907+0000] {processor.py:840} INFO - DAG(s) 'example_branch_operator' retrieved from /home/airflow/.local/lib/python3.12/site-packages/airflow/example_dags/example_branch_operator.py
[2024-05-20T16:02:59.949+0000] {logging_mixin.py:188} INFO - [2024-05-20T16:02:59.949+0000] {dag.py:3096} INFO - Sync 1 DAGs
[2024-05-20T16:02:59.964+0000] {logging_mixin.py:188} INFO - [2024-05-20T16:02:59.964+0000] {dag.py:3954} INFO - Setting next_dagrun for example_branch_operator to 2024-05-19 00:00:00+00:00, run_after=2024-05-20 00:00:00+00:00
[2024-05-20T16:02:59.984+0000] {processor.py:183} INFO - Processing /home/airflow/.local/lib/python3.12/site-packages/airflow/example_dags/example_branch_operator.py took 0.127 seconds
[2024-05-20T16:03:30.220+0000] {processor.py:161} INFO - Started process (PID=495) to work on /home/airflow/.local/lib/python3.12/site-packages/airflow/example_dags/example_branch_operator.py
[2024-05-20T16:03:30.221+0000] {processor.py:830} INFO - Processing file /home/airflow/.local/lib/python3.12/site-packages/airflow/example_dags/example_branch_operator.py for tasks to queue
[2024-05-20T16:03:30.223+0000] {logging_mixin.py:188} INFO - [2024-05-20T16:03:30.223+0000] {dagbag.py:545} INFO - Filling up the DagBag from /home/airflow/.local/lib/python3.12/site-packages/airflow/example_dags/example_branch_operator.py
[2024-05-20T16:03:30.238+0000] {processor.py:840} INFO - DAG(s) 'example_branch_operator' retrieved from /home/airflow/.local/lib/python3.12/site-packages/airflow/example_dags/example_branch_operator.py
[2024-05-20T16:03:30.263+0000] {logging_mixin.py:188} INFO - [2024-05-20T16:03:30.263+0000] {dag.py:3096} INFO - Sync 1 DAGs
[2024-05-20T16:03:30.281+0000] {logging_mixin.py:188} INFO - [2024-05-20T16:03:30.280+0000] {dag.py:3954} INFO - Setting next_dagrun for example_branch_operator to 2024-05-19 00:00:00+00:00, run_after=2024-05-20 00:00:00+00:00
[2024-05-20T16:03:30.295+0000] {processor.py:183} INFO - Processing /home/airflow/.local/lib/python3.12/site-packages/airflow/example_dags/example_branch_operator.py took 0.081 seconds
