[2024-05-20T15:59:53.158+0000] {processor.py:161} INFO - Started process (PID=40) to work on /home/airflow/.local/lib/python3.12/site-packages/airflow/example_dags/example_python_decorator.py
[2024-05-20T15:59:53.161+0000] {processor.py:830} INFO - Processing file /home/airflow/.local/lib/python3.12/site-packages/airflow/example_dags/example_python_decorator.py for tasks to queue
[2024-05-20T15:59:53.166+0000] {logging_mixin.py:188} INFO - [2024-05-20T15:59:53.165+0000] {dagbag.py:545} INFO - Filling up the DagBag from /home/airflow/.local/lib/python3.12/site-packages/airflow/example_dags/example_python_decorator.py
[2024-05-20T15:59:53.197+0000] {processor.py:840} INFO - DAG(s) 'example_python_decorator' retrieved from /home/airflow/.local/lib/python3.12/site-packages/airflow/example_dags/example_python_decorator.py
[2024-05-20T15:59:53.208+0000] {logging_mixin.py:188} INFO - [2024-05-20T15:59:53.207+0000] {dag.py:3096} INFO - Sync 1 DAGs
[2024-05-20T15:59:53.234+0000] {logging_mixin.py:188} INFO - [2024-05-20T15:59:53.234+0000] {dag.py:3954} INFO - Setting next_dagrun for example_python_decorator to None, run_after=None
[2024-05-20T15:59:53.259+0000] {processor.py:183} INFO - Processing /home/airflow/.local/lib/python3.12/site-packages/airflow/example_dags/example_python_decorator.py took 0.118 seconds
[2024-05-20T16:00:23.490+0000] {processor.py:161} INFO - Started process (PID=99) to work on /home/airflow/.local/lib/python3.12/site-packages/airflow/example_dags/example_python_decorator.py
[2024-05-20T16:00:23.491+0000] {processor.py:830} INFO - Processing file /home/airflow/.local/lib/python3.12/site-packages/airflow/example_dags/example_python_decorator.py for tasks to queue
[2024-05-20T16:00:23.493+0000] {logging_mixin.py:188} INFO - [2024-05-20T16:00:23.492+0000] {dagbag.py:545} INFO - Filling up the DagBag from /home/airflow/.local/lib/python3.12/site-packages/airflow/example_dags/example_python_decorator.py
[2024-05-20T16:00:23.501+0000] {processor.py:840} INFO - DAG(s) 'example_python_decorator' retrieved from /home/airflow/.local/lib/python3.12/site-packages/airflow/example_dags/example_python_decorator.py
[2024-05-20T16:00:23.608+0000] {logging_mixin.py:188} INFO - [2024-05-20T16:00:23.607+0000] {dag.py:3096} INFO - Sync 1 DAGs
[2024-05-20T16:00:23.625+0000] {logging_mixin.py:188} INFO - [2024-05-20T16:00:23.625+0000] {dag.py:3954} INFO - Setting next_dagrun for example_python_decorator to None, run_after=None
[2024-05-20T16:00:23.642+0000] {processor.py:183} INFO - Processing /home/airflow/.local/lib/python3.12/site-packages/airflow/example_dags/example_python_decorator.py took 0.157 seconds
[2024-05-20T16:00:53.808+0000] {processor.py:161} INFO - Started process (PID=158) to work on /home/airflow/.local/lib/python3.12/site-packages/airflow/example_dags/example_python_decorator.py
[2024-05-20T16:00:53.810+0000] {processor.py:830} INFO - Processing file /home/airflow/.local/lib/python3.12/site-packages/airflow/example_dags/example_python_decorator.py for tasks to queue
[2024-05-20T16:00:53.812+0000] {logging_mixin.py:188} INFO - [2024-05-20T16:00:53.812+0000] {dagbag.py:545} INFO - Filling up the DagBag from /home/airflow/.local/lib/python3.12/site-packages/airflow/example_dags/example_python_decorator.py
[2024-05-20T16:00:53.825+0000] {processor.py:840} INFO - DAG(s) 'example_python_decorator' retrieved from /home/airflow/.local/lib/python3.12/site-packages/airflow/example_dags/example_python_decorator.py
[2024-05-20T16:00:53.852+0000] {logging_mixin.py:188} INFO - [2024-05-20T16:00:53.852+0000] {dag.py:3096} INFO - Sync 1 DAGs
[2024-05-20T16:00:53.875+0000] {logging_mixin.py:188} INFO - [2024-05-20T16:00:53.875+0000] {dag.py:3954} INFO - Setting next_dagrun for example_python_decorator to None, run_after=None
[2024-05-20T16:00:53.893+0000] {processor.py:183} INFO - Processing /home/airflow/.local/lib/python3.12/site-packages/airflow/example_dags/example_python_decorator.py took 0.092 seconds
[2024-05-20T16:01:24.369+0000] {processor.py:161} INFO - Started process (PID=217) to work on /home/airflow/.local/lib/python3.12/site-packages/airflow/example_dags/example_python_decorator.py
[2024-05-20T16:01:24.370+0000] {processor.py:830} INFO - Processing file /home/airflow/.local/lib/python3.12/site-packages/airflow/example_dags/example_python_decorator.py for tasks to queue
[2024-05-20T16:01:24.372+0000] {logging_mixin.py:188} INFO - [2024-05-20T16:01:24.372+0000] {dagbag.py:545} INFO - Filling up the DagBag from /home/airflow/.local/lib/python3.12/site-packages/airflow/example_dags/example_python_decorator.py
[2024-05-20T16:01:24.381+0000] {processor.py:840} INFO - DAG(s) 'example_python_decorator' retrieved from /home/airflow/.local/lib/python3.12/site-packages/airflow/example_dags/example_python_decorator.py
[2024-05-20T16:01:24.397+0000] {logging_mixin.py:188} INFO - [2024-05-20T16:01:24.397+0000] {dag.py:3096} INFO - Sync 1 DAGs
[2024-05-20T16:01:24.406+0000] {logging_mixin.py:188} INFO - [2024-05-20T16:01:24.406+0000] {dag.py:3954} INFO - Setting next_dagrun for example_python_decorator to None, run_after=None
[2024-05-20T16:01:24.419+0000] {processor.py:183} INFO - Processing /home/airflow/.local/lib/python3.12/site-packages/airflow/example_dags/example_python_decorator.py took 0.054 seconds
[2024-05-20T16:01:54.600+0000] {processor.py:161} INFO - Started process (PID=278) to work on /home/airflow/.local/lib/python3.12/site-packages/airflow/example_dags/example_python_decorator.py
[2024-05-20T16:01:54.602+0000] {processor.py:830} INFO - Processing file /home/airflow/.local/lib/python3.12/site-packages/airflow/example_dags/example_python_decorator.py for tasks to queue
[2024-05-20T16:01:54.606+0000] {logging_mixin.py:188} INFO - [2024-05-20T16:01:54.606+0000] {dagbag.py:545} INFO - Filling up the DagBag from /home/airflow/.local/lib/python3.12/site-packages/airflow/example_dags/example_python_decorator.py
[2024-05-20T16:01:54.629+0000] {processor.py:840} INFO - DAG(s) 'example_python_decorator' retrieved from /home/airflow/.local/lib/python3.12/site-packages/airflow/example_dags/example_python_decorator.py
[2024-05-20T16:01:54.680+0000] {logging_mixin.py:188} INFO - [2024-05-20T16:01:54.679+0000] {dag.py:3096} INFO - Sync 1 DAGs
[2024-05-20T16:01:54.702+0000] {logging_mixin.py:188} INFO - [2024-05-20T16:01:54.701+0000] {dag.py:3954} INFO - Setting next_dagrun for example_python_decorator to None, run_after=None
[2024-05-20T16:01:54.732+0000] {processor.py:183} INFO - Processing /home/airflow/.local/lib/python3.12/site-packages/airflow/example_dags/example_python_decorator.py took 0.146 seconds
[2024-05-20T16:02:25.178+0000] {processor.py:161} INFO - Started process (PID=337) to work on /home/airflow/.local/lib/python3.12/site-packages/airflow/example_dags/example_python_decorator.py
[2024-05-20T16:02:25.179+0000] {processor.py:830} INFO - Processing file /home/airflow/.local/lib/python3.12/site-packages/airflow/example_dags/example_python_decorator.py for tasks to queue
[2024-05-20T16:02:25.180+0000] {logging_mixin.py:188} INFO - [2024-05-20T16:02:25.180+0000] {dagbag.py:545} INFO - Filling up the DagBag from /home/airflow/.local/lib/python3.12/site-packages/airflow/example_dags/example_python_decorator.py
[2024-05-20T16:02:25.203+0000] {processor.py:840} INFO - DAG(s) 'example_python_decorator' retrieved from /home/airflow/.local/lib/python3.12/site-packages/airflow/example_dags/example_python_decorator.py
[2024-05-20T16:02:25.225+0000] {logging_mixin.py:188} INFO - [2024-05-20T16:02:25.225+0000] {dag.py:3096} INFO - Sync 1 DAGs
[2024-05-20T16:02:25.236+0000] {logging_mixin.py:188} INFO - [2024-05-20T16:02:25.236+0000] {dag.py:3954} INFO - Setting next_dagrun for example_python_decorator to None, run_after=None
[2024-05-20T16:02:25.254+0000] {processor.py:183} INFO - Processing /home/airflow/.local/lib/python3.12/site-packages/airflow/example_dags/example_python_decorator.py took 0.080 seconds
[2024-05-20T16:02:55.479+0000] {processor.py:161} INFO - Started process (PID=398) to work on /home/airflow/.local/lib/python3.12/site-packages/airflow/example_dags/example_python_decorator.py
[2024-05-20T16:02:55.482+0000] {processor.py:830} INFO - Processing file /home/airflow/.local/lib/python3.12/site-packages/airflow/example_dags/example_python_decorator.py for tasks to queue
[2024-05-20T16:02:55.485+0000] {logging_mixin.py:188} INFO - [2024-05-20T16:02:55.485+0000] {dagbag.py:545} INFO - Filling up the DagBag from /home/airflow/.local/lib/python3.12/site-packages/airflow/example_dags/example_python_decorator.py
[2024-05-20T16:02:55.494+0000] {processor.py:840} INFO - DAG(s) 'example_python_decorator' retrieved from /home/airflow/.local/lib/python3.12/site-packages/airflow/example_dags/example_python_decorator.py
[2024-05-20T16:02:55.510+0000] {logging_mixin.py:188} INFO - [2024-05-20T16:02:55.510+0000] {dag.py:3096} INFO - Sync 1 DAGs
[2024-05-20T16:02:55.519+0000] {logging_mixin.py:188} INFO - [2024-05-20T16:02:55.519+0000] {dag.py:3954} INFO - Setting next_dagrun for example_python_decorator to None, run_after=None
[2024-05-20T16:02:55.548+0000] {processor.py:183} INFO - Processing /home/airflow/.local/lib/python3.12/site-packages/airflow/example_dags/example_python_decorator.py took 0.076 seconds
[2024-05-20T16:03:26.222+0000] {processor.py:161} INFO - Started process (PID=460) to work on /home/airflow/.local/lib/python3.12/site-packages/airflow/example_dags/example_python_decorator.py
[2024-05-20T16:03:26.223+0000] {processor.py:830} INFO - Processing file /home/airflow/.local/lib/python3.12/site-packages/airflow/example_dags/example_python_decorator.py for tasks to queue
[2024-05-20T16:03:26.225+0000] {logging_mixin.py:188} INFO - [2024-05-20T16:03:26.224+0000] {dagbag.py:545} INFO - Filling up the DagBag from /home/airflow/.local/lib/python3.12/site-packages/airflow/example_dags/example_python_decorator.py
[2024-05-20T16:03:26.234+0000] {processor.py:840} INFO - DAG(s) 'example_python_decorator' retrieved from /home/airflow/.local/lib/python3.12/site-packages/airflow/example_dags/example_python_decorator.py
[2024-05-20T16:03:26.252+0000] {logging_mixin.py:188} INFO - [2024-05-20T16:03:26.251+0000] {dag.py:3096} INFO - Sync 1 DAGs
[2024-05-20T16:03:26.261+0000] {logging_mixin.py:188} INFO - [2024-05-20T16:03:26.261+0000] {dag.py:3954} INFO - Setting next_dagrun for example_python_decorator to None, run_after=None
[2024-05-20T16:03:26.278+0000] {processor.py:183} INFO - Processing /home/airflow/.local/lib/python3.12/site-packages/airflow/example_dags/example_python_decorator.py took 0.060 seconds
