[2024-05-20T15:59:55.699+0000] {processor.py:161} INFO - Started process (PID=81) to work on /home/airflow/.local/lib/python3.12/site-packages/airflow/example_dags/example_display_name.py
[2024-05-20T15:59:55.700+0000] {processor.py:830} INFO - Processing file /home/airflow/.local/lib/python3.12/site-packages/airflow/example_dags/example_display_name.py for tasks to queue
[2024-05-20T15:59:55.703+0000] {logging_mixin.py:188} INFO - [2024-05-20T15:59:55.703+0000] {dagbag.py:545} INFO - Filling up the DagBag from /home/airflow/.local/lib/python3.12/site-packages/airflow/example_dags/example_display_name.py
[2024-05-20T15:59:55.709+0000] {processor.py:840} INFO - DAG(s) 'example_display_name' retrieved from /home/airflow/.local/lib/python3.12/site-packages/airflow/example_dags/example_display_name.py
[2024-05-20T15:59:55.719+0000] {logging_mixin.py:188} INFO - [2024-05-20T15:59:55.718+0000] {dag.py:3096} INFO - Sync 1 DAGs
[2024-05-20T15:59:55.729+0000] {logging_mixin.py:188} INFO - [2024-05-20T15:59:55.729+0000] {dag.py:3954} INFO - Setting next_dagrun for example_display_name to None, run_after=None
[2024-05-20T15:59:55.746+0000] {processor.py:183} INFO - Processing /home/airflow/.local/lib/python3.12/site-packages/airflow/example_dags/example_display_name.py took 0.052 seconds
[2024-05-20T16:00:26.985+0000] {processor.py:161} INFO - Started process (PID=140) to work on /home/airflow/.local/lib/python3.12/site-packages/airflow/example_dags/example_display_name.py
[2024-05-20T16:00:26.986+0000] {processor.py:830} INFO - Processing file /home/airflow/.local/lib/python3.12/site-packages/airflow/example_dags/example_display_name.py for tasks to queue
[2024-05-20T16:00:26.987+0000] {logging_mixin.py:188} INFO - [2024-05-20T16:00:26.987+0000] {dagbag.py:545} INFO - Filling up the DagBag from /home/airflow/.local/lib/python3.12/site-packages/airflow/example_dags/example_display_name.py
[2024-05-20T16:00:26.992+0000] {processor.py:840} INFO - DAG(s) 'example_display_name' retrieved from /home/airflow/.local/lib/python3.12/site-packages/airflow/example_dags/example_display_name.py
[2024-05-20T16:00:27.062+0000] {logging_mixin.py:188} INFO - [2024-05-20T16:00:27.062+0000] {dag.py:3096} INFO - Sync 1 DAGs
[2024-05-20T16:00:27.070+0000] {logging_mixin.py:188} INFO - [2024-05-20T16:00:27.069+0000] {dag.py:3954} INFO - Setting next_dagrun for example_display_name to None, run_after=None
[2024-05-20T16:00:27.085+0000] {processor.py:183} INFO - Processing /home/airflow/.local/lib/python3.12/site-packages/airflow/example_dags/example_display_name.py took 0.105 seconds
[2024-05-20T16:00:57.655+0000] {processor.py:161} INFO - Started process (PID=199) to work on /home/airflow/.local/lib/python3.12/site-packages/airflow/example_dags/example_display_name.py
[2024-05-20T16:00:57.656+0000] {processor.py:830} INFO - Processing file /home/airflow/.local/lib/python3.12/site-packages/airflow/example_dags/example_display_name.py for tasks to queue
[2024-05-20T16:00:57.658+0000] {logging_mixin.py:188} INFO - [2024-05-20T16:00:57.658+0000] {dagbag.py:545} INFO - Filling up the DagBag from /home/airflow/.local/lib/python3.12/site-packages/airflow/example_dags/example_display_name.py
[2024-05-20T16:00:57.663+0000] {processor.py:840} INFO - DAG(s) 'example_display_name' retrieved from /home/airflow/.local/lib/python3.12/site-packages/airflow/example_dags/example_display_name.py
[2024-05-20T16:00:57.677+0000] {logging_mixin.py:188} INFO - [2024-05-20T16:00:57.677+0000] {dag.py:3096} INFO - Sync 1 DAGs
[2024-05-20T16:00:57.687+0000] {logging_mixin.py:188} INFO - [2024-05-20T16:00:57.686+0000] {dag.py:3954} INFO - Setting next_dagrun for example_display_name to None, run_after=None
[2024-05-20T16:00:57.700+0000] {processor.py:183} INFO - Processing /home/airflow/.local/lib/python3.12/site-packages/airflow/example_dags/example_display_name.py took 0.049 seconds
[2024-05-20T16:01:28.520+0000] {processor.py:161} INFO - Started process (PID=258) to work on /home/airflow/.local/lib/python3.12/site-packages/airflow/example_dags/example_display_name.py
[2024-05-20T16:01:28.521+0000] {processor.py:830} INFO - Processing file /home/airflow/.local/lib/python3.12/site-packages/airflow/example_dags/example_display_name.py for tasks to queue
[2024-05-20T16:01:28.523+0000] {logging_mixin.py:188} INFO - [2024-05-20T16:01:28.522+0000] {dagbag.py:545} INFO - Filling up the DagBag from /home/airflow/.local/lib/python3.12/site-packages/airflow/example_dags/example_display_name.py
[2024-05-20T16:01:28.528+0000] {processor.py:840} INFO - DAG(s) 'example_display_name' retrieved from /home/airflow/.local/lib/python3.12/site-packages/airflow/example_dags/example_display_name.py
[2024-05-20T16:01:28.545+0000] {logging_mixin.py:188} INFO - [2024-05-20T16:01:28.544+0000] {dag.py:3096} INFO - Sync 1 DAGs
[2024-05-20T16:01:28.554+0000] {logging_mixin.py:188} INFO - [2024-05-20T16:01:28.553+0000] {dag.py:3954} INFO - Setting next_dagrun for example_display_name to None, run_after=None
[2024-05-20T16:01:28.595+0000] {processor.py:183} INFO - Processing /home/airflow/.local/lib/python3.12/site-packages/airflow/example_dags/example_display_name.py took 0.082 seconds
[2024-05-20T16:01:59.257+0000] {processor.py:161} INFO - Started process (PID=320) to work on /home/airflow/.local/lib/python3.12/site-packages/airflow/example_dags/example_display_name.py
[2024-05-20T16:01:59.259+0000] {processor.py:830} INFO - Processing file /home/airflow/.local/lib/python3.12/site-packages/airflow/example_dags/example_display_name.py for tasks to queue
[2024-05-20T16:01:59.262+0000] {logging_mixin.py:188} INFO - [2024-05-20T16:01:59.262+0000] {dagbag.py:545} INFO - Filling up the DagBag from /home/airflow/.local/lib/python3.12/site-packages/airflow/example_dags/example_display_name.py
[2024-05-20T16:01:59.270+0000] {processor.py:840} INFO - DAG(s) 'example_display_name' retrieved from /home/airflow/.local/lib/python3.12/site-packages/airflow/example_dags/example_display_name.py
[2024-05-20T16:01:59.298+0000] {logging_mixin.py:188} INFO - [2024-05-20T16:01:59.297+0000] {dag.py:3096} INFO - Sync 1 DAGs
[2024-05-20T16:01:59.318+0000] {logging_mixin.py:188} INFO - [2024-05-20T16:01:59.318+0000] {dag.py:3954} INFO - Setting next_dagrun for example_display_name to None, run_after=None
[2024-05-20T16:01:59.342+0000] {processor.py:183} INFO - Processing /home/airflow/.local/lib/python3.12/site-packages/airflow/example_dags/example_display_name.py took 0.097 seconds
[2024-05-20T16:02:29.729+0000] {processor.py:161} INFO - Started process (PID=379) to work on /home/airflow/.local/lib/python3.12/site-packages/airflow/example_dags/example_display_name.py
[2024-05-20T16:02:29.730+0000] {processor.py:830} INFO - Processing file /home/airflow/.local/lib/python3.12/site-packages/airflow/example_dags/example_display_name.py for tasks to queue
[2024-05-20T16:02:29.732+0000] {logging_mixin.py:188} INFO - [2024-05-20T16:02:29.732+0000] {dagbag.py:545} INFO - Filling up the DagBag from /home/airflow/.local/lib/python3.12/site-packages/airflow/example_dags/example_display_name.py
[2024-05-20T16:02:29.736+0000] {processor.py:840} INFO - DAG(s) 'example_display_name' retrieved from /home/airflow/.local/lib/python3.12/site-packages/airflow/example_dags/example_display_name.py
[2024-05-20T16:02:29.752+0000] {logging_mixin.py:188} INFO - [2024-05-20T16:02:29.751+0000] {dag.py:3096} INFO - Sync 1 DAGs
[2024-05-20T16:02:29.760+0000] {logging_mixin.py:188} INFO - [2024-05-20T16:02:29.760+0000] {dag.py:3954} INFO - Setting next_dagrun for example_display_name to None, run_after=None
[2024-05-20T16:02:29.773+0000] {processor.py:183} INFO - Processing /home/airflow/.local/lib/python3.12/site-packages/airflow/example_dags/example_display_name.py took 0.049 seconds
[2024-05-20T16:03:00.224+0000] {processor.py:161} INFO - Started process (PID=439) to work on /home/airflow/.local/lib/python3.12/site-packages/airflow/example_dags/example_display_name.py
[2024-05-20T16:03:00.226+0000] {processor.py:830} INFO - Processing file /home/airflow/.local/lib/python3.12/site-packages/airflow/example_dags/example_display_name.py for tasks to queue
[2024-05-20T16:03:00.229+0000] {logging_mixin.py:188} INFO - [2024-05-20T16:03:00.228+0000] {dagbag.py:545} INFO - Filling up the DagBag from /home/airflow/.local/lib/python3.12/site-packages/airflow/example_dags/example_display_name.py
[2024-05-20T16:03:00.238+0000] {processor.py:840} INFO - DAG(s) 'example_display_name' retrieved from /home/airflow/.local/lib/python3.12/site-packages/airflow/example_dags/example_display_name.py
[2024-05-20T16:03:00.261+0000] {logging_mixin.py:188} INFO - [2024-05-20T16:03:00.260+0000] {dag.py:3096} INFO - Sync 1 DAGs
[2024-05-20T16:03:00.280+0000] {logging_mixin.py:188} INFO - [2024-05-20T16:03:00.280+0000] {dag.py:3954} INFO - Setting next_dagrun for example_display_name to None, run_after=None
[2024-05-20T16:03:00.302+0000] {processor.py:183} INFO - Processing /home/airflow/.local/lib/python3.12/site-packages/airflow/example_dags/example_display_name.py took 0.084 seconds
[2024-05-20T16:03:30.618+0000] {processor.py:161} INFO - Started process (PID=501) to work on /home/airflow/.local/lib/python3.12/site-packages/airflow/example_dags/example_display_name.py
[2024-05-20T16:03:30.619+0000] {processor.py:830} INFO - Processing file /home/airflow/.local/lib/python3.12/site-packages/airflow/example_dags/example_display_name.py for tasks to queue
[2024-05-20T16:03:30.621+0000] {logging_mixin.py:188} INFO - [2024-05-20T16:03:30.620+0000] {dagbag.py:545} INFO - Filling up the DagBag from /home/airflow/.local/lib/python3.12/site-packages/airflow/example_dags/example_display_name.py
[2024-05-20T16:03:30.626+0000] {processor.py:840} INFO - DAG(s) 'example_display_name' retrieved from /home/airflow/.local/lib/python3.12/site-packages/airflow/example_dags/example_display_name.py
[2024-05-20T16:03:30.640+0000] {logging_mixin.py:188} INFO - [2024-05-20T16:03:30.640+0000] {dag.py:3096} INFO - Sync 1 DAGs
[2024-05-20T16:03:30.650+0000] {logging_mixin.py:188} INFO - [2024-05-20T16:03:30.650+0000] {dag.py:3954} INFO - Setting next_dagrun for example_display_name to None, run_after=None
[2024-05-20T16:03:30.665+0000] {processor.py:183} INFO - Processing /home/airflow/.local/lib/python3.12/site-packages/airflow/example_dags/example_display_name.py took 0.051 seconds
