[2024-05-20T15:59:54.007+0000] {processor.py:161} INFO - Started process (PID=50) to work on /home/airflow/.local/lib/python3.12/site-packages/airflow/example_dags/example_branch_labels.py
[2024-05-20T15:59:54.009+0000] {processor.py:830} INFO - Processing file /home/airflow/.local/lib/python3.12/site-packages/airflow/example_dags/example_branch_labels.py for tasks to queue
[2024-05-20T15:59:54.013+0000] {logging_mixin.py:188} INFO - [2024-05-20T15:59:54.013+0000] {dagbag.py:545} INFO - Filling up the DagBag from /home/airflow/.local/lib/python3.12/site-packages/airflow/example_dags/example_branch_labels.py
[2024-05-20T15:59:54.026+0000] {processor.py:840} INFO - DAG(s) 'example_branch_labels' retrieved from /home/airflow/.local/lib/python3.12/site-packages/airflow/example_dags/example_branch_labels.py
[2024-05-20T15:59:54.038+0000] {logging_mixin.py:188} INFO - [2024-05-20T15:59:54.038+0000] {dag.py:3096} INFO - Sync 1 DAGs
[2024-05-20T15:59:54.063+0000] {logging_mixin.py:188} INFO - [2024-05-20T15:59:54.063+0000] {dag.py:3954} INFO - Setting next_dagrun for example_branch_labels to 2024-05-19 00:00:00+00:00, run_after=2024-05-20 00:00:00+00:00
[2024-05-20T15:59:54.084+0000] {processor.py:183} INFO - Processing /home/airflow/.local/lib/python3.12/site-packages/airflow/example_dags/example_branch_labels.py took 0.086 seconds
[2024-05-20T16:00:24.319+0000] {processor.py:161} INFO - Started process (PID=109) to work on /home/airflow/.local/lib/python3.12/site-packages/airflow/example_dags/example_branch_labels.py
[2024-05-20T16:00:24.320+0000] {processor.py:830} INFO - Processing file /home/airflow/.local/lib/python3.12/site-packages/airflow/example_dags/example_branch_labels.py for tasks to queue
[2024-05-20T16:00:24.322+0000] {logging_mixin.py:188} INFO - [2024-05-20T16:00:24.322+0000] {dagbag.py:545} INFO - Filling up the DagBag from /home/airflow/.local/lib/python3.12/site-packages/airflow/example_dags/example_branch_labels.py
[2024-05-20T16:00:24.327+0000] {processor.py:840} INFO - DAG(s) 'example_branch_labels' retrieved from /home/airflow/.local/lib/python3.12/site-packages/airflow/example_dags/example_branch_labels.py
[2024-05-20T16:00:24.394+0000] {logging_mixin.py:188} INFO - [2024-05-20T16:00:24.394+0000] {dag.py:3096} INFO - Sync 1 DAGs
[2024-05-20T16:00:24.408+0000] {logging_mixin.py:188} INFO - [2024-05-20T16:00:24.407+0000] {dag.py:3954} INFO - Setting next_dagrun for example_branch_labels to 2024-05-19 00:00:00+00:00, run_after=2024-05-20 00:00:00+00:00
[2024-05-20T16:00:24.422+0000] {processor.py:183} INFO - Processing /home/airflow/.local/lib/python3.12/site-packages/airflow/example_dags/example_branch_labels.py took 0.106 seconds
[2024-05-20T16:00:54.505+0000] {processor.py:161} INFO - Started process (PID=168) to work on /home/airflow/.local/lib/python3.12/site-packages/airflow/example_dags/example_branch_labels.py
[2024-05-20T16:00:54.506+0000] {processor.py:830} INFO - Processing file /home/airflow/.local/lib/python3.12/site-packages/airflow/example_dags/example_branch_labels.py for tasks to queue
[2024-05-20T16:00:54.507+0000] {logging_mixin.py:188} INFO - [2024-05-20T16:00:54.507+0000] {dagbag.py:545} INFO - Filling up the DagBag from /home/airflow/.local/lib/python3.12/site-packages/airflow/example_dags/example_branch_labels.py
[2024-05-20T16:00:54.513+0000] {processor.py:840} INFO - DAG(s) 'example_branch_labels' retrieved from /home/airflow/.local/lib/python3.12/site-packages/airflow/example_dags/example_branch_labels.py
[2024-05-20T16:00:54.530+0000] {logging_mixin.py:188} INFO - [2024-05-20T16:00:54.529+0000] {dag.py:3096} INFO - Sync 1 DAGs
[2024-05-20T16:00:54.548+0000] {logging_mixin.py:188} INFO - [2024-05-20T16:00:54.548+0000] {dag.py:3954} INFO - Setting next_dagrun for example_branch_labels to 2024-05-19 00:00:00+00:00, run_after=2024-05-20 00:00:00+00:00
[2024-05-20T16:00:54.561+0000] {processor.py:183} INFO - Processing /home/airflow/.local/lib/python3.12/site-packages/airflow/example_dags/example_branch_labels.py took 0.060 seconds
[2024-05-20T16:01:24.921+0000] {processor.py:161} INFO - Started process (PID=227) to work on /home/airflow/.local/lib/python3.12/site-packages/airflow/example_dags/example_branch_labels.py
[2024-05-20T16:01:24.922+0000] {processor.py:830} INFO - Processing file /home/airflow/.local/lib/python3.12/site-packages/airflow/example_dags/example_branch_labels.py for tasks to queue
[2024-05-20T16:01:24.924+0000] {logging_mixin.py:188} INFO - [2024-05-20T16:01:24.923+0000] {dagbag.py:545} INFO - Filling up the DagBag from /home/airflow/.local/lib/python3.12/site-packages/airflow/example_dags/example_branch_labels.py
[2024-05-20T16:01:24.929+0000] {processor.py:840} INFO - DAG(s) 'example_branch_labels' retrieved from /home/airflow/.local/lib/python3.12/site-packages/airflow/example_dags/example_branch_labels.py
[2024-05-20T16:01:24.944+0000] {logging_mixin.py:188} INFO - [2024-05-20T16:01:24.944+0000] {dag.py:3096} INFO - Sync 1 DAGs
[2024-05-20T16:01:24.959+0000] {logging_mixin.py:188} INFO - [2024-05-20T16:01:24.959+0000] {dag.py:3954} INFO - Setting next_dagrun for example_branch_labels to 2024-05-19 00:00:00+00:00, run_after=2024-05-20 00:00:00+00:00
[2024-05-20T16:01:24.971+0000] {processor.py:183} INFO - Processing /home/airflow/.local/lib/python3.12/site-packages/airflow/example_dags/example_branch_labels.py took 0.054 seconds
[2024-05-20T16:01:55.415+0000] {processor.py:161} INFO - Started process (PID=288) to work on /home/airflow/.local/lib/python3.12/site-packages/airflow/example_dags/example_branch_labels.py
[2024-05-20T16:01:55.416+0000] {processor.py:830} INFO - Processing file /home/airflow/.local/lib/python3.12/site-packages/airflow/example_dags/example_branch_labels.py for tasks to queue
[2024-05-20T16:01:55.418+0000] {logging_mixin.py:188} INFO - [2024-05-20T16:01:55.418+0000] {dagbag.py:545} INFO - Filling up the DagBag from /home/airflow/.local/lib/python3.12/site-packages/airflow/example_dags/example_branch_labels.py
[2024-05-20T16:01:55.424+0000] {processor.py:840} INFO - DAG(s) 'example_branch_labels' retrieved from /home/airflow/.local/lib/python3.12/site-packages/airflow/example_dags/example_branch_labels.py
[2024-05-20T16:01:55.448+0000] {logging_mixin.py:188} INFO - [2024-05-20T16:01:55.447+0000] {dag.py:3096} INFO - Sync 1 DAGs
[2024-05-20T16:01:55.479+0000] {logging_mixin.py:188} INFO - [2024-05-20T16:01:55.478+0000] {dag.py:3954} INFO - Setting next_dagrun for example_branch_labels to 2024-05-19 00:00:00+00:00, run_after=2024-05-20 00:00:00+00:00
[2024-05-20T16:01:55.506+0000] {processor.py:183} INFO - Processing /home/airflow/.local/lib/python3.12/site-packages/airflow/example_dags/example_branch_labels.py took 0.096 seconds
[2024-05-20T16:02:26.007+0000] {processor.py:161} INFO - Started process (PID=347) to work on /home/airflow/.local/lib/python3.12/site-packages/airflow/example_dags/example_branch_labels.py
[2024-05-20T16:02:26.009+0000] {processor.py:830} INFO - Processing file /home/airflow/.local/lib/python3.12/site-packages/airflow/example_dags/example_branch_labels.py for tasks to queue
[2024-05-20T16:02:26.011+0000] {logging_mixin.py:188} INFO - [2024-05-20T16:02:26.010+0000] {dagbag.py:545} INFO - Filling up the DagBag from /home/airflow/.local/lib/python3.12/site-packages/airflow/example_dags/example_branch_labels.py
[2024-05-20T16:02:26.017+0000] {processor.py:840} INFO - DAG(s) 'example_branch_labels' retrieved from /home/airflow/.local/lib/python3.12/site-packages/airflow/example_dags/example_branch_labels.py
[2024-05-20T16:02:26.038+0000] {logging_mixin.py:188} INFO - [2024-05-20T16:02:26.037+0000] {dag.py:3096} INFO - Sync 1 DAGs
[2024-05-20T16:02:26.064+0000] {logging_mixin.py:188} INFO - [2024-05-20T16:02:26.064+0000] {dag.py:3954} INFO - Setting next_dagrun for example_branch_labels to 2024-05-19 00:00:00+00:00, run_after=2024-05-20 00:00:00+00:00
[2024-05-20T16:02:26.076+0000] {processor.py:183} INFO - Processing /home/airflow/.local/lib/python3.12/site-packages/airflow/example_dags/example_branch_labels.py took 0.074 seconds
[2024-05-20T16:02:56.184+0000] {processor.py:161} INFO - Started process (PID=408) to work on /home/airflow/.local/lib/python3.12/site-packages/airflow/example_dags/example_branch_labels.py
[2024-05-20T16:02:56.185+0000] {processor.py:830} INFO - Processing file /home/airflow/.local/lib/python3.12/site-packages/airflow/example_dags/example_branch_labels.py for tasks to queue
[2024-05-20T16:02:56.187+0000] {logging_mixin.py:188} INFO - [2024-05-20T16:02:56.187+0000] {dagbag.py:545} INFO - Filling up the DagBag from /home/airflow/.local/lib/python3.12/site-packages/airflow/example_dags/example_branch_labels.py
[2024-05-20T16:02:56.193+0000] {processor.py:840} INFO - DAG(s) 'example_branch_labels' retrieved from /home/airflow/.local/lib/python3.12/site-packages/airflow/example_dags/example_branch_labels.py
[2024-05-20T16:02:56.208+0000] {logging_mixin.py:188} INFO - [2024-05-20T16:02:56.208+0000] {dag.py:3096} INFO - Sync 1 DAGs
[2024-05-20T16:02:56.225+0000] {logging_mixin.py:188} INFO - [2024-05-20T16:02:56.225+0000] {dag.py:3954} INFO - Setting next_dagrun for example_branch_labels to 2024-05-19 00:00:00+00:00, run_after=2024-05-20 00:00:00+00:00
[2024-05-20T16:02:56.239+0000] {processor.py:183} INFO - Processing /home/airflow/.local/lib/python3.12/site-packages/airflow/example_dags/example_branch_labels.py took 0.059 seconds
[2024-05-20T16:03:26.963+0000] {processor.py:161} INFO - Started process (PID=470) to work on /home/airflow/.local/lib/python3.12/site-packages/airflow/example_dags/example_branch_labels.py
[2024-05-20T16:03:26.964+0000] {processor.py:830} INFO - Processing file /home/airflow/.local/lib/python3.12/site-packages/airflow/example_dags/example_branch_labels.py for tasks to queue
[2024-05-20T16:03:26.966+0000] {logging_mixin.py:188} INFO - [2024-05-20T16:03:26.966+0000] {dagbag.py:545} INFO - Filling up the DagBag from /home/airflow/.local/lib/python3.12/site-packages/airflow/example_dags/example_branch_labels.py
[2024-05-20T16:03:26.972+0000] {processor.py:840} INFO - DAG(s) 'example_branch_labels' retrieved from /home/airflow/.local/lib/python3.12/site-packages/airflow/example_dags/example_branch_labels.py
[2024-05-20T16:03:26.988+0000] {logging_mixin.py:188} INFO - [2024-05-20T16:03:26.987+0000] {dag.py:3096} INFO - Sync 1 DAGs
[2024-05-20T16:03:27.005+0000] {logging_mixin.py:188} INFO - [2024-05-20T16:03:27.005+0000] {dag.py:3954} INFO - Setting next_dagrun for example_branch_labels to 2024-05-19 00:00:00+00:00, run_after=2024-05-20 00:00:00+00:00
[2024-05-20T16:03:27.021+0000] {processor.py:183} INFO - Processing /home/airflow/.local/lib/python3.12/site-packages/airflow/example_dags/example_branch_labels.py took 0.063 seconds
