[2024-05-20T15:59:54.578+0000] {processor.py:161} INFO - Started process (PID=59) to work on /home/airflow/.local/lib/python3.12/site-packages/airflow/example_dags/example_external_task_marker_dag.py
[2024-05-20T15:59:54.579+0000] {processor.py:830} INFO - Processing file /home/airflow/.local/lib/python3.12/site-packages/airflow/example_dags/example_external_task_marker_dag.py for tasks to queue
[2024-05-20T15:59:54.582+0000] {logging_mixin.py:188} INFO - [2024-05-20T15:59:54.581+0000] {dagbag.py:545} INFO - Filling up the DagBag from /home/airflow/.local/lib/python3.12/site-packages/airflow/example_dags/example_external_task_marker_dag.py
[2024-05-20T15:59:54.589+0000] {processor.py:840} INFO - DAG(s) 'example_external_task_marker_parent', 'example_external_task_marker_child' retrieved from /home/airflow/.local/lib/python3.12/site-packages/airflow/example_dags/example_external_task_marker_dag.py
[2024-05-20T15:59:54.602+0000] {logging_mixin.py:188} INFO - [2024-05-20T15:59:54.601+0000] {dag.py:3096} INFO - Sync 2 DAGs
[2024-05-20T15:59:54.616+0000] {logging_mixin.py:188} INFO - [2024-05-20T15:59:54.616+0000] {dag.py:3954} INFO - Setting next_dagrun for example_external_task_marker_child to None, run_after=None
[2024-05-20T15:59:54.619+0000] {logging_mixin.py:188} INFO - [2024-05-20T15:59:54.619+0000] {dag.py:3954} INFO - Setting next_dagrun for example_external_task_marker_parent to None, run_after=None
[2024-05-20T15:59:54.635+0000] {processor.py:183} INFO - Processing /home/airflow/.local/lib/python3.12/site-packages/airflow/example_dags/example_external_task_marker_dag.py took 0.064 seconds
[2024-05-20T16:00:24.993+0000] {processor.py:161} INFO - Started process (PID=118) to work on /home/airflow/.local/lib/python3.12/site-packages/airflow/example_dags/example_external_task_marker_dag.py
[2024-05-20T16:00:24.994+0000] {processor.py:830} INFO - Processing file /home/airflow/.local/lib/python3.12/site-packages/airflow/example_dags/example_external_task_marker_dag.py for tasks to queue
[2024-05-20T16:00:24.995+0000] {logging_mixin.py:188} INFO - [2024-05-20T16:00:24.995+0000] {dagbag.py:545} INFO - Filling up the DagBag from /home/airflow/.local/lib/python3.12/site-packages/airflow/example_dags/example_external_task_marker_dag.py
[2024-05-20T16:00:25.000+0000] {processor.py:840} INFO - DAG(s) 'example_external_task_marker_child', 'example_external_task_marker_parent' retrieved from /home/airflow/.local/lib/python3.12/site-packages/airflow/example_dags/example_external_task_marker_dag.py
[2024-05-20T16:00:25.078+0000] {logging_mixin.py:188} INFO - [2024-05-20T16:00:25.077+0000] {dag.py:3096} INFO - Sync 2 DAGs
[2024-05-20T16:00:25.085+0000] {logging_mixin.py:188} INFO - [2024-05-20T16:00:25.085+0000] {dag.py:3954} INFO - Setting next_dagrun for example_external_task_marker_child to None, run_after=None
[2024-05-20T16:00:25.088+0000] {logging_mixin.py:188} INFO - [2024-05-20T16:00:25.088+0000] {dag.py:3954} INFO - Setting next_dagrun for example_external_task_marker_parent to None, run_after=None
[2024-05-20T16:00:25.101+0000] {processor.py:183} INFO - Processing /home/airflow/.local/lib/python3.12/site-packages/airflow/example_dags/example_external_task_marker_dag.py took 0.113 seconds
[2024-05-20T16:00:55.219+0000] {processor.py:161} INFO - Started process (PID=177) to work on /home/airflow/.local/lib/python3.12/site-packages/airflow/example_dags/example_external_task_marker_dag.py
[2024-05-20T16:00:55.221+0000] {processor.py:830} INFO - Processing file /home/airflow/.local/lib/python3.12/site-packages/airflow/example_dags/example_external_task_marker_dag.py for tasks to queue
[2024-05-20T16:00:55.223+0000] {logging_mixin.py:188} INFO - [2024-05-20T16:00:55.222+0000] {dagbag.py:545} INFO - Filling up the DagBag from /home/airflow/.local/lib/python3.12/site-packages/airflow/example_dags/example_external_task_marker_dag.py
[2024-05-20T16:00:55.229+0000] {processor.py:840} INFO - DAG(s) 'example_external_task_marker_parent', 'example_external_task_marker_child' retrieved from /home/airflow/.local/lib/python3.12/site-packages/airflow/example_dags/example_external_task_marker_dag.py
[2024-05-20T16:00:55.250+0000] {logging_mixin.py:188} INFO - [2024-05-20T16:00:55.250+0000] {dag.py:3096} INFO - Sync 2 DAGs
[2024-05-20T16:00:55.262+0000] {logging_mixin.py:188} INFO - [2024-05-20T16:00:55.262+0000] {dag.py:3954} INFO - Setting next_dagrun for example_external_task_marker_child to None, run_after=None
[2024-05-20T16:00:55.266+0000] {logging_mixin.py:188} INFO - [2024-05-20T16:00:55.266+0000] {dag.py:3954} INFO - Setting next_dagrun for example_external_task_marker_parent to None, run_after=None
[2024-05-20T16:00:55.279+0000] {processor.py:183} INFO - Processing /home/airflow/.local/lib/python3.12/site-packages/airflow/example_dags/example_external_task_marker_dag.py took 0.065 seconds
[2024-05-20T16:01:25.452+0000] {processor.py:161} INFO - Started process (PID=236) to work on /home/airflow/.local/lib/python3.12/site-packages/airflow/example_dags/example_external_task_marker_dag.py
[2024-05-20T16:01:25.453+0000] {processor.py:830} INFO - Processing file /home/airflow/.local/lib/python3.12/site-packages/airflow/example_dags/example_external_task_marker_dag.py for tasks to queue
[2024-05-20T16:01:25.455+0000] {logging_mixin.py:188} INFO - [2024-05-20T16:01:25.454+0000] {dagbag.py:545} INFO - Filling up the DagBag from /home/airflow/.local/lib/python3.12/site-packages/airflow/example_dags/example_external_task_marker_dag.py
[2024-05-20T16:01:25.460+0000] {processor.py:840} INFO - DAG(s) 'example_external_task_marker_child', 'example_external_task_marker_parent' retrieved from /home/airflow/.local/lib/python3.12/site-packages/airflow/example_dags/example_external_task_marker_dag.py
[2024-05-20T16:01:25.504+0000] {logging_mixin.py:188} INFO - [2024-05-20T16:01:25.503+0000] {dag.py:3096} INFO - Sync 2 DAGs
[2024-05-20T16:01:25.514+0000] {logging_mixin.py:188} INFO - [2024-05-20T16:01:25.514+0000] {dag.py:3954} INFO - Setting next_dagrun for example_external_task_marker_child to None, run_after=None
[2024-05-20T16:01:25.518+0000] {logging_mixin.py:188} INFO - [2024-05-20T16:01:25.518+0000] {dag.py:3954} INFO - Setting next_dagrun for example_external_task_marker_parent to None, run_after=None
[2024-05-20T16:01:25.530+0000] {processor.py:183} INFO - Processing /home/airflow/.local/lib/python3.12/site-packages/airflow/example_dags/example_external_task_marker_dag.py took 0.082 seconds
[2024-05-20T16:01:55.908+0000] {processor.py:161} INFO - Started process (PID=298) to work on /home/airflow/.local/lib/python3.12/site-packages/airflow/example_dags/example_external_task_marker_dag.py
[2024-05-20T16:01:55.909+0000] {processor.py:830} INFO - Processing file /home/airflow/.local/lib/python3.12/site-packages/airflow/example_dags/example_external_task_marker_dag.py for tasks to queue
[2024-05-20T16:01:55.911+0000] {logging_mixin.py:188} INFO - [2024-05-20T16:01:55.911+0000] {dagbag.py:545} INFO - Filling up the DagBag from /home/airflow/.local/lib/python3.12/site-packages/airflow/example_dags/example_external_task_marker_dag.py
[2024-05-20T16:01:55.916+0000] {processor.py:840} INFO - DAG(s) 'example_external_task_marker_parent', 'example_external_task_marker_child' retrieved from /home/airflow/.local/lib/python3.12/site-packages/airflow/example_dags/example_external_task_marker_dag.py
[2024-05-20T16:01:55.932+0000] {logging_mixin.py:188} INFO - [2024-05-20T16:01:55.932+0000] {dag.py:3096} INFO - Sync 2 DAGs
[2024-05-20T16:01:55.942+0000] {logging_mixin.py:188} INFO - [2024-05-20T16:01:55.942+0000] {dag.py:3954} INFO - Setting next_dagrun for example_external_task_marker_child to None, run_after=None
[2024-05-20T16:01:55.945+0000] {logging_mixin.py:188} INFO - [2024-05-20T16:01:55.944+0000] {dag.py:3954} INFO - Setting next_dagrun for example_external_task_marker_parent to None, run_after=None
[2024-05-20T16:01:55.955+0000] {processor.py:183} INFO - Processing /home/airflow/.local/lib/python3.12/site-packages/airflow/example_dags/example_external_task_marker_dag.py took 0.052 seconds
[2024-05-20T16:02:26.666+0000] {processor.py:161} INFO - Started process (PID=357) to work on /home/airflow/.local/lib/python3.12/site-packages/airflow/example_dags/example_external_task_marker_dag.py
[2024-05-20T16:02:26.667+0000] {processor.py:830} INFO - Processing file /home/airflow/.local/lib/python3.12/site-packages/airflow/example_dags/example_external_task_marker_dag.py for tasks to queue
[2024-05-20T16:02:26.670+0000] {logging_mixin.py:188} INFO - [2024-05-20T16:02:26.669+0000] {dagbag.py:545} INFO - Filling up the DagBag from /home/airflow/.local/lib/python3.12/site-packages/airflow/example_dags/example_external_task_marker_dag.py
[2024-05-20T16:02:26.676+0000] {processor.py:840} INFO - DAG(s) 'example_external_task_marker_parent', 'example_external_task_marker_child' retrieved from /home/airflow/.local/lib/python3.12/site-packages/airflow/example_dags/example_external_task_marker_dag.py
[2024-05-20T16:02:26.697+0000] {logging_mixin.py:188} INFO - [2024-05-20T16:02:26.696+0000] {dag.py:3096} INFO - Sync 2 DAGs
[2024-05-20T16:02:26.712+0000] {logging_mixin.py:188} INFO - [2024-05-20T16:02:26.712+0000] {dag.py:3954} INFO - Setting next_dagrun for example_external_task_marker_child to None, run_after=None
[2024-05-20T16:02:26.715+0000] {logging_mixin.py:188} INFO - [2024-05-20T16:02:26.715+0000] {dag.py:3954} INFO - Setting next_dagrun for example_external_task_marker_parent to None, run_after=None
[2024-05-20T16:02:26.729+0000] {processor.py:183} INFO - Processing /home/airflow/.local/lib/python3.12/site-packages/airflow/example_dags/example_external_task_marker_dag.py took 0.067 seconds
[2024-05-20T16:02:56.860+0000] {processor.py:161} INFO - Started process (PID=417) to work on /home/airflow/.local/lib/python3.12/site-packages/airflow/example_dags/example_external_task_marker_dag.py
[2024-05-20T16:02:56.867+0000] {processor.py:830} INFO - Processing file /home/airflow/.local/lib/python3.12/site-packages/airflow/example_dags/example_external_task_marker_dag.py for tasks to queue
[2024-05-20T16:02:56.887+0000] {logging_mixin.py:188} INFO - [2024-05-20T16:02:56.886+0000] {dagbag.py:545} INFO - Filling up the DagBag from /home/airflow/.local/lib/python3.12/site-packages/airflow/example_dags/example_external_task_marker_dag.py
[2024-05-20T16:02:56.896+0000] {processor.py:840} INFO - DAG(s) 'example_external_task_marker_child', 'example_external_task_marker_parent' retrieved from /home/airflow/.local/lib/python3.12/site-packages/airflow/example_dags/example_external_task_marker_dag.py
[2024-05-20T16:02:56.916+0000] {logging_mixin.py:188} INFO - [2024-05-20T16:02:56.915+0000] {dag.py:3096} INFO - Sync 2 DAGs
[2024-05-20T16:02:56.931+0000] {logging_mixin.py:188} INFO - [2024-05-20T16:02:56.931+0000] {dag.py:3954} INFO - Setting next_dagrun for example_external_task_marker_child to None, run_after=None
[2024-05-20T16:02:56.935+0000] {logging_mixin.py:188} INFO - [2024-05-20T16:02:56.935+0000] {dag.py:3954} INFO - Setting next_dagrun for example_external_task_marker_parent to None, run_after=None
[2024-05-20T16:02:56.948+0000] {processor.py:183} INFO - Processing /home/airflow/.local/lib/python3.12/site-packages/airflow/example_dags/example_external_task_marker_dag.py took 0.096 seconds
[2024-05-20T16:03:27.410+0000] {processor.py:161} INFO - Started process (PID=479) to work on /home/airflow/.local/lib/python3.12/site-packages/airflow/example_dags/example_external_task_marker_dag.py
[2024-05-20T16:03:27.412+0000] {processor.py:830} INFO - Processing file /home/airflow/.local/lib/python3.12/site-packages/airflow/example_dags/example_external_task_marker_dag.py for tasks to queue
[2024-05-20T16:03:27.413+0000] {logging_mixin.py:188} INFO - [2024-05-20T16:03:27.413+0000] {dagbag.py:545} INFO - Filling up the DagBag from /home/airflow/.local/lib/python3.12/site-packages/airflow/example_dags/example_external_task_marker_dag.py
[2024-05-20T16:03:27.418+0000] {processor.py:840} INFO - DAG(s) 'example_external_task_marker_parent', 'example_external_task_marker_child' retrieved from /home/airflow/.local/lib/python3.12/site-packages/airflow/example_dags/example_external_task_marker_dag.py
[2024-05-20T16:03:27.436+0000] {logging_mixin.py:188} INFO - [2024-05-20T16:03:27.436+0000] {dag.py:3096} INFO - Sync 2 DAGs
[2024-05-20T16:03:27.446+0000] {logging_mixin.py:188} INFO - [2024-05-20T16:03:27.446+0000] {dag.py:3954} INFO - Setting next_dagrun for example_external_task_marker_child to None, run_after=None
[2024-05-20T16:03:27.463+0000] {logging_mixin.py:188} INFO - [2024-05-20T16:03:27.463+0000] {dag.py:3954} INFO - Setting next_dagrun for example_external_task_marker_parent to None, run_after=None
[2024-05-20T16:03:27.477+0000] {processor.py:183} INFO - Processing /home/airflow/.local/lib/python3.12/site-packages/airflow/example_dags/example_external_task_marker_dag.py took 0.071 seconds
