[2024-05-20T15:59:55.590+0000] {processor.py:161} INFO - Started process (PID=79) to work on /home/airflow/.local/lib/python3.12/site-packages/airflow/example_dags/example_bash_operator.py
[2024-05-20T15:59:55.591+0000] {processor.py:830} INFO - Processing file /home/airflow/.local/lib/python3.12/site-packages/airflow/example_dags/example_bash_operator.py for tasks to queue
[2024-05-20T15:59:55.593+0000] {logging_mixin.py:188} INFO - [2024-05-20T15:59:55.593+0000] {dagbag.py:545} INFO - Filling up the DagBag from /home/airflow/.local/lib/python3.12/site-packages/airflow/example_dags/example_bash_operator.py
[2024-05-20T15:59:55.604+0000] {processor.py:840} INFO - DAG(s) 'example_bash_operator' retrieved from /home/airflow/.local/lib/python3.12/site-packages/airflow/example_dags/example_bash_operator.py
[2024-05-20T15:59:55.615+0000] {logging_mixin.py:188} INFO - [2024-05-20T15:59:55.615+0000] {dag.py:3096} INFO - Sync 1 DAGs
[2024-05-20T15:59:55.638+0000] {logging_mixin.py:188} INFO - [2024-05-20T15:59:55.638+0000] {dag.py:3954} INFO - Setting next_dagrun for example_bash_operator to 2024-05-19 00:00:00+00:00, run_after=2024-05-20 00:00:00+00:00
[2024-05-20T15:59:55.663+0000] {processor.py:183} INFO - Processing /home/airflow/.local/lib/python3.12/site-packages/airflow/example_dags/example_bash_operator.py took 0.080 seconds
[2024-05-20T16:00:26.851+0000] {processor.py:161} INFO - Started process (PID=138) to work on /home/airflow/.local/lib/python3.12/site-packages/airflow/example_dags/example_bash_operator.py
[2024-05-20T16:00:26.852+0000] {processor.py:830} INFO - Processing file /home/airflow/.local/lib/python3.12/site-packages/airflow/example_dags/example_bash_operator.py for tasks to queue
[2024-05-20T16:00:26.853+0000] {logging_mixin.py:188} INFO - [2024-05-20T16:00:26.853+0000] {dagbag.py:545} INFO - Filling up the DagBag from /home/airflow/.local/lib/python3.12/site-packages/airflow/example_dags/example_bash_operator.py
[2024-05-20T16:00:26.863+0000] {processor.py:840} INFO - DAG(s) 'example_bash_operator' retrieved from /home/airflow/.local/lib/python3.12/site-packages/airflow/example_dags/example_bash_operator.py
[2024-05-20T16:00:26.943+0000] {logging_mixin.py:188} INFO - [2024-05-20T16:00:26.942+0000] {dag.py:3096} INFO - Sync 1 DAGs
[2024-05-20T16:00:26.956+0000] {logging_mixin.py:188} INFO - [2024-05-20T16:00:26.956+0000] {dag.py:3954} INFO - Setting next_dagrun for example_bash_operator to 2024-05-19 00:00:00+00:00, run_after=2024-05-20 00:00:00+00:00
[2024-05-20T16:00:26.970+0000] {processor.py:183} INFO - Processing /home/airflow/.local/lib/python3.12/site-packages/airflow/example_dags/example_bash_operator.py took 0.124 seconds
[2024-05-20T16:00:57.554+0000] {processor.py:161} INFO - Started process (PID=197) to work on /home/airflow/.local/lib/python3.12/site-packages/airflow/example_dags/example_bash_operator.py
[2024-05-20T16:00:57.555+0000] {processor.py:830} INFO - Processing file /home/airflow/.local/lib/python3.12/site-packages/airflow/example_dags/example_bash_operator.py for tasks to queue
[2024-05-20T16:00:57.557+0000] {logging_mixin.py:188} INFO - [2024-05-20T16:00:57.557+0000] {dagbag.py:545} INFO - Filling up the DagBag from /home/airflow/.local/lib/python3.12/site-packages/airflow/example_dags/example_bash_operator.py
[2024-05-20T16:00:57.565+0000] {processor.py:840} INFO - DAG(s) 'example_bash_operator' retrieved from /home/airflow/.local/lib/python3.12/site-packages/airflow/example_dags/example_bash_operator.py
[2024-05-20T16:00:57.584+0000] {logging_mixin.py:188} INFO - [2024-05-20T16:00:57.584+0000] {dag.py:3096} INFO - Sync 1 DAGs
[2024-05-20T16:00:57.601+0000] {logging_mixin.py:188} INFO - [2024-05-20T16:00:57.601+0000] {dag.py:3954} INFO - Setting next_dagrun for example_bash_operator to 2024-05-19 00:00:00+00:00, run_after=2024-05-20 00:00:00+00:00
[2024-05-20T16:00:57.617+0000] {processor.py:183} INFO - Processing /home/airflow/.local/lib/python3.12/site-packages/airflow/example_dags/example_bash_operator.py took 0.067 seconds
[2024-05-20T16:01:28.409+0000] {processor.py:161} INFO - Started process (PID=256) to work on /home/airflow/.local/lib/python3.12/site-packages/airflow/example_dags/example_bash_operator.py
[2024-05-20T16:01:28.410+0000] {processor.py:830} INFO - Processing file /home/airflow/.local/lib/python3.12/site-packages/airflow/example_dags/example_bash_operator.py for tasks to queue
[2024-05-20T16:01:28.412+0000] {logging_mixin.py:188} INFO - [2024-05-20T16:01:28.412+0000] {dagbag.py:545} INFO - Filling up the DagBag from /home/airflow/.local/lib/python3.12/site-packages/airflow/example_dags/example_bash_operator.py
[2024-05-20T16:01:28.430+0000] {processor.py:840} INFO - DAG(s) 'example_bash_operator' retrieved from /home/airflow/.local/lib/python3.12/site-packages/airflow/example_dags/example_bash_operator.py
[2024-05-20T16:01:28.453+0000] {logging_mixin.py:188} INFO - [2024-05-20T16:01:28.453+0000] {dag.py:3096} INFO - Sync 1 DAGs
[2024-05-20T16:01:28.471+0000] {logging_mixin.py:188} INFO - [2024-05-20T16:01:28.471+0000] {dag.py:3954} INFO - Setting next_dagrun for example_bash_operator to 2024-05-19 00:00:00+00:00, run_after=2024-05-20 00:00:00+00:00
[2024-05-20T16:01:28.486+0000] {processor.py:183} INFO - Processing /home/airflow/.local/lib/python3.12/site-packages/airflow/example_dags/example_bash_operator.py took 0.081 seconds
[2024-05-20T16:01:59.099+0000] {processor.py:161} INFO - Started process (PID=318) to work on /home/airflow/.local/lib/python3.12/site-packages/airflow/example_dags/example_bash_operator.py
[2024-05-20T16:01:59.101+0000] {processor.py:830} INFO - Processing file /home/airflow/.local/lib/python3.12/site-packages/airflow/example_dags/example_bash_operator.py for tasks to queue
[2024-05-20T16:01:59.107+0000] {logging_mixin.py:188} INFO - [2024-05-20T16:01:59.106+0000] {dagbag.py:545} INFO - Filling up the DagBag from /home/airflow/.local/lib/python3.12/site-packages/airflow/example_dags/example_bash_operator.py
[2024-05-20T16:01:59.130+0000] {processor.py:840} INFO - DAG(s) 'example_bash_operator' retrieved from /home/airflow/.local/lib/python3.12/site-packages/airflow/example_dags/example_bash_operator.py
[2024-05-20T16:01:59.178+0000] {logging_mixin.py:188} INFO - [2024-05-20T16:01:59.177+0000] {dag.py:3096} INFO - Sync 1 DAGs
[2024-05-20T16:01:59.210+0000] {logging_mixin.py:188} INFO - [2024-05-20T16:01:59.209+0000] {dag.py:3954} INFO - Setting next_dagrun for example_bash_operator to 2024-05-19 00:00:00+00:00, run_after=2024-05-20 00:00:00+00:00
[2024-05-20T16:01:59.240+0000] {processor.py:183} INFO - Processing /home/airflow/.local/lib/python3.12/site-packages/airflow/example_dags/example_bash_operator.py took 0.152 seconds
[2024-05-20T16:02:29.644+0000] {processor.py:161} INFO - Started process (PID=377) to work on /home/airflow/.local/lib/python3.12/site-packages/airflow/example_dags/example_bash_operator.py
[2024-05-20T16:02:29.645+0000] {processor.py:830} INFO - Processing file /home/airflow/.local/lib/python3.12/site-packages/airflow/example_dags/example_bash_operator.py for tasks to queue
[2024-05-20T16:02:29.647+0000] {logging_mixin.py:188} INFO - [2024-05-20T16:02:29.647+0000] {dagbag.py:545} INFO - Filling up the DagBag from /home/airflow/.local/lib/python3.12/site-packages/airflow/example_dags/example_bash_operator.py
[2024-05-20T16:02:29.655+0000] {processor.py:840} INFO - DAG(s) 'example_bash_operator' retrieved from /home/airflow/.local/lib/python3.12/site-packages/airflow/example_dags/example_bash_operator.py
[2024-05-20T16:02:29.674+0000] {logging_mixin.py:188} INFO - [2024-05-20T16:02:29.674+0000] {dag.py:3096} INFO - Sync 1 DAGs
[2024-05-20T16:02:29.689+0000] {logging_mixin.py:188} INFO - [2024-05-20T16:02:29.689+0000] {dag.py:3954} INFO - Setting next_dagrun for example_bash_operator to 2024-05-19 00:00:00+00:00, run_after=2024-05-20 00:00:00+00:00
[2024-05-20T16:02:29.708+0000] {processor.py:183} INFO - Processing /home/airflow/.local/lib/python3.12/site-packages/airflow/example_dags/example_bash_operator.py took 0.068 seconds
[2024-05-20T16:03:00.102+0000] {processor.py:161} INFO - Started process (PID=437) to work on /home/airflow/.local/lib/python3.12/site-packages/airflow/example_dags/example_bash_operator.py
[2024-05-20T16:03:00.104+0000] {processor.py:830} INFO - Processing file /home/airflow/.local/lib/python3.12/site-packages/airflow/example_dags/example_bash_operator.py for tasks to queue
[2024-05-20T16:03:00.105+0000] {logging_mixin.py:188} INFO - [2024-05-20T16:03:00.105+0000] {dagbag.py:545} INFO - Filling up the DagBag from /home/airflow/.local/lib/python3.12/site-packages/airflow/example_dags/example_bash_operator.py
[2024-05-20T16:03:00.114+0000] {processor.py:840} INFO - DAG(s) 'example_bash_operator' retrieved from /home/airflow/.local/lib/python3.12/site-packages/airflow/example_dags/example_bash_operator.py
[2024-05-20T16:03:00.138+0000] {logging_mixin.py:188} INFO - [2024-05-20T16:03:00.138+0000] {dag.py:3096} INFO - Sync 1 DAGs
[2024-05-20T16:03:00.155+0000] {logging_mixin.py:188} INFO - [2024-05-20T16:03:00.155+0000] {dag.py:3954} INFO - Setting next_dagrun for example_bash_operator to 2024-05-19 00:00:00+00:00, run_after=2024-05-20 00:00:00+00:00
[2024-05-20T16:03:00.178+0000] {processor.py:183} INFO - Processing /home/airflow/.local/lib/python3.12/site-packages/airflow/example_dags/example_bash_operator.py took 0.080 seconds
[2024-05-20T16:03:30.522+0000] {processor.py:161} INFO - Started process (PID=499) to work on /home/airflow/.local/lib/python3.12/site-packages/airflow/example_dags/example_bash_operator.py
[2024-05-20T16:03:30.523+0000] {processor.py:830} INFO - Processing file /home/airflow/.local/lib/python3.12/site-packages/airflow/example_dags/example_bash_operator.py for tasks to queue
[2024-05-20T16:03:30.525+0000] {logging_mixin.py:188} INFO - [2024-05-20T16:03:30.525+0000] {dagbag.py:545} INFO - Filling up the DagBag from /home/airflow/.local/lib/python3.12/site-packages/airflow/example_dags/example_bash_operator.py
[2024-05-20T16:03:30.535+0000] {processor.py:840} INFO - DAG(s) 'example_bash_operator' retrieved from /home/airflow/.local/lib/python3.12/site-packages/airflow/example_dags/example_bash_operator.py
[2024-05-20T16:03:30.555+0000] {logging_mixin.py:188} INFO - [2024-05-20T16:03:30.555+0000] {dag.py:3096} INFO - Sync 1 DAGs
[2024-05-20T16:03:30.571+0000] {logging_mixin.py:188} INFO - [2024-05-20T16:03:30.571+0000] {dag.py:3954} INFO - Setting next_dagrun for example_bash_operator to 2024-05-19 00:00:00+00:00, run_after=2024-05-20 00:00:00+00:00
[2024-05-20T16:03:30.584+0000] {processor.py:183} INFO - Processing /home/airflow/.local/lib/python3.12/site-packages/airflow/example_dags/example_bash_operator.py took 0.067 seconds
