[2024-05-20T15:59:54.271+0000] {processor.py:161} INFO - Started process (PID=54) to work on /home/airflow/.local/lib/python3.12/site-packages/airflow/example_dags/example_subdag_operator.py
[2024-05-20T15:59:54.273+0000] {processor.py:830} INFO - Processing file /home/airflow/.local/lib/python3.12/site-packages/airflow/example_dags/example_subdag_operator.py for tasks to queue
[2024-05-20T15:59:54.277+0000] {logging_mixin.py:188} INFO - [2024-05-20T15:59:54.275+0000] {dagbag.py:545} INFO - Filling up the DagBag from /home/airflow/.local/lib/python3.12/site-packages/airflow/example_dags/example_subdag_operator.py
[2024-05-20T15:59:54.301+0000] {processor.py:840} INFO - DAG(s) 'example_subdag_operator.section-1', 'example_subdag_operator.section-2', 'example_subdag_operator' retrieved from /home/airflow/.local/lib/python3.12/site-packages/airflow/example_dags/example_subdag_operator.py
[2024-05-20T15:59:54.308+0000] {logging_mixin.py:188} INFO - [2024-05-20T15:59:54.308+0000] {dag.py:3096} INFO - Sync 3 DAGs
[2024-05-20T15:59:54.328+0000] {logging_mixin.py:188} INFO - [2024-05-20T15:59:54.327+0000] {dag.py:3954} INFO - Setting next_dagrun for example_subdag_operator to 2022-01-01 00:00:00+00:00, run_after=2022-01-01 00:00:00+00:00
[2024-05-20T15:59:54.331+0000] {logging_mixin.py:188} INFO - [2024-05-20T15:59:54.331+0000] {dag.py:3954} INFO - Setting next_dagrun for example_subdag_operator.section-1 to None, run_after=None
[2024-05-20T15:59:54.333+0000] {logging_mixin.py:188} INFO - [2024-05-20T15:59:54.333+0000] {dag.py:3954} INFO - Setting next_dagrun for example_subdag_operator.section-2 to None, run_after=None
[2024-05-20T15:59:54.341+0000] {logging_mixin.py:188} INFO - [2024-05-20T15:59:54.341+0000] {dag.py:3096} INFO - Sync 2 DAGs
[2024-05-20T15:59:54.346+0000] {logging_mixin.py:188} INFO - [2024-05-20T15:59:54.346+0000] {dag.py:3954} INFO - Setting next_dagrun for example_subdag_operator.section-1 to None, run_after=None
[2024-05-20T15:59:54.347+0000] {logging_mixin.py:188} INFO - [2024-05-20T15:59:54.347+0000] {dag.py:3954} INFO - Setting next_dagrun for example_subdag_operator.section-2 to None, run_after=None
[2024-05-20T15:59:54.357+0000] {processor.py:183} INFO - Processing /home/airflow/.local/lib/python3.12/site-packages/airflow/example_dags/example_subdag_operator.py took 0.092 seconds
[2024-05-20T16:00:24.598+0000] {processor.py:161} INFO - Started process (PID=113) to work on /home/airflow/.local/lib/python3.12/site-packages/airflow/example_dags/example_subdag_operator.py
[2024-05-20T16:00:24.599+0000] {processor.py:830} INFO - Processing file /home/airflow/.local/lib/python3.12/site-packages/airflow/example_dags/example_subdag_operator.py for tasks to queue
[2024-05-20T16:00:24.601+0000] {logging_mixin.py:188} INFO - [2024-05-20T16:00:24.601+0000] {dagbag.py:545} INFO - Filling up the DagBag from /home/airflow/.local/lib/python3.12/site-packages/airflow/example_dags/example_subdag_operator.py
[2024-05-20T16:00:24.617+0000] {processor.py:840} INFO - DAG(s) 'example_subdag_operator.section-1', 'example_subdag_operator.section-2', 'example_subdag_operator' retrieved from /home/airflow/.local/lib/python3.12/site-packages/airflow/example_dags/example_subdag_operator.py
[2024-05-20T16:00:24.684+0000] {logging_mixin.py:188} INFO - [2024-05-20T16:00:24.683+0000] {dag.py:3096} INFO - Sync 3 DAGs
[2024-05-20T16:00:24.699+0000] {logging_mixin.py:188} INFO - [2024-05-20T16:00:24.699+0000] {dag.py:3954} INFO - Setting next_dagrun for example_subdag_operator to 2022-01-01 00:00:00+00:00, run_after=2022-01-01 00:00:00+00:00
[2024-05-20T16:00:24.702+0000] {logging_mixin.py:188} INFO - [2024-05-20T16:00:24.702+0000] {dag.py:3954} INFO - Setting next_dagrun for example_subdag_operator.section-1 to None, run_after=None
[2024-05-20T16:00:24.703+0000] {logging_mixin.py:188} INFO - [2024-05-20T16:00:24.703+0000] {dag.py:3954} INFO - Setting next_dagrun for example_subdag_operator.section-2 to None, run_after=None
[2024-05-20T16:00:24.709+0000] {logging_mixin.py:188} INFO - [2024-05-20T16:00:24.709+0000] {dag.py:3096} INFO - Sync 2 DAGs
[2024-05-20T16:00:24.713+0000] {logging_mixin.py:188} INFO - [2024-05-20T16:00:24.713+0000] {dag.py:3954} INFO - Setting next_dagrun for example_subdag_operator.section-1 to None, run_after=None
[2024-05-20T16:00:24.714+0000] {logging_mixin.py:188} INFO - [2024-05-20T16:00:24.713+0000] {dag.py:3954} INFO - Setting next_dagrun for example_subdag_operator.section-2 to None, run_after=None
[2024-05-20T16:00:24.722+0000] {processor.py:183} INFO - Processing /home/airflow/.local/lib/python3.12/site-packages/airflow/example_dags/example_subdag_operator.py took 0.129 seconds
[2024-05-20T16:00:54.811+0000] {processor.py:161} INFO - Started process (PID=172) to work on /home/airflow/.local/lib/python3.12/site-packages/airflow/example_dags/example_subdag_operator.py
[2024-05-20T16:00:54.812+0000] {processor.py:830} INFO - Processing file /home/airflow/.local/lib/python3.12/site-packages/airflow/example_dags/example_subdag_operator.py for tasks to queue
[2024-05-20T16:00:54.814+0000] {logging_mixin.py:188} INFO - [2024-05-20T16:00:54.813+0000] {dagbag.py:545} INFO - Filling up the DagBag from /home/airflow/.local/lib/python3.12/site-packages/airflow/example_dags/example_subdag_operator.py
[2024-05-20T16:00:54.831+0000] {processor.py:840} INFO - DAG(s) 'example_subdag_operator.section-1', 'example_subdag_operator.section-2', 'example_subdag_operator' retrieved from /home/airflow/.local/lib/python3.12/site-packages/airflow/example_dags/example_subdag_operator.py
[2024-05-20T16:00:54.843+0000] {logging_mixin.py:188} INFO - [2024-05-20T16:00:54.842+0000] {dag.py:3096} INFO - Sync 3 DAGs
[2024-05-20T16:00:54.860+0000] {logging_mixin.py:188} INFO - [2024-05-20T16:00:54.860+0000] {dag.py:3954} INFO - Setting next_dagrun for example_subdag_operator to 2022-01-01 00:00:00+00:00, run_after=2022-01-01 00:00:00+00:00
[2024-05-20T16:00:54.863+0000] {logging_mixin.py:188} INFO - [2024-05-20T16:00:54.863+0000] {dag.py:3954} INFO - Setting next_dagrun for example_subdag_operator.section-1 to None, run_after=None
[2024-05-20T16:00:54.865+0000] {logging_mixin.py:188} INFO - [2024-05-20T16:00:54.865+0000] {dag.py:3954} INFO - Setting next_dagrun for example_subdag_operator.section-2 to None, run_after=None
[2024-05-20T16:00:54.871+0000] {logging_mixin.py:188} INFO - [2024-05-20T16:00:54.871+0000] {dag.py:3096} INFO - Sync 2 DAGs
[2024-05-20T16:00:54.876+0000] {logging_mixin.py:188} INFO - [2024-05-20T16:00:54.876+0000] {dag.py:3954} INFO - Setting next_dagrun for example_subdag_operator.section-1 to None, run_after=None
[2024-05-20T16:00:54.877+0000] {logging_mixin.py:188} INFO - [2024-05-20T16:00:54.877+0000] {dag.py:3954} INFO - Setting next_dagrun for example_subdag_operator.section-2 to None, run_after=None
[2024-05-20T16:00:54.885+0000] {processor.py:183} INFO - Processing /home/airflow/.local/lib/python3.12/site-packages/airflow/example_dags/example_subdag_operator.py took 0.079 seconds
[2024-05-20T16:01:25.096+0000] {processor.py:161} INFO - Started process (PID=231) to work on /home/airflow/.local/lib/python3.12/site-packages/airflow/example_dags/example_subdag_operator.py
[2024-05-20T16:01:25.097+0000] {processor.py:830} INFO - Processing file /home/airflow/.local/lib/python3.12/site-packages/airflow/example_dags/example_subdag_operator.py for tasks to queue
[2024-05-20T16:01:25.099+0000] {logging_mixin.py:188} INFO - [2024-05-20T16:01:25.099+0000] {dagbag.py:545} INFO - Filling up the DagBag from /home/airflow/.local/lib/python3.12/site-packages/airflow/example_dags/example_subdag_operator.py
[2024-05-20T16:01:25.116+0000] {processor.py:840} INFO - DAG(s) 'example_subdag_operator.section-1', 'example_subdag_operator.section-2', 'example_subdag_operator' retrieved from /home/airflow/.local/lib/python3.12/site-packages/airflow/example_dags/example_subdag_operator.py
[2024-05-20T16:01:25.128+0000] {logging_mixin.py:188} INFO - [2024-05-20T16:01:25.127+0000] {dag.py:3096} INFO - Sync 3 DAGs
[2024-05-20T16:01:25.143+0000] {logging_mixin.py:188} INFO - [2024-05-20T16:01:25.143+0000] {dag.py:3954} INFO - Setting next_dagrun for example_subdag_operator to 2022-01-01 00:00:00+00:00, run_after=2022-01-01 00:00:00+00:00
[2024-05-20T16:01:25.146+0000] {logging_mixin.py:188} INFO - [2024-05-20T16:01:25.145+0000] {dag.py:3954} INFO - Setting next_dagrun for example_subdag_operator.section-1 to None, run_after=None
[2024-05-20T16:01:25.147+0000] {logging_mixin.py:188} INFO - [2024-05-20T16:01:25.147+0000] {dag.py:3954} INFO - Setting next_dagrun for example_subdag_operator.section-2 to None, run_after=None
[2024-05-20T16:01:25.151+0000] {logging_mixin.py:188} INFO - [2024-05-20T16:01:25.151+0000] {dag.py:3096} INFO - Sync 2 DAGs
[2024-05-20T16:01:25.155+0000] {logging_mixin.py:188} INFO - [2024-05-20T16:01:25.155+0000] {dag.py:3954} INFO - Setting next_dagrun for example_subdag_operator.section-1 to None, run_after=None
[2024-05-20T16:01:25.155+0000] {logging_mixin.py:188} INFO - [2024-05-20T16:01:25.155+0000] {dag.py:3954} INFO - Setting next_dagrun for example_subdag_operator.section-2 to None, run_after=None
[2024-05-20T16:01:25.165+0000] {processor.py:183} INFO - Processing /home/airflow/.local/lib/python3.12/site-packages/airflow/example_dags/example_subdag_operator.py took 0.074 seconds
[2024-05-20T16:01:55.643+0000] {processor.py:161} INFO - Started process (PID=292) to work on /home/airflow/.local/lib/python3.12/site-packages/airflow/example_dags/example_subdag_operator.py
[2024-05-20T16:01:55.644+0000] {processor.py:830} INFO - Processing file /home/airflow/.local/lib/python3.12/site-packages/airflow/example_dags/example_subdag_operator.py for tasks to queue
[2024-05-20T16:01:55.646+0000] {logging_mixin.py:188} INFO - [2024-05-20T16:01:55.645+0000] {dagbag.py:545} INFO - Filling up the DagBag from /home/airflow/.local/lib/python3.12/site-packages/airflow/example_dags/example_subdag_operator.py
[2024-05-20T16:01:55.663+0000] {processor.py:840} INFO - DAG(s) 'example_subdag_operator.section-1', 'example_subdag_operator.section-2', 'example_subdag_operator' retrieved from /home/airflow/.local/lib/python3.12/site-packages/airflow/example_dags/example_subdag_operator.py
[2024-05-20T16:01:55.679+0000] {logging_mixin.py:188} INFO - [2024-05-20T16:01:55.679+0000] {dag.py:3096} INFO - Sync 3 DAGs
[2024-05-20T16:01:55.696+0000] {logging_mixin.py:188} INFO - [2024-05-20T16:01:55.696+0000] {dag.py:3954} INFO - Setting next_dagrun for example_subdag_operator to 2022-01-01 00:00:00+00:00, run_after=2022-01-01 00:00:00+00:00
[2024-05-20T16:01:55.699+0000] {logging_mixin.py:188} INFO - [2024-05-20T16:01:55.699+0000] {dag.py:3954} INFO - Setting next_dagrun for example_subdag_operator.section-1 to None, run_after=None
[2024-05-20T16:01:55.700+0000] {logging_mixin.py:188} INFO - [2024-05-20T16:01:55.700+0000] {dag.py:3954} INFO - Setting next_dagrun for example_subdag_operator.section-2 to None, run_after=None
[2024-05-20T16:01:55.705+0000] {logging_mixin.py:188} INFO - [2024-05-20T16:01:55.705+0000] {dag.py:3096} INFO - Sync 2 DAGs
[2024-05-20T16:01:55.710+0000] {logging_mixin.py:188} INFO - [2024-05-20T16:01:55.710+0000] {dag.py:3954} INFO - Setting next_dagrun for example_subdag_operator.section-1 to None, run_after=None
[2024-05-20T16:01:55.711+0000] {logging_mixin.py:188} INFO - [2024-05-20T16:01:55.711+0000] {dag.py:3954} INFO - Setting next_dagrun for example_subdag_operator.section-2 to None, run_after=None
[2024-05-20T16:01:55.720+0000] {processor.py:183} INFO - Processing /home/airflow/.local/lib/python3.12/site-packages/airflow/example_dags/example_subdag_operator.py took 0.081 seconds
[2024-05-20T16:02:26.197+0000] {processor.py:161} INFO - Started process (PID=351) to work on /home/airflow/.local/lib/python3.12/site-packages/airflow/example_dags/example_subdag_operator.py
[2024-05-20T16:02:26.198+0000] {processor.py:830} INFO - Processing file /home/airflow/.local/lib/python3.12/site-packages/airflow/example_dags/example_subdag_operator.py for tasks to queue
[2024-05-20T16:02:26.200+0000] {logging_mixin.py:188} INFO - [2024-05-20T16:02:26.199+0000] {dagbag.py:545} INFO - Filling up the DagBag from /home/airflow/.local/lib/python3.12/site-packages/airflow/example_dags/example_subdag_operator.py
[2024-05-20T16:02:26.215+0000] {processor.py:840} INFO - DAG(s) 'example_subdag_operator.section-1', 'example_subdag_operator.section-2', 'example_subdag_operator' retrieved from /home/airflow/.local/lib/python3.12/site-packages/airflow/example_dags/example_subdag_operator.py
[2024-05-20T16:02:26.226+0000] {logging_mixin.py:188} INFO - [2024-05-20T16:02:26.226+0000] {dag.py:3096} INFO - Sync 3 DAGs
[2024-05-20T16:02:26.240+0000] {logging_mixin.py:188} INFO - [2024-05-20T16:02:26.240+0000] {dag.py:3954} INFO - Setting next_dagrun for example_subdag_operator to 2022-01-01 00:00:00+00:00, run_after=2022-01-01 00:00:00+00:00
[2024-05-20T16:02:26.243+0000] {logging_mixin.py:188} INFO - [2024-05-20T16:02:26.243+0000] {dag.py:3954} INFO - Setting next_dagrun for example_subdag_operator.section-1 to None, run_after=None
[2024-05-20T16:02:26.244+0000] {logging_mixin.py:188} INFO - [2024-05-20T16:02:26.244+0000] {dag.py:3954} INFO - Setting next_dagrun for example_subdag_operator.section-2 to None, run_after=None
[2024-05-20T16:02:26.249+0000] {logging_mixin.py:188} INFO - [2024-05-20T16:02:26.249+0000] {dag.py:3096} INFO - Sync 2 DAGs
[2024-05-20T16:02:26.252+0000] {logging_mixin.py:188} INFO - [2024-05-20T16:02:26.252+0000] {dag.py:3954} INFO - Setting next_dagrun for example_subdag_operator.section-1 to None, run_after=None
[2024-05-20T16:02:26.253+0000] {logging_mixin.py:188} INFO - [2024-05-20T16:02:26.253+0000] {dag.py:3954} INFO - Setting next_dagrun for example_subdag_operator.section-2 to None, run_after=None
[2024-05-20T16:02:26.261+0000] {processor.py:183} INFO - Processing /home/airflow/.local/lib/python3.12/site-packages/airflow/example_dags/example_subdag_operator.py took 0.068 seconds
[2024-05-20T16:02:56.499+0000] {processor.py:161} INFO - Started process (PID=412) to work on /home/airflow/.local/lib/python3.12/site-packages/airflow/example_dags/example_subdag_operator.py
[2024-05-20T16:02:56.500+0000] {processor.py:830} INFO - Processing file /home/airflow/.local/lib/python3.12/site-packages/airflow/example_dags/example_subdag_operator.py for tasks to queue
[2024-05-20T16:02:56.503+0000] {logging_mixin.py:188} INFO - [2024-05-20T16:02:56.502+0000] {dagbag.py:545} INFO - Filling up the DagBag from /home/airflow/.local/lib/python3.12/site-packages/airflow/example_dags/example_subdag_operator.py
[2024-05-20T16:02:56.523+0000] {processor.py:840} INFO - DAG(s) 'example_subdag_operator.section-1', 'example_subdag_operator.section-2', 'example_subdag_operator' retrieved from /home/airflow/.local/lib/python3.12/site-packages/airflow/example_dags/example_subdag_operator.py
[2024-05-20T16:02:56.536+0000] {logging_mixin.py:188} INFO - [2024-05-20T16:02:56.536+0000] {dag.py:3096} INFO - Sync 3 DAGs
[2024-05-20T16:02:56.553+0000] {logging_mixin.py:188} INFO - [2024-05-20T16:02:56.553+0000] {dag.py:3954} INFO - Setting next_dagrun for example_subdag_operator to 2022-01-01 00:00:00+00:00, run_after=2022-01-01 00:00:00+00:00
[2024-05-20T16:02:56.557+0000] {logging_mixin.py:188} INFO - [2024-05-20T16:02:56.556+0000] {dag.py:3954} INFO - Setting next_dagrun for example_subdag_operator.section-1 to None, run_after=None
[2024-05-20T16:02:56.558+0000] {logging_mixin.py:188} INFO - [2024-05-20T16:02:56.558+0000] {dag.py:3954} INFO - Setting next_dagrun for example_subdag_operator.section-2 to None, run_after=None
[2024-05-20T16:02:56.564+0000] {logging_mixin.py:188} INFO - [2024-05-20T16:02:56.563+0000] {dag.py:3096} INFO - Sync 2 DAGs
[2024-05-20T16:02:56.568+0000] {logging_mixin.py:188} INFO - [2024-05-20T16:02:56.567+0000] {dag.py:3954} INFO - Setting next_dagrun for example_subdag_operator.section-1 to None, run_after=None
[2024-05-20T16:02:56.568+0000] {logging_mixin.py:188} INFO - [2024-05-20T16:02:56.568+0000] {dag.py:3954} INFO - Setting next_dagrun for example_subdag_operator.section-2 to None, run_after=None
[2024-05-20T16:02:56.576+0000] {processor.py:183} INFO - Processing /home/airflow/.local/lib/python3.12/site-packages/airflow/example_dags/example_subdag_operator.py took 0.082 seconds
[2024-05-20T16:03:27.184+0000] {processor.py:161} INFO - Started process (PID=474) to work on /home/airflow/.local/lib/python3.12/site-packages/airflow/example_dags/example_subdag_operator.py
[2024-05-20T16:03:27.185+0000] {processor.py:830} INFO - Processing file /home/airflow/.local/lib/python3.12/site-packages/airflow/example_dags/example_subdag_operator.py for tasks to queue
[2024-05-20T16:03:27.188+0000] {logging_mixin.py:188} INFO - [2024-05-20T16:03:27.187+0000] {dagbag.py:545} INFO - Filling up the DagBag from /home/airflow/.local/lib/python3.12/site-packages/airflow/example_dags/example_subdag_operator.py
[2024-05-20T16:03:27.206+0000] {processor.py:840} INFO - DAG(s) 'example_subdag_operator.section-1', 'example_subdag_operator.section-2', 'example_subdag_operator' retrieved from /home/airflow/.local/lib/python3.12/site-packages/airflow/example_dags/example_subdag_operator.py
[2024-05-20T16:03:27.219+0000] {logging_mixin.py:188} INFO - [2024-05-20T16:03:27.218+0000] {dag.py:3096} INFO - Sync 3 DAGs
[2024-05-20T16:03:27.237+0000] {logging_mixin.py:188} INFO - [2024-05-20T16:03:27.237+0000] {dag.py:3954} INFO - Setting next_dagrun for example_subdag_operator to 2022-01-01 00:00:00+00:00, run_after=2022-01-01 00:00:00+00:00
[2024-05-20T16:03:27.242+0000] {logging_mixin.py:188} INFO - [2024-05-20T16:03:27.242+0000] {dag.py:3954} INFO - Setting next_dagrun for example_subdag_operator.section-1 to None, run_after=None
[2024-05-20T16:03:27.244+0000] {logging_mixin.py:188} INFO - [2024-05-20T16:03:27.244+0000] {dag.py:3954} INFO - Setting next_dagrun for example_subdag_operator.section-2 to None, run_after=None
[2024-05-20T16:03:27.249+0000] {logging_mixin.py:188} INFO - [2024-05-20T16:03:27.249+0000] {dag.py:3096} INFO - Sync 2 DAGs
[2024-05-20T16:03:27.253+0000] {logging_mixin.py:188} INFO - [2024-05-20T16:03:27.253+0000] {dag.py:3954} INFO - Setting next_dagrun for example_subdag_operator.section-1 to None, run_after=None
[2024-05-20T16:03:27.254+0000] {logging_mixin.py:188} INFO - [2024-05-20T16:03:27.254+0000] {dag.py:3954} INFO - Setting next_dagrun for example_subdag_operator.section-2 to None, run_after=None
[2024-05-20T16:03:27.262+0000] {processor.py:183} INFO - Processing /home/airflow/.local/lib/python3.12/site-packages/airflow/example_dags/example_subdag_operator.py took 0.085 seconds
