[2024-05-20T15:59:54.604+0000] {processor.py:161} INFO - Started process (PID=60) to work on /home/airflow/.local/lib/python3.12/site-packages/airflow/example_dags/example_datasets.py
[2024-05-20T15:59:54.605+0000] {processor.py:830} INFO - Processing file /home/airflow/.local/lib/python3.12/site-packages/airflow/example_dags/example_datasets.py for tasks to queue
[2024-05-20T15:59:54.607+0000] {logging_mixin.py:188} INFO - [2024-05-20T15:59:54.607+0000] {dagbag.py:545} INFO - Filling up the DagBag from /home/airflow/.local/lib/python3.12/site-packages/airflow/example_dags/example_datasets.py
[2024-05-20T15:59:54.620+0000] {processor.py:840} INFO - DAG(s) 'consume_1_or_both_2_and_3_with_dataset_expressions', 'conditional_dataset_and_time_based_timetable', 'consume_1_and_2_with_dataset_expressions', 'dataset_produces_2', 'dataset_consumes_1_never_scheduled', 'dataset_produces_1', 'dataset_consumes_unknown_never_scheduled', 'dataset_consumes_1_and_2', 'consume_1_or_2_with_dataset_expressions', 'dataset_consumes_1' retrieved from /home/airflow/.local/lib/python3.12/site-packages/airflow/example_dags/example_datasets.py
[2024-05-20T15:59:54.638+0000] {logging_mixin.py:188} INFO - [2024-05-20T15:59:54.638+0000] {dag.py:3096} INFO - Sync 10 DAGs
[2024-05-20T15:59:54.668+0000] {logging_mixin.py:188} INFO - [2024-05-20T15:59:54.668+0000] {dag.py:3954} INFO - Setting next_dagrun for conditional_dataset_and_time_based_timetable to 2024-05-15 01:00:00+00:00, run_after=2024-05-15 01:00:00+00:00
[2024-05-20T15:59:54.672+0000] {logging_mixin.py:188} INFO - [2024-05-20T15:59:54.672+0000] {dag.py:3954} INFO - Setting next_dagrun for consume_1_and_2_with_dataset_expressions to None, run_after=None
[2024-05-20T15:59:54.674+0000] {logging_mixin.py:188} INFO - [2024-05-20T15:59:54.673+0000] {dag.py:3954} INFO - Setting next_dagrun for consume_1_or_2_with_dataset_expressions to None, run_after=None
[2024-05-20T15:59:54.675+0000] {logging_mixin.py:188} INFO - [2024-05-20T15:59:54.675+0000] {dag.py:3954} INFO - Setting next_dagrun for consume_1_or_both_2_and_3_with_dataset_expressions to None, run_after=None
[2024-05-20T15:59:54.676+0000] {logging_mixin.py:188} INFO - [2024-05-20T15:59:54.676+0000] {dag.py:3954} INFO - Setting next_dagrun for dataset_consumes_1 to None, run_after=None
[2024-05-20T15:59:54.678+0000] {logging_mixin.py:188} INFO - [2024-05-20T15:59:54.678+0000] {dag.py:3954} INFO - Setting next_dagrun for dataset_consumes_1_and_2 to None, run_after=None
[2024-05-20T15:59:54.679+0000] {logging_mixin.py:188} INFO - [2024-05-20T15:59:54.679+0000] {dag.py:3954} INFO - Setting next_dagrun for dataset_consumes_1_never_scheduled to None, run_after=None
[2024-05-20T15:59:54.680+0000] {logging_mixin.py:188} INFO - [2024-05-20T15:59:54.680+0000] {dag.py:3954} INFO - Setting next_dagrun for dataset_consumes_unknown_never_scheduled to None, run_after=None
[2024-05-20T15:59:54.682+0000] {logging_mixin.py:188} INFO - [2024-05-20T15:59:54.682+0000] {dag.py:3954} INFO - Setting next_dagrun for dataset_produces_1 to 2024-05-19 00:00:00+00:00, run_after=2024-05-20 00:00:00+00:00
[2024-05-20T15:59:54.684+0000] {logging_mixin.py:188} INFO - [2024-05-20T15:59:54.683+0000] {dag.py:3954} INFO - Setting next_dagrun for dataset_produces_2 to None, run_after=None
[2024-05-20T15:59:54.713+0000] {processor.py:183} INFO - Processing /home/airflow/.local/lib/python3.12/site-packages/airflow/example_dags/example_datasets.py took 0.114 seconds
[2024-05-20T16:00:25.058+0000] {processor.py:161} INFO - Started process (PID=119) to work on /home/airflow/.local/lib/python3.12/site-packages/airflow/example_dags/example_datasets.py
[2024-05-20T16:00:25.059+0000] {processor.py:830} INFO - Processing file /home/airflow/.local/lib/python3.12/site-packages/airflow/example_dags/example_datasets.py for tasks to queue
[2024-05-20T16:00:25.061+0000] {logging_mixin.py:188} INFO - [2024-05-20T16:00:25.061+0000] {dagbag.py:545} INFO - Filling up the DagBag from /home/airflow/.local/lib/python3.12/site-packages/airflow/example_dags/example_datasets.py
[2024-05-20T16:00:25.071+0000] {processor.py:840} INFO - DAG(s) 'consume_1_or_both_2_and_3_with_dataset_expressions', 'consume_1_or_2_with_dataset_expressions', 'dataset_consumes_1', 'dataset_produces_1', 'consume_1_and_2_with_dataset_expressions', 'dataset_produces_2', 'conditional_dataset_and_time_based_timetable', 'dataset_consumes_1_never_scheduled', 'dataset_consumes_unknown_never_scheduled', 'dataset_consumes_1_and_2' retrieved from /home/airflow/.local/lib/python3.12/site-packages/airflow/example_dags/example_datasets.py
[2024-05-20T16:00:25.206+0000] {logging_mixin.py:188} INFO - [2024-05-20T16:00:25.206+0000] {dag.py:3096} INFO - Sync 10 DAGs
[2024-05-20T16:00:25.222+0000] {logging_mixin.py:188} INFO - [2024-05-20T16:00:25.221+0000] {dag.py:3954} INFO - Setting next_dagrun for conditional_dataset_and_time_based_timetable to 2024-05-15 01:00:00+00:00, run_after=2024-05-15 01:00:00+00:00
[2024-05-20T16:00:25.226+0000] {logging_mixin.py:188} INFO - [2024-05-20T16:00:25.226+0000] {dag.py:3954} INFO - Setting next_dagrun for consume_1_and_2_with_dataset_expressions to None, run_after=None
[2024-05-20T16:00:25.233+0000] {logging_mixin.py:188} INFO - [2024-05-20T16:00:25.232+0000] {dag.py:3954} INFO - Setting next_dagrun for consume_1_or_2_with_dataset_expressions to None, run_after=None
[2024-05-20T16:00:25.236+0000] {logging_mixin.py:188} INFO - [2024-05-20T16:00:25.236+0000] {dag.py:3954} INFO - Setting next_dagrun for consume_1_or_both_2_and_3_with_dataset_expressions to None, run_after=None
[2024-05-20T16:00:25.238+0000] {logging_mixin.py:188} INFO - [2024-05-20T16:00:25.238+0000] {dag.py:3954} INFO - Setting next_dagrun for dataset_consumes_1 to None, run_after=None
[2024-05-20T16:00:25.241+0000] {logging_mixin.py:188} INFO - [2024-05-20T16:00:25.241+0000] {dag.py:3954} INFO - Setting next_dagrun for dataset_consumes_1_and_2 to None, run_after=None
[2024-05-20T16:00:25.243+0000] {logging_mixin.py:188} INFO - [2024-05-20T16:00:25.243+0000] {dag.py:3954} INFO - Setting next_dagrun for dataset_consumes_1_never_scheduled to None, run_after=None
[2024-05-20T16:00:25.244+0000] {logging_mixin.py:188} INFO - [2024-05-20T16:00:25.244+0000] {dag.py:3954} INFO - Setting next_dagrun for dataset_consumes_unknown_never_scheduled to None, run_after=None
[2024-05-20T16:00:25.246+0000] {logging_mixin.py:188} INFO - [2024-05-20T16:00:25.246+0000] {dag.py:3954} INFO - Setting next_dagrun for dataset_produces_1 to 2024-05-19 00:00:00+00:00, run_after=2024-05-20 00:00:00+00:00
[2024-05-20T16:00:25.248+0000] {logging_mixin.py:188} INFO - [2024-05-20T16:00:25.248+0000] {dag.py:3954} INFO - Setting next_dagrun for dataset_produces_2 to None, run_after=None
[2024-05-20T16:00:25.288+0000] {processor.py:183} INFO - Processing /home/airflow/.local/lib/python3.12/site-packages/airflow/example_dags/example_datasets.py took 0.234 seconds
[2024-05-20T16:00:55.420+0000] {processor.py:161} INFO - Started process (PID=179) to work on /home/airflow/.local/lib/python3.12/site-packages/airflow/example_dags/example_datasets.py
[2024-05-20T16:00:55.421+0000] {processor.py:830} INFO - Processing file /home/airflow/.local/lib/python3.12/site-packages/airflow/example_dags/example_datasets.py for tasks to queue
[2024-05-20T16:00:55.423+0000] {logging_mixin.py:188} INFO - [2024-05-20T16:00:55.423+0000] {dagbag.py:545} INFO - Filling up the DagBag from /home/airflow/.local/lib/python3.12/site-packages/airflow/example_dags/example_datasets.py
[2024-05-20T16:00:55.433+0000] {processor.py:840} INFO - DAG(s) 'dataset_consumes_1_never_scheduled', 'dataset_produces_2', 'dataset_consumes_unknown_never_scheduled', 'consume_1_and_2_with_dataset_expressions', 'consume_1_or_2_with_dataset_expressions', 'dataset_produces_1', 'dataset_consumes_1_and_2', 'consume_1_or_both_2_and_3_with_dataset_expressions', 'dataset_consumes_1', 'conditional_dataset_and_time_based_timetable' retrieved from /home/airflow/.local/lib/python3.12/site-packages/airflow/example_dags/example_datasets.py
[2024-05-20T16:00:55.466+0000] {logging_mixin.py:188} INFO - [2024-05-20T16:00:55.466+0000] {dag.py:3096} INFO - Sync 10 DAGs
[2024-05-20T16:00:55.484+0000] {logging_mixin.py:188} INFO - [2024-05-20T16:00:55.484+0000] {dag.py:3954} INFO - Setting next_dagrun for conditional_dataset_and_time_based_timetable to 2024-05-15 01:00:00+00:00, run_after=2024-05-15 01:00:00+00:00
[2024-05-20T16:00:55.487+0000] {logging_mixin.py:188} INFO - [2024-05-20T16:00:55.487+0000] {dag.py:3954} INFO - Setting next_dagrun for consume_1_and_2_with_dataset_expressions to None, run_after=None
[2024-05-20T16:00:55.488+0000] {logging_mixin.py:188} INFO - [2024-05-20T16:00:55.488+0000] {dag.py:3954} INFO - Setting next_dagrun for consume_1_or_2_with_dataset_expressions to None, run_after=None
[2024-05-20T16:00:55.489+0000] {logging_mixin.py:188} INFO - [2024-05-20T16:00:55.489+0000] {dag.py:3954} INFO - Setting next_dagrun for consume_1_or_both_2_and_3_with_dataset_expressions to None, run_after=None
[2024-05-20T16:00:55.490+0000] {logging_mixin.py:188} INFO - [2024-05-20T16:00:55.490+0000] {dag.py:3954} INFO - Setting next_dagrun for dataset_consumes_1 to None, run_after=None
[2024-05-20T16:00:55.491+0000] {logging_mixin.py:188} INFO - [2024-05-20T16:00:55.491+0000] {dag.py:3954} INFO - Setting next_dagrun for dataset_consumes_1_and_2 to None, run_after=None
[2024-05-20T16:00:55.492+0000] {logging_mixin.py:188} INFO - [2024-05-20T16:00:55.492+0000] {dag.py:3954} INFO - Setting next_dagrun for dataset_consumes_1_never_scheduled to None, run_after=None
[2024-05-20T16:00:55.493+0000] {logging_mixin.py:188} INFO - [2024-05-20T16:00:55.493+0000] {dag.py:3954} INFO - Setting next_dagrun for dataset_consumes_unknown_never_scheduled to None, run_after=None
[2024-05-20T16:00:55.495+0000] {logging_mixin.py:188} INFO - [2024-05-20T16:00:55.495+0000] {dag.py:3954} INFO - Setting next_dagrun for dataset_produces_1 to 2024-05-19 00:00:00+00:00, run_after=2024-05-20 00:00:00+00:00
[2024-05-20T16:00:55.496+0000] {logging_mixin.py:188} INFO - [2024-05-20T16:00:55.495+0000] {dag.py:3954} INFO - Setting next_dagrun for dataset_produces_2 to None, run_after=None
[2024-05-20T16:00:55.517+0000] {processor.py:183} INFO - Processing /home/airflow/.local/lib/python3.12/site-packages/airflow/example_dags/example_datasets.py took 0.101 seconds
[2024-05-20T16:01:25.563+0000] {processor.py:161} INFO - Started process (PID=238) to work on /home/airflow/.local/lib/python3.12/site-packages/airflow/example_dags/example_datasets.py
[2024-05-20T16:01:25.564+0000] {processor.py:830} INFO - Processing file /home/airflow/.local/lib/python3.12/site-packages/airflow/example_dags/example_datasets.py for tasks to queue
[2024-05-20T16:01:25.566+0000] {logging_mixin.py:188} INFO - [2024-05-20T16:01:25.566+0000] {dagbag.py:545} INFO - Filling up the DagBag from /home/airflow/.local/lib/python3.12/site-packages/airflow/example_dags/example_datasets.py
[2024-05-20T16:01:25.579+0000] {processor.py:840} INFO - DAG(s) 'consume_1_or_both_2_and_3_with_dataset_expressions', 'dataset_consumes_1_and_2', 'dataset_consumes_1_never_scheduled', 'dataset_consumes_unknown_never_scheduled', 'consume_1_and_2_with_dataset_expressions', 'dataset_produces_1', 'dataset_consumes_1', 'dataset_produces_2', 'conditional_dataset_and_time_based_timetable', 'consume_1_or_2_with_dataset_expressions' retrieved from /home/airflow/.local/lib/python3.12/site-packages/airflow/example_dags/example_datasets.py
[2024-05-20T16:01:25.611+0000] {logging_mixin.py:188} INFO - [2024-05-20T16:01:25.610+0000] {dag.py:3096} INFO - Sync 10 DAGs
[2024-05-20T16:01:25.627+0000] {logging_mixin.py:188} INFO - [2024-05-20T16:01:25.627+0000] {dag.py:3954} INFO - Setting next_dagrun for conditional_dataset_and_time_based_timetable to 2024-05-15 01:00:00+00:00, run_after=2024-05-15 01:00:00+00:00
[2024-05-20T16:01:25.630+0000] {logging_mixin.py:188} INFO - [2024-05-20T16:01:25.630+0000] {dag.py:3954} INFO - Setting next_dagrun for consume_1_and_2_with_dataset_expressions to None, run_after=None
[2024-05-20T16:01:25.631+0000] {logging_mixin.py:188} INFO - [2024-05-20T16:01:25.631+0000] {dag.py:3954} INFO - Setting next_dagrun for consume_1_or_2_with_dataset_expressions to None, run_after=None
[2024-05-20T16:01:25.633+0000] {logging_mixin.py:188} INFO - [2024-05-20T16:01:25.633+0000] {dag.py:3954} INFO - Setting next_dagrun for consume_1_or_both_2_and_3_with_dataset_expressions to None, run_after=None
[2024-05-20T16:01:25.634+0000] {logging_mixin.py:188} INFO - [2024-05-20T16:01:25.634+0000] {dag.py:3954} INFO - Setting next_dagrun for dataset_consumes_1 to None, run_after=None
[2024-05-20T16:01:25.635+0000] {logging_mixin.py:188} INFO - [2024-05-20T16:01:25.635+0000] {dag.py:3954} INFO - Setting next_dagrun for dataset_consumes_1_and_2 to None, run_after=None
[2024-05-20T16:01:25.636+0000] {logging_mixin.py:188} INFO - [2024-05-20T16:01:25.636+0000] {dag.py:3954} INFO - Setting next_dagrun for dataset_consumes_1_never_scheduled to None, run_after=None
[2024-05-20T16:01:25.637+0000] {logging_mixin.py:188} INFO - [2024-05-20T16:01:25.637+0000] {dag.py:3954} INFO - Setting next_dagrun for dataset_consumes_unknown_never_scheduled to None, run_after=None
[2024-05-20T16:01:25.639+0000] {logging_mixin.py:188} INFO - [2024-05-20T16:01:25.638+0000] {dag.py:3954} INFO - Setting next_dagrun for dataset_produces_1 to 2024-05-19 00:00:00+00:00, run_after=2024-05-20 00:00:00+00:00
[2024-05-20T16:01:25.640+0000] {logging_mixin.py:188} INFO - [2024-05-20T16:01:25.639+0000] {dag.py:3954} INFO - Setting next_dagrun for dataset_produces_2 to None, run_after=None
[2024-05-20T16:01:25.662+0000] {processor.py:183} INFO - Processing /home/airflow/.local/lib/python3.12/site-packages/airflow/example_dags/example_datasets.py took 0.108 seconds
[2024-05-20T16:01:55.955+0000] {processor.py:161} INFO - Started process (PID=299) to work on /home/airflow/.local/lib/python3.12/site-packages/airflow/example_dags/example_datasets.py
[2024-05-20T16:01:55.957+0000] {processor.py:830} INFO - Processing file /home/airflow/.local/lib/python3.12/site-packages/airflow/example_dags/example_datasets.py for tasks to queue
[2024-05-20T16:01:55.958+0000] {logging_mixin.py:188} INFO - [2024-05-20T16:01:55.958+0000] {dagbag.py:545} INFO - Filling up the DagBag from /home/airflow/.local/lib/python3.12/site-packages/airflow/example_dags/example_datasets.py
[2024-05-20T16:01:55.968+0000] {processor.py:840} INFO - DAG(s) 'dataset_produces_2', 'dataset_consumes_1_never_scheduled', 'dataset_produces_1', 'consume_1_or_both_2_and_3_with_dataset_expressions', 'consume_1_and_2_with_dataset_expressions', 'dataset_consumes_unknown_never_scheduled', 'conditional_dataset_and_time_based_timetable', 'dataset_consumes_1', 'dataset_consumes_1_and_2', 'consume_1_or_2_with_dataset_expressions' retrieved from /home/airflow/.local/lib/python3.12/site-packages/airflow/example_dags/example_datasets.py
[2024-05-20T16:01:56.001+0000] {logging_mixin.py:188} INFO - [2024-05-20T16:01:56.001+0000] {dag.py:3096} INFO - Sync 10 DAGs
[2024-05-20T16:01:56.018+0000] {logging_mixin.py:188} INFO - [2024-05-20T16:01:56.018+0000] {dag.py:3954} INFO - Setting next_dagrun for conditional_dataset_and_time_based_timetable to 2024-05-15 01:00:00+00:00, run_after=2024-05-15 01:00:00+00:00
[2024-05-20T16:01:56.021+0000] {logging_mixin.py:188} INFO - [2024-05-20T16:01:56.021+0000] {dag.py:3954} INFO - Setting next_dagrun for consume_1_and_2_with_dataset_expressions to None, run_after=None
[2024-05-20T16:01:56.023+0000] {logging_mixin.py:188} INFO - [2024-05-20T16:01:56.022+0000] {dag.py:3954} INFO - Setting next_dagrun for consume_1_or_2_with_dataset_expressions to None, run_after=None
[2024-05-20T16:01:56.024+0000] {logging_mixin.py:188} INFO - [2024-05-20T16:01:56.024+0000] {dag.py:3954} INFO - Setting next_dagrun for consume_1_or_both_2_and_3_with_dataset_expressions to None, run_after=None
[2024-05-20T16:01:56.026+0000] {logging_mixin.py:188} INFO - [2024-05-20T16:01:56.025+0000] {dag.py:3954} INFO - Setting next_dagrun for dataset_consumes_1 to None, run_after=None
[2024-05-20T16:01:56.027+0000] {logging_mixin.py:188} INFO - [2024-05-20T16:01:56.026+0000] {dag.py:3954} INFO - Setting next_dagrun for dataset_consumes_1_and_2 to None, run_after=None
[2024-05-20T16:01:56.028+0000] {logging_mixin.py:188} INFO - [2024-05-20T16:01:56.028+0000] {dag.py:3954} INFO - Setting next_dagrun for dataset_consumes_1_never_scheduled to None, run_after=None
[2024-05-20T16:01:56.029+0000] {logging_mixin.py:188} INFO - [2024-05-20T16:01:56.029+0000] {dag.py:3954} INFO - Setting next_dagrun for dataset_consumes_unknown_never_scheduled to None, run_after=None
[2024-05-20T16:01:56.031+0000] {logging_mixin.py:188} INFO - [2024-05-20T16:01:56.031+0000] {dag.py:3954} INFO - Setting next_dagrun for dataset_produces_1 to 2024-05-19 00:00:00+00:00, run_after=2024-05-20 00:00:00+00:00
[2024-05-20T16:01:56.032+0000] {logging_mixin.py:188} INFO - [2024-05-20T16:01:56.032+0000] {dag.py:3954} INFO - Setting next_dagrun for dataset_produces_2 to None, run_after=None
[2024-05-20T16:01:56.053+0000] {processor.py:183} INFO - Processing /home/airflow/.local/lib/python3.12/site-packages/airflow/example_dags/example_datasets.py took 0.102 seconds
[2024-05-20T16:02:26.667+0000] {processor.py:161} INFO - Started process (PID=358) to work on /home/airflow/.local/lib/python3.12/site-packages/airflow/example_dags/example_datasets.py
[2024-05-20T16:02:26.668+0000] {processor.py:830} INFO - Processing file /home/airflow/.local/lib/python3.12/site-packages/airflow/example_dags/example_datasets.py for tasks to queue
[2024-05-20T16:02:26.670+0000] {logging_mixin.py:188} INFO - [2024-05-20T16:02:26.669+0000] {dagbag.py:545} INFO - Filling up the DagBag from /home/airflow/.local/lib/python3.12/site-packages/airflow/example_dags/example_datasets.py
[2024-05-20T16:02:26.684+0000] {processor.py:840} INFO - DAG(s) 'dataset_consumes_1', 'consume_1_or_both_2_and_3_with_dataset_expressions', 'consume_1_or_2_with_dataset_expressions', 'dataset_produces_1', 'dataset_consumes_unknown_never_scheduled', 'dataset_consumes_1_never_scheduled', 'consume_1_and_2_with_dataset_expressions', 'dataset_consumes_1_and_2', 'conditional_dataset_and_time_based_timetable', 'dataset_produces_2' retrieved from /home/airflow/.local/lib/python3.12/site-packages/airflow/example_dags/example_datasets.py
[2024-05-20T16:02:26.727+0000] {logging_mixin.py:188} INFO - [2024-05-20T16:02:26.726+0000] {dag.py:3096} INFO - Sync 10 DAGs
[2024-05-20T16:02:26.747+0000] {logging_mixin.py:188} INFO - [2024-05-20T16:02:26.747+0000] {dag.py:3954} INFO - Setting next_dagrun for conditional_dataset_and_time_based_timetable to 2024-05-15 01:00:00+00:00, run_after=2024-05-15 01:00:00+00:00
[2024-05-20T16:02:26.751+0000] {logging_mixin.py:188} INFO - [2024-05-20T16:02:26.751+0000] {dag.py:3954} INFO - Setting next_dagrun for consume_1_and_2_with_dataset_expressions to None, run_after=None
[2024-05-20T16:02:26.752+0000] {logging_mixin.py:188} INFO - [2024-05-20T16:02:26.752+0000] {dag.py:3954} INFO - Setting next_dagrun for consume_1_or_2_with_dataset_expressions to None, run_after=None
[2024-05-20T16:02:26.753+0000] {logging_mixin.py:188} INFO - [2024-05-20T16:02:26.753+0000] {dag.py:3954} INFO - Setting next_dagrun for consume_1_or_both_2_and_3_with_dataset_expressions to None, run_after=None
[2024-05-20T16:02:26.754+0000] {logging_mixin.py:188} INFO - [2024-05-20T16:02:26.754+0000] {dag.py:3954} INFO - Setting next_dagrun for dataset_consumes_1 to None, run_after=None
[2024-05-20T16:02:26.755+0000] {logging_mixin.py:188} INFO - [2024-05-20T16:02:26.755+0000] {dag.py:3954} INFO - Setting next_dagrun for dataset_consumes_1_and_2 to None, run_after=None
[2024-05-20T16:02:26.756+0000] {logging_mixin.py:188} INFO - [2024-05-20T16:02:26.756+0000] {dag.py:3954} INFO - Setting next_dagrun for dataset_consumes_1_never_scheduled to None, run_after=None
[2024-05-20T16:02:26.757+0000] {logging_mixin.py:188} INFO - [2024-05-20T16:02:26.757+0000] {dag.py:3954} INFO - Setting next_dagrun for dataset_consumes_unknown_never_scheduled to None, run_after=None
[2024-05-20T16:02:26.759+0000] {logging_mixin.py:188} INFO - [2024-05-20T16:02:26.759+0000] {dag.py:3954} INFO - Setting next_dagrun for dataset_produces_1 to 2024-05-19 00:00:00+00:00, run_after=2024-05-20 00:00:00+00:00
[2024-05-20T16:02:26.760+0000] {logging_mixin.py:188} INFO - [2024-05-20T16:02:26.760+0000] {dag.py:3954} INFO - Setting next_dagrun for dataset_produces_2 to None, run_after=None
[2024-05-20T16:02:26.784+0000] {processor.py:183} INFO - Processing /home/airflow/.local/lib/python3.12/site-packages/airflow/example_dags/example_datasets.py took 0.122 seconds
[2024-05-20T16:02:56.985+0000] {processor.py:161} INFO - Started process (PID=418) to work on /home/airflow/.local/lib/python3.12/site-packages/airflow/example_dags/example_datasets.py
[2024-05-20T16:02:56.987+0000] {processor.py:830} INFO - Processing file /home/airflow/.local/lib/python3.12/site-packages/airflow/example_dags/example_datasets.py for tasks to queue
[2024-05-20T16:02:56.989+0000] {logging_mixin.py:188} INFO - [2024-05-20T16:02:56.988+0000] {dagbag.py:545} INFO - Filling up the DagBag from /home/airflow/.local/lib/python3.12/site-packages/airflow/example_dags/example_datasets.py
[2024-05-20T16:02:57.001+0000] {processor.py:840} INFO - DAG(s) 'consume_1_or_2_with_dataset_expressions', 'dataset_consumes_1_and_2', 'dataset_produces_1', 'dataset_produces_2', 'dataset_consumes_unknown_never_scheduled', 'conditional_dataset_and_time_based_timetable', 'dataset_consumes_1', 'dataset_consumes_1_never_scheduled', 'consume_1_and_2_with_dataset_expressions', 'consume_1_or_both_2_and_3_with_dataset_expressions' retrieved from /home/airflow/.local/lib/python3.12/site-packages/airflow/example_dags/example_datasets.py
[2024-05-20T16:02:57.039+0000] {logging_mixin.py:188} INFO - [2024-05-20T16:02:57.038+0000] {dag.py:3096} INFO - Sync 10 DAGs
[2024-05-20T16:02:57.060+0000] {logging_mixin.py:188} INFO - [2024-05-20T16:02:57.060+0000] {dag.py:3954} INFO - Setting next_dagrun for conditional_dataset_and_time_based_timetable to 2024-05-15 01:00:00+00:00, run_after=2024-05-15 01:00:00+00:00
[2024-05-20T16:02:57.063+0000] {logging_mixin.py:188} INFO - [2024-05-20T16:02:57.063+0000] {dag.py:3954} INFO - Setting next_dagrun for consume_1_and_2_with_dataset_expressions to None, run_after=None
[2024-05-20T16:02:57.065+0000] {logging_mixin.py:188} INFO - [2024-05-20T16:02:57.065+0000] {dag.py:3954} INFO - Setting next_dagrun for consume_1_or_2_with_dataset_expressions to None, run_after=None
[2024-05-20T16:02:57.066+0000] {logging_mixin.py:188} INFO - [2024-05-20T16:02:57.066+0000] {dag.py:3954} INFO - Setting next_dagrun for consume_1_or_both_2_and_3_with_dataset_expressions to None, run_after=None
[2024-05-20T16:02:57.067+0000] {logging_mixin.py:188} INFO - [2024-05-20T16:02:57.067+0000] {dag.py:3954} INFO - Setting next_dagrun for dataset_consumes_1 to None, run_after=None
[2024-05-20T16:02:57.068+0000] {logging_mixin.py:188} INFO - [2024-05-20T16:02:57.068+0000] {dag.py:3954} INFO - Setting next_dagrun for dataset_consumes_1_and_2 to None, run_after=None
[2024-05-20T16:02:57.069+0000] {logging_mixin.py:188} INFO - [2024-05-20T16:02:57.069+0000] {dag.py:3954} INFO - Setting next_dagrun for dataset_consumes_1_never_scheduled to None, run_after=None
[2024-05-20T16:02:57.070+0000] {logging_mixin.py:188} INFO - [2024-05-20T16:02:57.070+0000] {dag.py:3954} INFO - Setting next_dagrun for dataset_consumes_unknown_never_scheduled to None, run_after=None
[2024-05-20T16:02:57.072+0000] {logging_mixin.py:188} INFO - [2024-05-20T16:02:57.072+0000] {dag.py:3954} INFO - Setting next_dagrun for dataset_produces_1 to 2024-05-19 00:00:00+00:00, run_after=2024-05-20 00:00:00+00:00
[2024-05-20T16:02:57.073+0000] {logging_mixin.py:188} INFO - [2024-05-20T16:02:57.073+0000] {dag.py:3954} INFO - Setting next_dagrun for dataset_produces_2 to None, run_after=None
[2024-05-20T16:02:57.097+0000] {processor.py:183} INFO - Processing /home/airflow/.local/lib/python3.12/site-packages/airflow/example_dags/example_datasets.py took 0.117 seconds
[2024-05-20T16:03:27.488+0000] {processor.py:161} INFO - Started process (PID=480) to work on /home/airflow/.local/lib/python3.12/site-packages/airflow/example_dags/example_datasets.py
[2024-05-20T16:03:27.489+0000] {processor.py:830} INFO - Processing file /home/airflow/.local/lib/python3.12/site-packages/airflow/example_dags/example_datasets.py for tasks to queue
[2024-05-20T16:03:27.491+0000] {logging_mixin.py:188} INFO - [2024-05-20T16:03:27.491+0000] {dagbag.py:545} INFO - Filling up the DagBag from /home/airflow/.local/lib/python3.12/site-packages/airflow/example_dags/example_datasets.py
[2024-05-20T16:03:27.504+0000] {processor.py:840} INFO - DAG(s) 'conditional_dataset_and_time_based_timetable', 'dataset_produces_1', 'dataset_consumes_1', 'consume_1_and_2_with_dataset_expressions', 'consume_1_or_both_2_and_3_with_dataset_expressions', 'dataset_consumes_unknown_never_scheduled', 'dataset_produces_2', 'dataset_consumes_1_never_scheduled', 'consume_1_or_2_with_dataset_expressions', 'dataset_consumes_1_and_2' retrieved from /home/airflow/.local/lib/python3.12/site-packages/airflow/example_dags/example_datasets.py
[2024-05-20T16:03:27.539+0000] {logging_mixin.py:188} INFO - [2024-05-20T16:03:27.539+0000] {dag.py:3096} INFO - Sync 10 DAGs
[2024-05-20T16:03:27.568+0000] {logging_mixin.py:188} INFO - [2024-05-20T16:03:27.568+0000] {dag.py:3954} INFO - Setting next_dagrun for conditional_dataset_and_time_based_timetable to 2024-05-15 01:00:00+00:00, run_after=2024-05-15 01:00:00+00:00
[2024-05-20T16:03:27.575+0000] {logging_mixin.py:188} INFO - [2024-05-20T16:03:27.574+0000] {dag.py:3954} INFO - Setting next_dagrun for consume_1_and_2_with_dataset_expressions to None, run_after=None
[2024-05-20T16:03:27.576+0000] {logging_mixin.py:188} INFO - [2024-05-20T16:03:27.576+0000] {dag.py:3954} INFO - Setting next_dagrun for consume_1_or_2_with_dataset_expressions to None, run_after=None
[2024-05-20T16:03:27.579+0000] {logging_mixin.py:188} INFO - [2024-05-20T16:03:27.579+0000] {dag.py:3954} INFO - Setting next_dagrun for consume_1_or_both_2_and_3_with_dataset_expressions to None, run_after=None
[2024-05-20T16:03:27.582+0000] {logging_mixin.py:188} INFO - [2024-05-20T16:03:27.582+0000] {dag.py:3954} INFO - Setting next_dagrun for dataset_consumes_1 to None, run_after=None
[2024-05-20T16:03:27.585+0000] {logging_mixin.py:188} INFO - [2024-05-20T16:03:27.585+0000] {dag.py:3954} INFO - Setting next_dagrun for dataset_consumes_1_and_2 to None, run_after=None
[2024-05-20T16:03:27.588+0000] {logging_mixin.py:188} INFO - [2024-05-20T16:03:27.588+0000] {dag.py:3954} INFO - Setting next_dagrun for dataset_consumes_1_never_scheduled to None, run_after=None
[2024-05-20T16:03:27.590+0000] {logging_mixin.py:188} INFO - [2024-05-20T16:03:27.590+0000] {dag.py:3954} INFO - Setting next_dagrun for dataset_consumes_unknown_never_scheduled to None, run_after=None
[2024-05-20T16:03:27.595+0000] {logging_mixin.py:188} INFO - [2024-05-20T16:03:27.595+0000] {dag.py:3954} INFO - Setting next_dagrun for dataset_produces_1 to 2024-05-19 00:00:00+00:00, run_after=2024-05-20 00:00:00+00:00
[2024-05-20T16:03:27.598+0000] {logging_mixin.py:188} INFO - [2024-05-20T16:03:27.598+0000] {dag.py:3954} INFO - Setting next_dagrun for dataset_produces_2 to None, run_after=None
[2024-05-20T16:03:27.632+0000] {processor.py:183} INFO - Processing /home/airflow/.local/lib/python3.12/site-packages/airflow/example_dags/example_datasets.py took 0.149 seconds
