[2024-05-20T15:59:55.177+0000] {processor.py:161} INFO - Started process (PID=70) to work on /home/airflow/.local/lib/python3.12/site-packages/airflow/example_dags/example_task_group.py
[2024-05-20T15:59:55.178+0000] {processor.py:830} INFO - Processing file /home/airflow/.local/lib/python3.12/site-packages/airflow/example_dags/example_task_group.py for tasks to queue
[2024-05-20T15:59:55.180+0000] {logging_mixin.py:188} INFO - [2024-05-20T15:59:55.179+0000] {dagbag.py:545} INFO - Filling up the DagBag from /home/airflow/.local/lib/python3.12/site-packages/airflow/example_dags/example_task_group.py
[2024-05-20T15:59:55.187+0000] {processor.py:840} INFO - DAG(s) 'example_task_group' retrieved from /home/airflow/.local/lib/python3.12/site-packages/airflow/example_dags/example_task_group.py
[2024-05-20T15:59:55.197+0000] {logging_mixin.py:188} INFO - [2024-05-20T15:59:55.196+0000] {dag.py:3096} INFO - Sync 1 DAGs
[2024-05-20T15:59:55.215+0000] {logging_mixin.py:188} INFO - [2024-05-20T15:59:55.215+0000] {dag.py:3954} INFO - Setting next_dagrun for example_task_group to 2024-05-19 00:00:00+00:00, run_after=2024-05-20 00:00:00+00:00
[2024-05-20T15:59:55.230+0000] {processor.py:183} INFO - Processing /home/airflow/.local/lib/python3.12/site-packages/airflow/example_dags/example_task_group.py took 0.058 seconds
[2024-05-20T16:00:25.940+0000] {processor.py:161} INFO - Started process (PID=129) to work on /home/airflow/.local/lib/python3.12/site-packages/airflow/example_dags/example_task_group.py
[2024-05-20T16:00:25.941+0000] {processor.py:830} INFO - Processing file /home/airflow/.local/lib/python3.12/site-packages/airflow/example_dags/example_task_group.py for tasks to queue
[2024-05-20T16:00:25.943+0000] {logging_mixin.py:188} INFO - [2024-05-20T16:00:25.943+0000] {dagbag.py:545} INFO - Filling up the DagBag from /home/airflow/.local/lib/python3.12/site-packages/airflow/example_dags/example_task_group.py
[2024-05-20T16:00:25.954+0000] {processor.py:840} INFO - DAG(s) 'example_task_group' retrieved from /home/airflow/.local/lib/python3.12/site-packages/airflow/example_dags/example_task_group.py
[2024-05-20T16:00:26.065+0000] {logging_mixin.py:188} INFO - [2024-05-20T16:00:26.064+0000] {dag.py:3096} INFO - Sync 1 DAGs
[2024-05-20T16:00:26.091+0000] {logging_mixin.py:188} INFO - [2024-05-20T16:00:26.091+0000] {dag.py:3954} INFO - Setting next_dagrun for example_task_group to 2024-05-19 00:00:00+00:00, run_after=2024-05-20 00:00:00+00:00
[2024-05-20T16:00:26.120+0000] {processor.py:183} INFO - Processing /home/airflow/.local/lib/python3.12/site-packages/airflow/example_dags/example_task_group.py took 0.184 seconds
[2024-05-20T16:00:57.048+0000] {processor.py:161} INFO - Started process (PID=188) to work on /home/airflow/.local/lib/python3.12/site-packages/airflow/example_dags/example_task_group.py
[2024-05-20T16:00:57.049+0000] {processor.py:830} INFO - Processing file /home/airflow/.local/lib/python3.12/site-packages/airflow/example_dags/example_task_group.py for tasks to queue
[2024-05-20T16:00:57.051+0000] {logging_mixin.py:188} INFO - [2024-05-20T16:00:57.051+0000] {dagbag.py:545} INFO - Filling up the DagBag from /home/airflow/.local/lib/python3.12/site-packages/airflow/example_dags/example_task_group.py
[2024-05-20T16:00:57.057+0000] {processor.py:840} INFO - DAG(s) 'example_task_group' retrieved from /home/airflow/.local/lib/python3.12/site-packages/airflow/example_dags/example_task_group.py
[2024-05-20T16:00:57.075+0000] {logging_mixin.py:188} INFO - [2024-05-20T16:00:57.075+0000] {dag.py:3096} INFO - Sync 1 DAGs
[2024-05-20T16:00:57.093+0000] {logging_mixin.py:188} INFO - [2024-05-20T16:00:57.093+0000] {dag.py:3954} INFO - Setting next_dagrun for example_task_group to 2024-05-19 00:00:00+00:00, run_after=2024-05-20 00:00:00+00:00
[2024-05-20T16:00:57.108+0000] {processor.py:183} INFO - Processing /home/airflow/.local/lib/python3.12/site-packages/airflow/example_dags/example_task_group.py took 0.065 seconds
[2024-05-20T16:01:27.987+0000] {processor.py:161} INFO - Started process (PID=247) to work on /home/airflow/.local/lib/python3.12/site-packages/airflow/example_dags/example_task_group.py
[2024-05-20T16:01:27.987+0000] {processor.py:830} INFO - Processing file /home/airflow/.local/lib/python3.12/site-packages/airflow/example_dags/example_task_group.py for tasks to queue
[2024-05-20T16:01:27.989+0000] {logging_mixin.py:188} INFO - [2024-05-20T16:01:27.989+0000] {dagbag.py:545} INFO - Filling up the DagBag from /home/airflow/.local/lib/python3.12/site-packages/airflow/example_dags/example_task_group.py
[2024-05-20T16:01:27.995+0000] {processor.py:840} INFO - DAG(s) 'example_task_group' retrieved from /home/airflow/.local/lib/python3.12/site-packages/airflow/example_dags/example_task_group.py
[2024-05-20T16:01:28.009+0000] {logging_mixin.py:188} INFO - [2024-05-20T16:01:28.009+0000] {dag.py:3096} INFO - Sync 1 DAGs
[2024-05-20T16:01:28.025+0000] {logging_mixin.py:188} INFO - [2024-05-20T16:01:28.024+0000] {dag.py:3954} INFO - Setting next_dagrun for example_task_group to 2024-05-19 00:00:00+00:00, run_after=2024-05-20 00:00:00+00:00
[2024-05-20T16:01:28.038+0000] {processor.py:183} INFO - Processing /home/airflow/.local/lib/python3.12/site-packages/airflow/example_dags/example_task_group.py took 0.056 seconds
[2024-05-20T16:01:58.467+0000] {processor.py:161} INFO - Started process (PID=309) to work on /home/airflow/.local/lib/python3.12/site-packages/airflow/example_dags/example_task_group.py
[2024-05-20T16:01:58.468+0000] {processor.py:830} INFO - Processing file /home/airflow/.local/lib/python3.12/site-packages/airflow/example_dags/example_task_group.py for tasks to queue
[2024-05-20T16:01:58.470+0000] {logging_mixin.py:188} INFO - [2024-05-20T16:01:58.470+0000] {dagbag.py:545} INFO - Filling up the DagBag from /home/airflow/.local/lib/python3.12/site-packages/airflow/example_dags/example_task_group.py
[2024-05-20T16:01:58.478+0000] {processor.py:840} INFO - DAG(s) 'example_task_group' retrieved from /home/airflow/.local/lib/python3.12/site-packages/airflow/example_dags/example_task_group.py
[2024-05-20T16:01:58.502+0000] {logging_mixin.py:188} INFO - [2024-05-20T16:01:58.501+0000] {dag.py:3096} INFO - Sync 1 DAGs
[2024-05-20T16:01:58.527+0000] {logging_mixin.py:188} INFO - [2024-05-20T16:01:58.527+0000] {dag.py:3954} INFO - Setting next_dagrun for example_task_group to 2024-05-19 00:00:00+00:00, run_after=2024-05-20 00:00:00+00:00
[2024-05-20T16:01:58.545+0000] {processor.py:183} INFO - Processing /home/airflow/.local/lib/python3.12/site-packages/airflow/example_dags/example_task_group.py took 0.085 seconds
[2024-05-20T16:02:29.162+0000] {processor.py:161} INFO - Started process (PID=368) to work on /home/airflow/.local/lib/python3.12/site-packages/airflow/example_dags/example_task_group.py
[2024-05-20T16:02:29.163+0000] {processor.py:830} INFO - Processing file /home/airflow/.local/lib/python3.12/site-packages/airflow/example_dags/example_task_group.py for tasks to queue
[2024-05-20T16:02:29.165+0000] {logging_mixin.py:188} INFO - [2024-05-20T16:02:29.164+0000] {dagbag.py:545} INFO - Filling up the DagBag from /home/airflow/.local/lib/python3.12/site-packages/airflow/example_dags/example_task_group.py
[2024-05-20T16:02:29.171+0000] {processor.py:840} INFO - DAG(s) 'example_task_group' retrieved from /home/airflow/.local/lib/python3.12/site-packages/airflow/example_dags/example_task_group.py
[2024-05-20T16:02:29.186+0000] {logging_mixin.py:188} INFO - [2024-05-20T16:02:29.186+0000] {dag.py:3096} INFO - Sync 1 DAGs
[2024-05-20T16:02:29.202+0000] {logging_mixin.py:188} INFO - [2024-05-20T16:02:29.202+0000] {dag.py:3954} INFO - Setting next_dagrun for example_task_group to 2024-05-19 00:00:00+00:00, run_after=2024-05-20 00:00:00+00:00
[2024-05-20T16:02:29.217+0000] {processor.py:183} INFO - Processing /home/airflow/.local/lib/python3.12/site-packages/airflow/example_dags/example_task_group.py took 0.059 seconds
[2024-05-20T16:02:59.576+0000] {processor.py:161} INFO - Started process (PID=428) to work on /home/airflow/.local/lib/python3.12/site-packages/airflow/example_dags/example_task_group.py
[2024-05-20T16:02:59.577+0000] {processor.py:830} INFO - Processing file /home/airflow/.local/lib/python3.12/site-packages/airflow/example_dags/example_task_group.py for tasks to queue
[2024-05-20T16:02:59.579+0000] {logging_mixin.py:188} INFO - [2024-05-20T16:02:59.579+0000] {dagbag.py:545} INFO - Filling up the DagBag from /home/airflow/.local/lib/python3.12/site-packages/airflow/example_dags/example_task_group.py
[2024-05-20T16:02:59.584+0000] {processor.py:840} INFO - DAG(s) 'example_task_group' retrieved from /home/airflow/.local/lib/python3.12/site-packages/airflow/example_dags/example_task_group.py
[2024-05-20T16:02:59.600+0000] {logging_mixin.py:188} INFO - [2024-05-20T16:02:59.600+0000] {dag.py:3096} INFO - Sync 1 DAGs
[2024-05-20T16:02:59.616+0000] {logging_mixin.py:188} INFO - [2024-05-20T16:02:59.616+0000] {dag.py:3954} INFO - Setting next_dagrun for example_task_group to 2024-05-19 00:00:00+00:00, run_after=2024-05-20 00:00:00+00:00
[2024-05-20T16:02:59.630+0000] {processor.py:183} INFO - Processing /home/airflow/.local/lib/python3.12/site-packages/airflow/example_dags/example_task_group.py took 0.058 seconds
[2024-05-20T16:03:29.955+0000] {processor.py:161} INFO - Started process (PID=490) to work on /home/airflow/.local/lib/python3.12/site-packages/airflow/example_dags/example_task_group.py
[2024-05-20T16:03:29.956+0000] {processor.py:830} INFO - Processing file /home/airflow/.local/lib/python3.12/site-packages/airflow/example_dags/example_task_group.py for tasks to queue
[2024-05-20T16:03:29.957+0000] {logging_mixin.py:188} INFO - [2024-05-20T16:03:29.957+0000] {dagbag.py:545} INFO - Filling up the DagBag from /home/airflow/.local/lib/python3.12/site-packages/airflow/example_dags/example_task_group.py
[2024-05-20T16:03:29.964+0000] {processor.py:840} INFO - DAG(s) 'example_task_group' retrieved from /home/airflow/.local/lib/python3.12/site-packages/airflow/example_dags/example_task_group.py
[2024-05-20T16:03:29.992+0000] {logging_mixin.py:188} INFO - [2024-05-20T16:03:29.992+0000] {dag.py:3096} INFO - Sync 1 DAGs
[2024-05-20T16:03:30.009+0000] {logging_mixin.py:188} INFO - [2024-05-20T16:03:30.009+0000] {dag.py:3954} INFO - Setting next_dagrun for example_task_group to 2024-05-19 00:00:00+00:00, run_after=2024-05-20 00:00:00+00:00
[2024-05-20T16:03:30.024+0000] {processor.py:183} INFO - Processing /home/airflow/.local/lib/python3.12/site-packages/airflow/example_dags/example_task_group.py took 0.074 seconds
