[2024-05-20T15:59:55.656+0000] {processor.py:161} INFO - Started process (PID=80) to work on /home/airflow/.local/lib/python3.12/site-packages/airflow/example_dags/tutorial_taskflow_api.py
[2024-05-20T15:59:55.657+0000] {processor.py:830} INFO - Processing file /home/airflow/.local/lib/python3.12/site-packages/airflow/example_dags/tutorial_taskflow_api.py for tasks to queue
[2024-05-20T15:59:55.660+0000] {logging_mixin.py:188} INFO - [2024-05-20T15:59:55.659+0000] {dagbag.py:545} INFO - Filling up the DagBag from /home/airflow/.local/lib/python3.12/site-packages/airflow/example_dags/tutorial_taskflow_api.py
[2024-05-20T15:59:55.668+0000] {processor.py:840} INFO - DAG(s) 'tutorial_taskflow_api' retrieved from /home/airflow/.local/lib/python3.12/site-packages/airflow/example_dags/tutorial_taskflow_api.py
[2024-05-20T15:59:55.681+0000] {logging_mixin.py:188} INFO - [2024-05-20T15:59:55.681+0000] {dag.py:3096} INFO - Sync 1 DAGs
[2024-05-20T15:59:55.695+0000] {logging_mixin.py:188} INFO - [2024-05-20T15:59:55.695+0000] {dag.py:3954} INFO - Setting next_dagrun for tutorial_taskflow_api to None, run_after=None
[2024-05-20T15:59:55.713+0000] {processor.py:183} INFO - Processing /home/airflow/.local/lib/python3.12/site-packages/airflow/example_dags/tutorial_taskflow_api.py took 0.064 seconds
[2024-05-20T16:00:26.851+0000] {processor.py:161} INFO - Started process (PID=139) to work on /home/airflow/.local/lib/python3.12/site-packages/airflow/example_dags/tutorial_taskflow_api.py
[2024-05-20T16:00:26.852+0000] {processor.py:830} INFO - Processing file /home/airflow/.local/lib/python3.12/site-packages/airflow/example_dags/tutorial_taskflow_api.py for tasks to queue
[2024-05-20T16:00:26.853+0000] {logging_mixin.py:188} INFO - [2024-05-20T16:00:26.853+0000] {dagbag.py:545} INFO - Filling up the DagBag from /home/airflow/.local/lib/python3.12/site-packages/airflow/example_dags/tutorial_taskflow_api.py
[2024-05-20T16:00:26.859+0000] {processor.py:840} INFO - DAG(s) 'tutorial_taskflow_api' retrieved from /home/airflow/.local/lib/python3.12/site-packages/airflow/example_dags/tutorial_taskflow_api.py
[2024-05-20T16:00:26.936+0000] {logging_mixin.py:188} INFO - [2024-05-20T16:00:26.936+0000] {dag.py:3096} INFO - Sync 1 DAGs
[2024-05-20T16:00:26.944+0000] {logging_mixin.py:188} INFO - [2024-05-20T16:00:26.944+0000] {dag.py:3954} INFO - Setting next_dagrun for tutorial_taskflow_api to None, run_after=None
[2024-05-20T16:00:26.959+0000] {processor.py:183} INFO - Processing /home/airflow/.local/lib/python3.12/site-packages/airflow/example_dags/tutorial_taskflow_api.py took 0.114 seconds
[2024-05-20T16:00:57.616+0000] {processor.py:161} INFO - Started process (PID=198) to work on /home/airflow/.local/lib/python3.12/site-packages/airflow/example_dags/tutorial_taskflow_api.py
[2024-05-20T16:00:57.618+0000] {processor.py:830} INFO - Processing file /home/airflow/.local/lib/python3.12/site-packages/airflow/example_dags/tutorial_taskflow_api.py for tasks to queue
[2024-05-20T16:00:57.624+0000] {logging_mixin.py:188} INFO - [2024-05-20T16:00:57.623+0000] {dagbag.py:545} INFO - Filling up the DagBag from /home/airflow/.local/lib/python3.12/site-packages/airflow/example_dags/tutorial_taskflow_api.py
[2024-05-20T16:00:57.632+0000] {processor.py:840} INFO - DAG(s) 'tutorial_taskflow_api' retrieved from /home/airflow/.local/lib/python3.12/site-packages/airflow/example_dags/tutorial_taskflow_api.py
[2024-05-20T16:00:57.654+0000] {logging_mixin.py:188} INFO - [2024-05-20T16:00:57.654+0000] {dag.py:3096} INFO - Sync 1 DAGs
[2024-05-20T16:00:57.664+0000] {logging_mixin.py:188} INFO - [2024-05-20T16:00:57.663+0000] {dag.py:3954} INFO - Setting next_dagrun for tutorial_taskflow_api to None, run_after=None
[2024-05-20T16:00:57.677+0000] {processor.py:183} INFO - Processing /home/airflow/.local/lib/python3.12/site-packages/airflow/example_dags/tutorial_taskflow_api.py took 0.066 seconds
[2024-05-20T16:01:28.526+0000] {processor.py:161} INFO - Started process (PID=257) to work on /home/airflow/.local/lib/python3.12/site-packages/airflow/example_dags/tutorial_taskflow_api.py
[2024-05-20T16:01:28.527+0000] {processor.py:830} INFO - Processing file /home/airflow/.local/lib/python3.12/site-packages/airflow/example_dags/tutorial_taskflow_api.py for tasks to queue
[2024-05-20T16:01:28.529+0000] {logging_mixin.py:188} INFO - [2024-05-20T16:01:28.529+0000] {dagbag.py:545} INFO - Filling up the DagBag from /home/airflow/.local/lib/python3.12/site-packages/airflow/example_dags/tutorial_taskflow_api.py
[2024-05-20T16:01:28.535+0000] {processor.py:840} INFO - DAG(s) 'tutorial_taskflow_api' retrieved from /home/airflow/.local/lib/python3.12/site-packages/airflow/example_dags/tutorial_taskflow_api.py
[2024-05-20T16:01:28.549+0000] {logging_mixin.py:188} INFO - [2024-05-20T16:01:28.549+0000] {dag.py:3096} INFO - Sync 1 DAGs
[2024-05-20T16:01:28.558+0000] {logging_mixin.py:188} INFO - [2024-05-20T16:01:28.557+0000] {dag.py:3954} INFO - Setting next_dagrun for tutorial_taskflow_api to None, run_after=None
[2024-05-20T16:01:28.595+0000] {processor.py:183} INFO - Processing /home/airflow/.local/lib/python3.12/site-packages/airflow/example_dags/tutorial_taskflow_api.py took 0.074 seconds
[2024-05-20T16:01:59.099+0000] {processor.py:161} INFO - Started process (PID=319) to work on /home/airflow/.local/lib/python3.12/site-packages/airflow/example_dags/tutorial_taskflow_api.py
[2024-05-20T16:01:59.101+0000] {processor.py:830} INFO - Processing file /home/airflow/.local/lib/python3.12/site-packages/airflow/example_dags/tutorial_taskflow_api.py for tasks to queue
[2024-05-20T16:01:59.106+0000] {logging_mixin.py:188} INFO - [2024-05-20T16:01:59.106+0000] {dagbag.py:545} INFO - Filling up the DagBag from /home/airflow/.local/lib/python3.12/site-packages/airflow/example_dags/tutorial_taskflow_api.py
[2024-05-20T16:01:59.118+0000] {processor.py:840} INFO - DAG(s) 'tutorial_taskflow_api' retrieved from /home/airflow/.local/lib/python3.12/site-packages/airflow/example_dags/tutorial_taskflow_api.py
[2024-05-20T16:01:59.153+0000] {logging_mixin.py:188} INFO - [2024-05-20T16:01:59.152+0000] {dag.py:3096} INFO - Sync 1 DAGs
[2024-05-20T16:01:59.179+0000] {logging_mixin.py:188} INFO - [2024-05-20T16:01:59.179+0000] {dag.py:3954} INFO - Setting next_dagrun for tutorial_taskflow_api to None, run_after=None
[2024-05-20T16:01:59.207+0000] {processor.py:183} INFO - Processing /home/airflow/.local/lib/python3.12/site-packages/airflow/example_dags/tutorial_taskflow_api.py took 0.119 seconds
[2024-05-20T16:02:29.644+0000] {processor.py:161} INFO - Started process (PID=378) to work on /home/airflow/.local/lib/python3.12/site-packages/airflow/example_dags/tutorial_taskflow_api.py
[2024-05-20T16:02:29.645+0000] {processor.py:830} INFO - Processing file /home/airflow/.local/lib/python3.12/site-packages/airflow/example_dags/tutorial_taskflow_api.py for tasks to queue
[2024-05-20T16:02:29.647+0000] {logging_mixin.py:188} INFO - [2024-05-20T16:02:29.647+0000] {dagbag.py:545} INFO - Filling up the DagBag from /home/airflow/.local/lib/python3.12/site-packages/airflow/example_dags/tutorial_taskflow_api.py
[2024-05-20T16:02:29.652+0000] {processor.py:840} INFO - DAG(s) 'tutorial_taskflow_api' retrieved from /home/airflow/.local/lib/python3.12/site-packages/airflow/example_dags/tutorial_taskflow_api.py
[2024-05-20T16:02:29.669+0000] {logging_mixin.py:188} INFO - [2024-05-20T16:02:29.668+0000] {dag.py:3096} INFO - Sync 1 DAGs
[2024-05-20T16:02:29.678+0000] {logging_mixin.py:188} INFO - [2024-05-20T16:02:29.677+0000] {dag.py:3954} INFO - Setting next_dagrun for tutorial_taskflow_api to None, run_after=None
[2024-05-20T16:02:29.690+0000] {processor.py:183} INFO - Processing /home/airflow/.local/lib/python3.12/site-packages/airflow/example_dags/tutorial_taskflow_api.py took 0.050 seconds
[2024-05-20T16:03:00.127+0000] {processor.py:161} INFO - Started process (PID=438) to work on /home/airflow/.local/lib/python3.12/site-packages/airflow/example_dags/tutorial_taskflow_api.py
[2024-05-20T16:03:00.130+0000] {processor.py:830} INFO - Processing file /home/airflow/.local/lib/python3.12/site-packages/airflow/example_dags/tutorial_taskflow_api.py for tasks to queue
[2024-05-20T16:03:00.133+0000] {logging_mixin.py:188} INFO - [2024-05-20T16:03:00.132+0000] {dagbag.py:545} INFO - Filling up the DagBag from /home/airflow/.local/lib/python3.12/site-packages/airflow/example_dags/tutorial_taskflow_api.py
[2024-05-20T16:03:00.138+0000] {processor.py:840} INFO - DAG(s) 'tutorial_taskflow_api' retrieved from /home/airflow/.local/lib/python3.12/site-packages/airflow/example_dags/tutorial_taskflow_api.py
[2024-05-20T16:03:00.153+0000] {logging_mixin.py:188} INFO - [2024-05-20T16:03:00.152+0000] {dag.py:3096} INFO - Sync 1 DAGs
[2024-05-20T16:03:00.166+0000] {logging_mixin.py:188} INFO - [2024-05-20T16:03:00.165+0000] {dag.py:3954} INFO - Setting next_dagrun for tutorial_taskflow_api to None, run_after=None
[2024-05-20T16:03:00.191+0000] {processor.py:183} INFO - Processing /home/airflow/.local/lib/python3.12/site-packages/airflow/example_dags/tutorial_taskflow_api.py took 0.069 seconds
[2024-05-20T16:03:30.617+0000] {processor.py:161} INFO - Started process (PID=500) to work on /home/airflow/.local/lib/python3.12/site-packages/airflow/example_dags/tutorial_taskflow_api.py
[2024-05-20T16:03:30.618+0000] {processor.py:830} INFO - Processing file /home/airflow/.local/lib/python3.12/site-packages/airflow/example_dags/tutorial_taskflow_api.py for tasks to queue
[2024-05-20T16:03:30.620+0000] {logging_mixin.py:188} INFO - [2024-05-20T16:03:30.620+0000] {dagbag.py:545} INFO - Filling up the DagBag from /home/airflow/.local/lib/python3.12/site-packages/airflow/example_dags/tutorial_taskflow_api.py
[2024-05-20T16:03:30.626+0000] {processor.py:840} INFO - DAG(s) 'tutorial_taskflow_api' retrieved from /home/airflow/.local/lib/python3.12/site-packages/airflow/example_dags/tutorial_taskflow_api.py
[2024-05-20T16:03:30.641+0000] {logging_mixin.py:188} INFO - [2024-05-20T16:03:30.640+0000] {dag.py:3096} INFO - Sync 1 DAGs
[2024-05-20T16:03:30.650+0000] {logging_mixin.py:188} INFO - [2024-05-20T16:03:30.650+0000] {dag.py:3954} INFO - Setting next_dagrun for tutorial_taskflow_api to None, run_after=None
[2024-05-20T16:03:30.666+0000] {processor.py:183} INFO - Processing /home/airflow/.local/lib/python3.12/site-packages/airflow/example_dags/tutorial_taskflow_api.py took 0.053 seconds
