[2024-05-18T21:04:40.726+0000] {local_task_job_runner.py:120} INFO - ::group::Pre task execution logs
[2024-05-18T21:04:40.748+0000] {taskinstance.py:2076} INFO - Dependencies all met for dep_context=non-requeueable deps ti=<TaskInstance: data_loader.upload_file manual__2024-05-18T21:04:34.971585+00:00 [queued]>
[2024-05-18T21:04:40.759+0000] {taskinstance.py:2076} INFO - Dependencies all met for dep_context=requeueable deps ti=<TaskInstance: data_loader.upload_file manual__2024-05-18T21:04:34.971585+00:00 [queued]>
[2024-05-18T21:04:40.760+0000] {taskinstance.py:2306} INFO - Starting attempt 1 of 2
[2024-05-18T21:04:40.773+0000] {taskinstance.py:2330} INFO - Executing <Task(LocalFilesystemToGCSOperator): upload_file> on 2024-05-18 21:04:34.971585+00:00
[2024-05-18T21:04:40.779+0000] {warnings.py:110} WARNING - /home/***/.local/lib/python3.12/site-packages/***/task/task_runner/standard_task_runner.py:61: DeprecationWarning: This process (pid=70) is multi-threaded, use of fork() may lead to deadlocks in the child.
  pid = os.fork()

[2024-05-18T21:04:40.781+0000] {standard_task_runner.py:63} INFO - Started process 72 to run task
[2024-05-18T21:04:40.781+0000] {standard_task_runner.py:90} INFO - Running: ['***', 'tasks', 'run', 'data_loader', 'upload_file', 'manual__2024-05-18T21:04:34.971585+00:00', '--job-id', '372', '--raw', '--subdir', 'DAGS_FOLDER/data_loader.py', '--cfg-path', '/tmp/tmptyv0ugqy']
[2024-05-18T21:04:40.783+0000] {standard_task_runner.py:91} INFO - Job 372: Subtask upload_file
[2024-05-18T21:04:40.832+0000] {task_command.py:426} INFO - Running <TaskInstance: data_loader.upload_file manual__2024-05-18T21:04:34.971585+00:00 [running]> on host a464b827924a
[2024-05-18T21:04:40.918+0000] {taskinstance.py:2648} INFO - Exporting env vars: AIRFLOW_CTX_DAG_OWNER='***' AIRFLOW_CTX_DAG_ID='data_loader' AIRFLOW_CTX_TASK_ID='upload_file' AIRFLOW_CTX_EXECUTION_DATE='2024-05-18T21:04:34.971585+00:00' AIRFLOW_CTX_TRY_NUMBER='1' AIRFLOW_CTX_DAG_RUN_ID='manual__2024-05-18T21:04:34.971585+00:00'
[2024-05-18T21:04:40.921+0000] {taskinstance.py:430} INFO - ::endgroup::
[2024-05-18T21:04:40.934+0000] {connection.py:274} WARNING - Connection schemes (type: google_cloud_platform) shall not contain '_' according to RFC3986.
[2024-05-18T21:04:40.937+0000] {base.py:84} INFO - Using connection ID 'googlecloud' for task execution.
[2024-05-18T21:04:41.549+0000] {gcs.py:556} INFO - File ./data/data_example.txt uploaded to data.txt in bucket_de_hw_10_viktor_ostapenko bucket
[2024-05-18T21:04:41.550+0000] {taskinstance.py:441} INFO - ::group::Post task execution logs
[2024-05-18T21:04:41.560+0000] {taskinstance.py:1206} INFO - Marking task as SUCCESS. dag_id=data_loader, task_id=upload_file, run_id=manual__2024-05-18T21:04:34.971585+00:00, execution_date=20240518T210434, start_date=20240518T210440, end_date=20240518T210441
[2024-05-18T21:04:41.599+0000] {local_task_job_runner.py:240} INFO - Task exited with return code 0
[2024-05-18T21:04:41.627+0000] {taskinstance.py:3498} INFO - 0 downstream tasks scheduled from follow-on schedule check
[2024-05-18T21:04:41.640+0000] {local_task_job_runner.py:222} INFO - ::endgroup::
