[2024-05-18T19:16:08.443+0000] {local_task_job_runner.py:120} INFO - ::group::Pre task execution logs
[2024-05-18T19:16:08.461+0000] {taskinstance.py:2076} INFO - Dependencies all met for dep_context=non-requeueable deps ti=<TaskInstance: data_loader.hello_task scheduled__2023-03-24T01:00:00+00:00 [queued]>
[2024-05-18T19:16:08.468+0000] {taskinstance.py:2076} INFO - Dependencies all met for dep_context=requeueable deps ti=<TaskInstance: data_loader.hello_task scheduled__2023-03-24T01:00:00+00:00 [queued]>
[2024-05-18T19:16:08.469+0000] {taskinstance.py:2306} INFO - Starting attempt 1 of 2
[2024-05-18T19:16:08.478+0000] {taskinstance.py:2330} INFO - Executing <Task(PythonOperator): hello_task> on 2023-03-24 01:00:00+00:00
[2024-05-18T19:16:08.483+0000] {warnings.py:110} WARNING - /home/***/.local/lib/python3.12/site-packages/***/task/task_runner/standard_task_runner.py:61: DeprecationWarning: This process (pid=1076) is multi-threaded, use of fork() may lead to deadlocks in the child.
  pid = os.fork()

[2024-05-18T19:16:08.485+0000] {standard_task_runner.py:63} INFO - Started process 1078 to run task
[2024-05-18T19:16:08.485+0000] {standard_task_runner.py:90} INFO - Running: ['***', 'tasks', 'run', 'data_loader', 'hello_task', 'scheduled__2023-03-24T01:00:00+00:00', '--job-id', '241', '--raw', '--subdir', 'DAGS_FOLDER/data_loader.py', '--cfg-path', '/tmp/tmpgblsxlj8']
[2024-05-18T19:16:08.487+0000] {standard_task_runner.py:91} INFO - Job 241: Subtask hello_task
[2024-05-18T19:16:08.523+0000] {task_command.py:426} INFO - Running <TaskInstance: data_loader.hello_task scheduled__2023-03-24T01:00:00+00:00 [running]> on host b5cbc22da81e
[2024-05-18T19:16:08.588+0000] {taskinstance.py:2648} INFO - Exporting env vars: AIRFLOW_CTX_DAG_OWNER='***' AIRFLOW_CTX_DAG_ID='data_loader' AIRFLOW_CTX_TASK_ID='hello_task' AIRFLOW_CTX_EXECUTION_DATE='2023-03-24T01:00:00+00:00' AIRFLOW_CTX_TRY_NUMBER='1' AIRFLOW_CTX_DAG_RUN_ID='scheduled__2023-03-24T01:00:00+00:00'
[2024-05-18T19:16:08.590+0000] {taskinstance.py:430} INFO - ::endgroup::
[2024-05-18T19:16:08.591+0000] {logging_mixin.py:188} INFO - 2023-03-24/
[2024-05-18T19:16:08.591+0000] {python.py:237} INFO - Done. Returned value was: None
[2024-05-18T19:16:08.592+0000] {taskinstance.py:441} INFO - ::group::Post task execution logs
[2024-05-18T19:16:08.598+0000] {taskinstance.py:1206} INFO - Marking task as SUCCESS. dag_id=data_loader, task_id=hello_task, run_id=scheduled__2023-03-24T01:00:00+00:00, execution_date=20230324T010000, start_date=20240518T191608, end_date=20240518T191608
[2024-05-18T19:16:08.619+0000] {local_task_job_runner.py:240} INFO - Task exited with return code 0
[2024-05-18T19:16:08.635+0000] {taskinstance.py:3498} INFO - 0 downstream tasks scheduled from follow-on schedule check
[2024-05-18T19:16:08.638+0000] {local_task_job_runner.py:222} INFO - ::endgroup::
